#
# There is insufficient memory for the Java Runtime Environment to continue.
# Native memory allocation (malloc) failed to allocate 1223696 bytes for Chunk::new
# Possible reasons:
#   The system is out of physical RAM or swap space
#   The process is running with CompressedOops enabled, and the Java Heap may be blocking the growth of the native heap
# Possible solutions:
#   Reduce memory load on the system
#   Increase physical memory or swap space
#   Check if swap backing store is full
#   Decrease Java heap size (-Xmx/-Xms)
#   Decrease number of Java threads
#   Decrease Java thread stack sizes (-Xss)
#   Set larger code cache with -XX:ReservedCodeCacheSize=
#   JVM is running with Zero Based Compressed Oops mode in which the Java heap is
#     placed in the first 32GB address space. The Java Heap base address is the
#     maximum limit for the native heap growth. Please use -XX:HeapBaseMinAddress
#     to set the Java Heap base and to place the Java Heap above 32GB virtual address.
# This output file may be truncated or incomplete.
#
#  Out of Memory Error (arena.cpp:184), pid=24908, tid=14700
#
# JRE version: Java(TM) SE Runtime Environment (18.0.2.1+1) (build 18.0.2.1+1-1)
# Java VM: Java HotSpot(TM) 64-Bit Server VM (18.0.2.1+1-1, mixed mode, sharing, tiered, compressed oops, compressed class ptrs, g1 gc, windows-amd64)
# No core dump will be written. Minidumps are not enabled by default on client versions of Windows
#

---------------  S U M M A R Y ------------

Command Line: -Dclassworlds.conf=C:/OpenSource/apache-maven-3.9.6/bin/m2.conf -Dmaven.home=C:/OpenSource/apache-maven-3.9.6 -Dlibrary.jansi.path=C:/OpenSource/apache-maven-3.9.6/lib/jansi-native -Dmaven.multiModuleProjectDirectory=C:/Users/labsfiap/Documents/GitHub/eccomerce org.codehaus.plexus.classworlds.launcher.Launcher spring-boot:run -Dspring-boot.run.profiles=dev

Host: Intel(R) Core(TM) i7-4790 CPU @ 3.60GHz, 8 cores, 15G,  Windows 10 , 64 bit Build 19041 (10.0.19041.4597)
Time: Fri Sep 13 22:28:52 2024 Tocantins Standard Time elapsed time: 2.311708 seconds (0d 0h 0m 2s)

---------------  T H R E A D  ---------------

Current thread (0x000001f4a9b02260):  JavaThread "C2 CompilerThread0" daemon [_thread_in_native, id=14700, stack(0x0000001796b00000,0x0000001796c00000)]


Current CompileTask:
C2:   2311 4194       4       org.codehaus.plexus.interpolation.reflection.ReflectionValueExtractor::evaluate (242 bytes)

Stack: [0x0000001796b00000,0x0000001796c00000]
Native frames: (J=compiled Java code, j=interpreted, Vv=VM code, C=native code)
V  [jvm.dll+0x6993aa]
V  [jvm.dll+0x7f46dd]
V  [jvm.dll+0x7f5fee]
V  [jvm.dll+0x7f66a3]
V  [jvm.dll+0x25cf1f]
V  [jvm.dll+0xb8c2f]
V  [jvm.dll+0xb8fa5]
V  [jvm.dll+0x386091]
V  [jvm.dll+0x34fe71]
V  [jvm.dll+0x34f30a]
V  [jvm.dll+0x230101]
V  [jvm.dll+0x22f4d1]
V  [jvm.dll+0x1ba01c]
V  [jvm.dll+0x23ee0a]
V  [jvm.dll+0x23d0f5]
V  [jvm.dll+0x7a6dd1]
V  [jvm.dll+0x7a120a]
V  [jvm.dll+0x698255]
C  [ucrtbase.dll+0x21bb2]
C  [KERNEL32.DLL+0x17374]
C  [ntdll.dll+0x4cc91]


---------------  P R O C E S S  ---------------

Threads class SMR info:
_java_thread_list=0x000001f4ae5dceb0, length=14, elements={
0x000001f486d33070, 0x000001f4a9aeae90, 0x000001f4a9aebaf0, 0x000001f4a9afd030,
0x000001f4a9afd8e0, 0x000001f4a9afe890, 0x000001f4a9b01240, 0x000001f4a9b02260,
0x000001f4a9b06890, 0x000001f4a9b09df0, 0x000001f4addc7d30, 0x000001f4addf08b0,
0x000001f4adfc7670, 0x000001f4ae5ddc90
}

Java Threads: ( => current thread )
  0x000001f486d33070 JavaThread "main" [_thread_in_native, id=24932, stack(0x0000001795e00000,0x0000001795f00000)]
  0x000001f4a9aeae90 JavaThread "Reference Handler" daemon [_thread_blocked, id=25128, stack(0x0000001796500000,0x0000001796600000)]
  0x000001f4a9aebaf0 JavaThread "Finalizer" daemon [_thread_blocked, id=24792, stack(0x0000001796600000,0x0000001796700000)]
  0x000001f4a9afd030 JavaThread "Signal Dispatcher" daemon [_thread_blocked, id=24988, stack(0x0000001796700000,0x0000001796800000)]
  0x000001f4a9afd8e0 JavaThread "Attach Listener" daemon [_thread_blocked, id=25168, stack(0x0000001796800000,0x0000001796900000)]
  0x000001f4a9afe890 JavaThread "Service Thread" daemon [_thread_blocked, id=24980, stack(0x0000001796900000,0x0000001796a00000)]
  0x000001f4a9b01240 JavaThread "Monitor Deflation Thread" daemon [_thread_blocked, id=23780, stack(0x0000001796a00000,0x0000001796b00000)]
=>0x000001f4a9b02260 JavaThread "C2 CompilerThread0" daemon [_thread_in_native, id=14700, stack(0x0000001796b00000,0x0000001796c00000)]
  0x000001f4a9b06890 JavaThread "C1 CompilerThread0" daemon [_thread_blocked, id=19544, stack(0x0000001796c00000,0x0000001796d00000)]
  0x000001f4a9b09df0 JavaThread "Sweeper thread" daemon [_thread_blocked, id=25000, stack(0x0000001796d00000,0x0000001796e00000)]
  0x000001f4addc7d30 JavaThread "Notification Thread" daemon [_thread_blocked, id=24940, stack(0x0000001796e00000,0x0000001796f00000)]
  0x000001f4addf08b0 JavaThread "Common-Cleaner" daemon [_thread_blocked, id=24964, stack(0x0000001797000000,0x0000001797100000)]
  0x000001f4adfc7670 JavaThread "C2 CompilerThread1" daemon [_thread_in_native, id=24972, stack(0x0000001797100000,0x0000001797200000)]
  0x000001f4ae5ddc90 JavaThread "C2 CompilerThread2" daemon [_thread_in_native, id=25356, stack(0x0000001797200000,0x0000001797300000)]

Other Threads:
  0x000001f486dbdc40 VMThread "VM Thread" [stack: 0x0000001796400000,0x0000001796500000] [id=25172]
  0x000001f4added230 WatcherThread "VM Periodic Task Thread" [stack: 0x0000001796f00000,0x0000001797000000] [id=25064]
  0x000001f486da51c0 WorkerThread "GC Thread#0" [stack: 0x0000001795f00000,0x0000001796000000] [id=24852]
  0x000001f4ade117a0 WorkerThread "GC Thread#1" [stack: 0x0000001797300000,0x0000001797400000] [id=25292]
  0x000001f4aeae5390 WorkerThread "GC Thread#2" [stack: 0x0000001797400000,0x0000001797500000] [id=14404]
  0x000001f4aeae5630 WorkerThread "GC Thread#3" [stack: 0x0000001797500000,0x0000001797600000] [id=25288]
  0x000001f4ae544620 WorkerThread "GC Thread#4" [stack: 0x0000001797600000,0x0000001797700000] [id=24140]
  0x000001f4aebad550 WorkerThread "GC Thread#5" [stack: 0x0000001797700000,0x0000001797800000] [id=22968]
  0x000001f4ae545080 WorkerThread "GC Thread#6" [stack: 0x0000001797800000,0x0000001797900000] [id=24696]
  0x000001f4ae6e5480 WorkerThread "GC Thread#7" [stack: 0x0000001797900000,0x0000001797a00000] [id=24020]
  0x000001f486db5f80 ConcurrentGCThread "G1 Main Marker" [stack: 0x0000001796000000,0x0000001796100000] [id=24860]
  0x000001f486db7110 WorkerThread "G1 Conc#0" [stack: 0x0000001796100000,0x0000001796200000] [id=24752]
  0x000001f486dee470 ConcurrentGCThread "G1 Refine#0" [stack: 0x0000001796200000,0x0000001796300000] [id=24956]
  0x000001f4a999a150 ConcurrentGCThread "G1 Service" [stack: 0x0000001796300000,0x0000001796400000] [id=24856]

Threads with active compile tasks:
C2 CompilerThread0     2330 4194       4       org.codehaus.plexus.interpolation.reflection.ReflectionValueExtractor::evaluate (242 bytes)
C2 CompilerThread1     2331 4220       4       org.codehaus.plexus.util.xml.Xpp3DomBuilder::build (413 bytes)
C2 CompilerThread2     2331 4270       4       org.eclipse.aether.util.graph.transformer.ConflictResolver::gatherConflictItems (111 bytes)

VM state: not at safepoint (normal execution)

VM Mutex/Monitor currently owned by a thread: None

Heap address: 0x0000000701600000, size: 4074 MB, Compressed Oops mode: Zero based, Oop shift amount: 3

CDS archive(s) mapped at: [0x0000000800000000-0x0000000800ba0000-0x0000000800ba0000), size 12189696, SharedBaseAddress: 0x0000000800000000, ArchiveRelocationMode: 0.
Compressed class space mapped at: 0x0000000800c00000-0x0000000840c00000, reserved size: 1073741824
Narrow klass base: 0x0000000800000000, Narrow klass shift: 0, Narrow klass range: 0x100000000

GC Precious Log:
 CardTable entry size: 512
 Card Set container configuration: InlinePtr #cards 4 size 8 Array Of Cards #cards 16 size 48 Howl #buckets 8 coarsen threshold 3686 Howl Bitmap #cards 512 size 80 coarsen threshold 460 Card regions per heap region 1 cards per card region 4096
 CPUs: 8 total, 8 available
 Memory: 16289M
 Large Page Support: Disabled
 NUMA Support: Disabled
 Compressed Oops: Enabled (Zero based)
 Heap Region Size: 2M
 Heap Min Capacity: 8M
 Heap Initial Capacity: 256M
 Heap Max Capacity: 4074M
 Pre-touch: Disabled
 Parallel Workers: 8
 Concurrent Workers: 2
 Concurrent Refinement Workers: 8
 Periodic GC: Disabled

Heap:
 garbage-first heap   total 262144K, used 118258K [0x0000000701600000, 0x0000000800000000)
  region size 2048K, 57 young (116736K), 1 survivors (2048K)
 Metaspace       used 16277K, committed 16512K, reserved 1114112K
  class space    used 1813K, committed 1920K, reserved 1048576K

Heap Regions: E=young(eden), S=young(survivor), O=old, HS=humongous(starts), HC=humongous(continues), CS=collection set, F=free, OA=open archive, CA=closed archive, TAMS=top-at-mark-start (previous, next)
|   0|0x0000000701600000, 0x0000000701800000, 0x0000000701800000|100%| O|  |TAMS 0x0000000701600000, 0x0000000701600000| Untracked 
|   1|0x0000000701800000, 0x000000070198aa00, 0x0000000701a00000| 77%| O|  |TAMS 0x0000000701800000, 0x0000000701800000| Untracked 
|   2|0x0000000701a00000, 0x0000000701a00000, 0x0000000701c00000|  0%| F|  |TAMS 0x0000000701a00000, 0x0000000701a00000| Untracked 
|   3|0x0000000701c00000, 0x0000000701c00000, 0x0000000701e00000|  0%| F|  |TAMS 0x0000000701c00000, 0x0000000701c00000| Untracked 
|   4|0x0000000701e00000, 0x0000000701e00000, 0x0000000702000000|  0%| F|  |TAMS 0x0000000701e00000, 0x0000000701e00000| Untracked 
|   5|0x0000000702000000, 0x0000000702000000, 0x0000000702200000|  0%| F|  |TAMS 0x0000000702000000, 0x0000000702000000| Untracked 
|   6|0x0000000702200000, 0x0000000702200000, 0x0000000702400000|  0%| F|  |TAMS 0x0000000702200000, 0x0000000702200000| Untracked 
|   7|0x0000000702400000, 0x0000000702400000, 0x0000000702600000|  0%| F|  |TAMS 0x0000000702400000, 0x0000000702400000| Untracked 
|   8|0x0000000702600000, 0x0000000702600000, 0x0000000702800000|  0%| F|  |TAMS 0x0000000702600000, 0x0000000702600000| Untracked 
|   9|0x0000000702800000, 0x0000000702800000, 0x0000000702a00000|  0%| F|  |TAMS 0x0000000702800000, 0x0000000702800000| Untracked 
|  10|0x0000000702a00000, 0x0000000702a00000, 0x0000000702c00000|  0%| F|  |TAMS 0x0000000702a00000, 0x0000000702a00000| Untracked 
|  11|0x0000000702c00000, 0x0000000702c00000, 0x0000000702e00000|  0%| F|  |TAMS 0x0000000702c00000, 0x0000000702c00000| Untracked 
|  12|0x0000000702e00000, 0x0000000702e00000, 0x0000000703000000|  0%| F|  |TAMS 0x0000000702e00000, 0x0000000702e00000| Untracked 
|  13|0x0000000703000000, 0x0000000703000000, 0x0000000703200000|  0%| F|  |TAMS 0x0000000703000000, 0x0000000703000000| Untracked 
|  14|0x0000000703200000, 0x0000000703200000, 0x0000000703400000|  0%| F|  |TAMS 0x0000000703200000, 0x0000000703200000| Untracked 
|  15|0x0000000703400000, 0x0000000703400000, 0x0000000703600000|  0%| F|  |TAMS 0x0000000703400000, 0x0000000703400000| Untracked 
|  16|0x0000000703600000, 0x0000000703600000, 0x0000000703800000|  0%| F|  |TAMS 0x0000000703600000, 0x0000000703600000| Untracked 
|  17|0x0000000703800000, 0x0000000703800000, 0x0000000703a00000|  0%| F|  |TAMS 0x0000000703800000, 0x0000000703800000| Untracked 
|  18|0x0000000703a00000, 0x0000000703a00000, 0x0000000703c00000|  0%| F|  |TAMS 0x0000000703a00000, 0x0000000703a00000| Untracked 
|  19|0x0000000703c00000, 0x0000000703c00000, 0x0000000703e00000|  0%| F|  |TAMS 0x0000000703c00000, 0x0000000703c00000| Untracked 
|  20|0x0000000703e00000, 0x0000000703e00000, 0x0000000704000000|  0%| F|  |TAMS 0x0000000703e00000, 0x0000000703e00000| Untracked 
|  21|0x0000000704000000, 0x0000000704000000, 0x0000000704200000|  0%| F|  |TAMS 0x0000000704000000, 0x0000000704000000| Untracked 
|  22|0x0000000704200000, 0x0000000704200000, 0x0000000704400000|  0%| F|  |TAMS 0x0000000704200000, 0x0000000704200000| Untracked 
|  23|0x0000000704400000, 0x0000000704400000, 0x0000000704600000|  0%| F|  |TAMS 0x0000000704400000, 0x0000000704400000| Untracked 
|  24|0x0000000704600000, 0x0000000704600000, 0x0000000704800000|  0%| F|  |TAMS 0x0000000704600000, 0x0000000704600000| Untracked 
|  25|0x0000000704800000, 0x0000000704800000, 0x0000000704a00000|  0%| F|  |TAMS 0x0000000704800000, 0x0000000704800000| Untracked 
|  26|0x0000000704a00000, 0x0000000704a00000, 0x0000000704c00000|  0%| F|  |TAMS 0x0000000704a00000, 0x0000000704a00000| Untracked 
|  27|0x0000000704c00000, 0x0000000704c00000, 0x0000000704e00000|  0%| F|  |TAMS 0x0000000704c00000, 0x0000000704c00000| Untracked 
|  28|0x0000000704e00000, 0x0000000704e00000, 0x0000000705000000|  0%| F|  |TAMS 0x0000000704e00000, 0x0000000704e00000| Untracked 
|  29|0x0000000705000000, 0x0000000705000000, 0x0000000705200000|  0%| F|  |TAMS 0x0000000705000000, 0x0000000705000000| Untracked 
|  30|0x0000000705200000, 0x0000000705200000, 0x0000000705400000|  0%| F|  |TAMS 0x0000000705200000, 0x0000000705200000| Untracked 
|  31|0x0000000705400000, 0x0000000705400000, 0x0000000705600000|  0%| F|  |TAMS 0x0000000705400000, 0x0000000705400000| Untracked 
|  32|0x0000000705600000, 0x0000000705600000, 0x0000000705800000|  0%| F|  |TAMS 0x0000000705600000, 0x0000000705600000| Untracked 
|  33|0x0000000705800000, 0x0000000705800000, 0x0000000705a00000|  0%| F|  |TAMS 0x0000000705800000, 0x0000000705800000| Untracked 
|  34|0x0000000705a00000, 0x0000000705a00000, 0x0000000705c00000|  0%| F|  |TAMS 0x0000000705a00000, 0x0000000705a00000| Untracked 
|  35|0x0000000705c00000, 0x0000000705c00000, 0x0000000705e00000|  0%| F|  |TAMS 0x0000000705c00000, 0x0000000705c00000| Untracked 
|  36|0x0000000705e00000, 0x0000000705e00000, 0x0000000706000000|  0%| F|  |TAMS 0x0000000705e00000, 0x0000000705e00000| Untracked 
|  37|0x0000000706000000, 0x0000000706000000, 0x0000000706200000|  0%| F|  |TAMS 0x0000000706000000, 0x0000000706000000| Untracked 
|  38|0x0000000706200000, 0x0000000706200000, 0x0000000706400000|  0%| F|  |TAMS 0x0000000706200000, 0x0000000706200000| Untracked 
|  39|0x0000000706400000, 0x0000000706400000, 0x0000000706600000|  0%| F|  |TAMS 0x0000000706400000, 0x0000000706400000| Untracked 
|  40|0x0000000706600000, 0x0000000706600000, 0x0000000706800000|  0%| F|  |TAMS 0x0000000706600000, 0x0000000706600000| Untracked 
|  41|0x0000000706800000, 0x0000000706800000, 0x0000000706a00000|  0%| F|  |TAMS 0x0000000706800000, 0x0000000706800000| Untracked 
|  42|0x0000000706a00000, 0x0000000706a00000, 0x0000000706c00000|  0%| F|  |TAMS 0x0000000706a00000, 0x0000000706a00000| Untracked 
|  43|0x0000000706c00000, 0x0000000706c00000, 0x0000000706e00000|  0%| F|  |TAMS 0x0000000706c00000, 0x0000000706c00000| Untracked 
|  44|0x0000000706e00000, 0x0000000706e00000, 0x0000000707000000|  0%| F|  |TAMS 0x0000000706e00000, 0x0000000706e00000| Untracked 
|  45|0x0000000707000000, 0x0000000707000000, 0x0000000707200000|  0%| F|  |TAMS 0x0000000707000000, 0x0000000707000000| Untracked 
|  46|0x0000000707200000, 0x0000000707200000, 0x0000000707400000|  0%| F|  |TAMS 0x0000000707200000, 0x0000000707200000| Untracked 
|  47|0x0000000707400000, 0x0000000707400000, 0x0000000707600000|  0%| F|  |TAMS 0x0000000707400000, 0x0000000707400000| Untracked 
|  48|0x0000000707600000, 0x0000000707600000, 0x0000000707800000|  0%| F|  |TAMS 0x0000000707600000, 0x0000000707600000| Untracked 
|  49|0x0000000707800000, 0x0000000707800000, 0x0000000707a00000|  0%| F|  |TAMS 0x0000000707800000, 0x0000000707800000| Untracked 
|  50|0x0000000707a00000, 0x0000000707a00000, 0x0000000707c00000|  0%| F|  |TAMS 0x0000000707a00000, 0x0000000707a00000| Untracked 
|  51|0x0000000707c00000, 0x0000000707c00000, 0x0000000707e00000|  0%| F|  |TAMS 0x0000000707c00000, 0x0000000707c00000| Untracked 
|  52|0x0000000707e00000, 0x0000000707e00000, 0x0000000708000000|  0%| F|  |TAMS 0x0000000707e00000, 0x0000000707e00000| Untracked 
|  53|0x0000000708000000, 0x0000000708000000, 0x0000000708200000|  0%| F|  |TAMS 0x0000000708000000, 0x0000000708000000| Untracked 
|  54|0x0000000708200000, 0x0000000708200000, 0x0000000708400000|  0%| F|  |TAMS 0x0000000708200000, 0x0000000708200000| Untracked 
|  55|0x0000000708400000, 0x0000000708400000, 0x0000000708600000|  0%| F|  |TAMS 0x0000000708400000, 0x0000000708400000| Untracked 
|  56|0x0000000708600000, 0x0000000708600000, 0x0000000708800000|  0%| F|  |TAMS 0x0000000708600000, 0x0000000708600000| Untracked 
|  57|0x0000000708800000, 0x0000000708800000, 0x0000000708a00000|  0%| F|  |TAMS 0x0000000708800000, 0x0000000708800000| Untracked 
|  58|0x0000000708a00000, 0x0000000708a00000, 0x0000000708c00000|  0%| F|  |TAMS 0x0000000708a00000, 0x0000000708a00000| Untracked 
|  59|0x0000000708c00000, 0x0000000708c00000, 0x0000000708e00000|  0%| F|  |TAMS 0x0000000708c00000, 0x0000000708c00000| Untracked 
|  60|0x0000000708e00000, 0x0000000708e00000, 0x0000000709000000|  0%| F|  |TAMS 0x0000000708e00000, 0x0000000708e00000| Untracked 
|  61|0x0000000709000000, 0x0000000709000000, 0x0000000709200000|  0%| F|  |TAMS 0x0000000709000000, 0x0000000709000000| Untracked 
|  62|0x0000000709200000, 0x0000000709200000, 0x0000000709400000|  0%| F|  |TAMS 0x0000000709200000, 0x0000000709200000| Untracked 
|  63|0x0000000709400000, 0x0000000709400000, 0x0000000709600000|  0%| F|  |TAMS 0x0000000709400000, 0x0000000709400000| Untracked 
|  64|0x0000000709600000, 0x0000000709600000, 0x0000000709800000|  0%| F|  |TAMS 0x0000000709600000, 0x0000000709600000| Untracked 
|  65|0x0000000709800000, 0x0000000709800000, 0x0000000709a00000|  0%| F|  |TAMS 0x0000000709800000, 0x0000000709800000| Untracked 
|  66|0x0000000709a00000, 0x0000000709a00000, 0x0000000709c00000|  0%| F|  |TAMS 0x0000000709a00000, 0x0000000709a00000| Untracked 
|  67|0x0000000709c00000, 0x0000000709c00000, 0x0000000709e00000|  0%| F|  |TAMS 0x0000000709c00000, 0x0000000709c00000| Untracked 
|  68|0x0000000709e00000, 0x0000000709e00000, 0x000000070a000000|  0%| F|  |TAMS 0x0000000709e00000, 0x0000000709e00000| Untracked 
|  69|0x000000070a000000, 0x000000070a000000, 0x000000070a200000|  0%| F|  |TAMS 0x000000070a000000, 0x000000070a000000| Untracked 
|  70|0x000000070a200000, 0x000000070a200000, 0x000000070a400000|  0%| F|  |TAMS 0x000000070a200000, 0x000000070a200000| Untracked 
|  71|0x000000070a400000, 0x000000070a498d88, 0x000000070a600000| 29%| E|  |TAMS 0x000000070a400000, 0x000000070a400000| Complete 
|  72|0x000000070a600000, 0x000000070a800000, 0x000000070a800000|100%| E|CS|TAMS 0x000000070a600000, 0x000000070a600000| Complete 
|  73|0x000000070a800000, 0x000000070aa00000, 0x000000070aa00000|100%| E|CS|TAMS 0x000000070a800000, 0x000000070a800000| Complete 
|  74|0x000000070aa00000, 0x000000070ac00000, 0x000000070ac00000|100%| E|CS|TAMS 0x000000070aa00000, 0x000000070aa00000| Complete 
|  75|0x000000070ac00000, 0x000000070ae00000, 0x000000070ae00000|100%| E|CS|TAMS 0x000000070ac00000, 0x000000070ac00000| Complete 
|  76|0x000000070ae00000, 0x000000070b000000, 0x000000070b000000|100%| E|CS|TAMS 0x000000070ae00000, 0x000000070ae00000| Complete 
|  77|0x000000070b000000, 0x000000070b200000, 0x000000070b200000|100%| E|CS|TAMS 0x000000070b000000, 0x000000070b000000| Complete 
|  78|0x000000070b200000, 0x000000070b400000, 0x000000070b400000|100%| E|CS|TAMS 0x000000070b200000, 0x000000070b200000| Complete 
|  79|0x000000070b400000, 0x000000070b600000, 0x000000070b600000|100%| E|CS|TAMS 0x000000070b400000, 0x000000070b400000| Complete 
|  80|0x000000070b600000, 0x000000070b800000, 0x000000070b800000|100%| E|CS|TAMS 0x000000070b600000, 0x000000070b600000| Complete 
|  81|0x000000070b800000, 0x000000070ba00000, 0x000000070ba00000|100%| E|CS|TAMS 0x000000070b800000, 0x000000070b800000| Complete 
|  82|0x000000070ba00000, 0x000000070bc00000, 0x000000070bc00000|100%| E|CS|TAMS 0x000000070ba00000, 0x000000070ba00000| Complete 
|  83|0x000000070bc00000, 0x000000070be00000, 0x000000070be00000|100%| E|CS|TAMS 0x000000070bc00000, 0x000000070bc00000| Complete 
|  84|0x000000070be00000, 0x000000070c000000, 0x000000070c000000|100%| E|CS|TAMS 0x000000070be00000, 0x000000070be00000| Complete 
|  85|0x000000070c000000, 0x000000070c200000, 0x000000070c200000|100%| E|CS|TAMS 0x000000070c000000, 0x000000070c000000| Complete 
|  86|0x000000070c200000, 0x000000070c400000, 0x000000070c400000|100%| E|CS|TAMS 0x000000070c200000, 0x000000070c200000| Complete 
|  87|0x000000070c400000, 0x000000070c600000, 0x000000070c600000|100%| E|CS|TAMS 0x000000070c400000, 0x000000070c400000| Complete 
|  88|0x000000070c600000, 0x000000070c800000, 0x000000070c800000|100%| E|CS|TAMS 0x000000070c600000, 0x000000070c600000| Complete 
|  89|0x000000070c800000, 0x000000070ca00000, 0x000000070ca00000|100%| E|CS|TAMS 0x000000070c800000, 0x000000070c800000| Complete 
|  90|0x000000070ca00000, 0x000000070cc00000, 0x000000070cc00000|100%| E|CS|TAMS 0x000000070ca00000, 0x000000070ca00000| Complete 
|  91|0x000000070cc00000, 0x000000070ce00000, 0x000000070ce00000|100%| E|CS|TAMS 0x000000070cc00000, 0x000000070cc00000| Complete 
|  92|0x000000070ce00000, 0x000000070d000000, 0x000000070d000000|100%| E|CS|TAMS 0x000000070ce00000, 0x000000070ce00000| Complete 
|  93|0x000000070d000000, 0x000000070d200000, 0x000000070d200000|100%| E|CS|TAMS 0x000000070d000000, 0x000000070d000000| Complete 
|  94|0x000000070d200000, 0x000000070d400000, 0x000000070d400000|100%| E|CS|TAMS 0x000000070d200000, 0x000000070d200000| Complete 
|  95|0x000000070d400000, 0x000000070d600000, 0x000000070d600000|100%| E|CS|TAMS 0x000000070d400000, 0x000000070d400000| Complete 
|  96|0x000000070d600000, 0x000000070d800000, 0x000000070d800000|100%| E|CS|TAMS 0x000000070d600000, 0x000000070d600000| Complete 
|  97|0x000000070d800000, 0x000000070da00000, 0x000000070da00000|100%| E|CS|TAMS 0x000000070d800000, 0x000000070d800000| Complete 
|  98|0x000000070da00000, 0x000000070dc00000, 0x000000070dc00000|100%| E|CS|TAMS 0x000000070da00000, 0x000000070da00000| Complete 
|  99|0x000000070dc00000, 0x000000070de00000, 0x000000070de00000|100%| E|CS|TAMS 0x000000070dc00000, 0x000000070dc00000| Complete 
| 100|0x000000070de00000, 0x000000070e000000, 0x000000070e000000|100%| E|CS|TAMS 0x000000070de00000, 0x000000070de00000| Complete 
| 101|0x000000070e000000, 0x000000070e200000, 0x000000070e200000|100%| E|CS|TAMS 0x000000070e000000, 0x000000070e000000| Complete 
| 102|0x000000070e200000, 0x000000070e400000, 0x000000070e400000|100%| E|CS|TAMS 0x000000070e200000, 0x000000070e200000| Complete 
| 103|0x000000070e400000, 0x000000070e600000, 0x000000070e600000|100%| E|CS|TAMS 0x000000070e400000, 0x000000070e400000| Complete 
| 104|0x000000070e600000, 0x000000070e800000, 0x000000070e800000|100%| E|CS|TAMS 0x000000070e600000, 0x000000070e600000| Complete 
| 105|0x000000070e800000, 0x000000070ea00000, 0x000000070ea00000|100%| E|CS|TAMS 0x000000070e800000, 0x000000070e800000| Complete 
| 106|0x000000070ea00000, 0x000000070ec00000, 0x000000070ec00000|100%| E|CS|TAMS 0x000000070ea00000, 0x000000070ea00000| Complete 
| 107|0x000000070ec00000, 0x000000070ee00000, 0x000000070ee00000|100%| E|CS|TAMS 0x000000070ec00000, 0x000000070ec00000| Complete 
| 108|0x000000070ee00000, 0x000000070f000000, 0x000000070f000000|100%| E|CS|TAMS 0x000000070ee00000, 0x000000070ee00000| Complete 
| 109|0x000000070f000000, 0x000000070f200000, 0x000000070f200000|100%| E|CS|TAMS 0x000000070f000000, 0x000000070f000000| Complete 
| 110|0x000000070f200000, 0x000000070f400000, 0x000000070f400000|100%| E|CS|TAMS 0x000000070f200000, 0x000000070f200000| Complete 
| 111|0x000000070f400000, 0x000000070f5f21b0, 0x000000070f600000| 97%| S|CS|TAMS 0x000000070f400000, 0x000000070f400000| Complete 
| 112|0x000000070f600000, 0x000000070f800000, 0x000000070f800000|100%| E|CS|TAMS 0x000000070f600000, 0x000000070f600000| Complete 
| 113|0x000000070f800000, 0x000000070fa00000, 0x000000070fa00000|100%| E|CS|TAMS 0x000000070f800000, 0x000000070f800000| Complete 
| 114|0x000000070fa00000, 0x000000070fc00000, 0x000000070fc00000|100%| E|CS|TAMS 0x000000070fa00000, 0x000000070fa00000| Complete 
| 115|0x000000070fc00000, 0x000000070fe00000, 0x000000070fe00000|100%| E|CS|TAMS 0x000000070fc00000, 0x000000070fc00000| Complete 
| 116|0x000000070fe00000, 0x0000000710000000, 0x0000000710000000|100%| E|CS|TAMS 0x000000070fe00000, 0x000000070fe00000| Complete 
| 117|0x0000000710000000, 0x0000000710200000, 0x0000000710200000|100%| E|CS|TAMS 0x0000000710000000, 0x0000000710000000| Complete 
| 118|0x0000000710200000, 0x0000000710400000, 0x0000000710400000|100%| E|CS|TAMS 0x0000000710200000, 0x0000000710200000| Complete 
| 119|0x0000000710400000, 0x0000000710600000, 0x0000000710600000|100%| E|CS|TAMS 0x0000000710400000, 0x0000000710400000| Complete 
| 120|0x0000000710600000, 0x0000000710800000, 0x0000000710800000|100%| E|CS|TAMS 0x0000000710600000, 0x0000000710600000| Complete 
| 121|0x0000000710800000, 0x0000000710a00000, 0x0000000710a00000|100%| E|CS|TAMS 0x0000000710800000, 0x0000000710800000| Complete 
| 122|0x0000000710a00000, 0x0000000710c00000, 0x0000000710c00000|100%| E|CS|TAMS 0x0000000710a00000, 0x0000000710a00000| Complete 
| 123|0x0000000710c00000, 0x0000000710e00000, 0x0000000710e00000|100%| E|CS|TAMS 0x0000000710c00000, 0x0000000710c00000| Complete 
| 124|0x0000000710e00000, 0x0000000711000000, 0x0000000711000000|100%| E|CS|TAMS 0x0000000710e00000, 0x0000000710e00000| Complete 
| 125|0x0000000711000000, 0x0000000711200000, 0x0000000711200000|100%| E|CS|TAMS 0x0000000711000000, 0x0000000711000000| Complete 
| 126|0x0000000711200000, 0x0000000711400000, 0x0000000711400000|100%| E|CS|TAMS 0x0000000711200000, 0x0000000711200000| Complete 
| 127|0x0000000711400000, 0x0000000711600000, 0x0000000711600000|100%| E|CS|TAMS 0x0000000711400000, 0x0000000711400000| Complete 

Card table byte_map: [0x000001f49e190000,0x000001f49e990000] _byte_map_base: 0x000001f49a985000

Marking Bits (Prev, Next): (CMBitMap*) 0x000001f486da57c0, (CMBitMap*) 0x000001f486da5800
 Prev Bits: [0x000001f49f190000, 0x000001f4a3138000)
 Next Bits: [0x000001f4a3140000, 0x000001f4a70e8000)

Polling page: 0x000001f4864f0000

Metaspace:

Usage:
  Non-class:     14.13 MB used.
      Class:      1.77 MB used.
       Both:     15.90 MB used.

Virtual space:
  Non-class space:       64.00 MB reserved,      14.25 MB ( 22%) committed,  1 nodes.
      Class space:        1.00 GB reserved,       1.88 MB ( <1%) committed,  1 nodes.
             Both:        1.06 GB reserved,      16.12 MB (  1%) committed. 

Chunk freelists:
   Non-Class:  1.41 MB
       Class:  1.97 MB
        Both:  3.37 MB

MaxMetaspaceSize: unlimited
CompressedClassSpaceSize: 1.00 GB
Initial GC threshold: 21.00 MB
Current GC threshold: 21.00 MB
CDS: on
MetaspaceReclaimPolicy: balanced
 - commit_granule_bytes: 65536.
 - commit_granule_words: 8192.
 - virtual_space_node_default_size: 8388608.
 - enlarge_chunks_in_place: 1.
 - new_chunks_are_fully_committed: 0.
 - uncommit_free_chunks: 1.
 - use_allocation_guard: 0.


Internal statistics:

num_allocs_failed_limit: 0.
num_arena_births: 166.
num_arena_deaths: 0.
num_vsnodes_births: 2.
num_vsnodes_deaths: 0.
num_space_committed: 258.
num_space_uncommitted: 0.
num_chunks_returned_to_freelist: 0.
num_chunks_taken_from_freelist: 706.
num_chunk_merges: 0.
num_chunk_splits: 501.
num_chunks_enlarged: 414.
num_inconsistent_stats: 0.

CodeHeap 'non-profiled nmethods': size=120000Kb used=2078Kb max_used=2078Kb free=117921Kb
 bounds [0x000001f496130000, 0x000001f4963a0000, 0x000001f49d660000]
CodeHeap 'profiled nmethods': size=120000Kb used=9014Kb max_used=9014Kb free=110985Kb
 bounds [0x000001f48ec00000, 0x000001f48f4d0000, 0x000001f496130000]
CodeHeap 'non-nmethods': size=5760Kb used=1192Kb max_used=1243Kb free=4567Kb
 bounds [0x000001f48e660000, 0x000001f48e8d0000, 0x000001f48ec00000]
 total_blobs=4755 nmethods=4279 adapters=388
 compilation: enabled
              stopped_count=0, restarted_count=0
 full_count=0

Compilation events (20 events):
Event: 2.261 Thread 0x000001f4a9b06890 4274       3       java.util.IdentityHashMap::clear (39 bytes)
Event: 2.262 Thread 0x000001f4a9b06890 nmethod 4274 0x000001f48f4c6b90 code [0x000001f48f4c6d40, 0x000001f48f4c70b8]
Event: 2.262 Thread 0x000001f4a9b06890 4275       3       org.eclipse.aether.graph.DefaultDependencyNode::setRequestContext (15 bytes)
Event: 2.262 Thread 0x000001f4a9b06890 nmethod 4275 0x000001f48f4c7210 code [0x000001f48f4c73a0, 0x000001f48f4c7558]
Event: 2.262 Thread 0x000001f4ae5ddc90 nmethod 4269 0x000001f496337210 code [0x000001f4963373a0, 0x000001f496337698]
Event: 2.262 Thread 0x000001f4ae5ddc90 4270       4       org.eclipse.aether.util.graph.transformer.ConflictResolver::gatherConflictItems (111 bytes)
Event: 2.262 Thread 0x000001f4a9b06890 4276       3       org.fusesource.jansi.io.FastBufferedOutputStream::write (35 bytes)
Event: 2.262 Thread 0x000001f4a9b06890 nmethod 4276 0x000001f48f4c7610 code [0x000001f48f4c77c0, 0x000001f48f4c7ae8]
Event: 2.265 Thread 0x000001f4a9b06890 4277       1       org.eclipse.aether.graph.DefaultDependencyNode::getRequestContext (5 bytes)
Event: 2.265 Thread 0x000001f4a9b06890 nmethod 4277 0x000001f496337890 code [0x000001f496337a20, 0x000001f496337af8]
Event: 2.265 Thread 0x000001f4a9b06890 4278       3       org.eclipse.aether.util.graph.visitor.Stack::push (61 bytes)
Event: 2.265 Thread 0x000001f4a9b06890 nmethod 4278 0x000001f48f4c7c90 code [0x000001f48f4c7e60, 0x000001f48f4c8328]
Event: 2.265 Thread 0x000001f4a9b06890 4279       3       org.eclipse.aether.util.graph.visitor.Stack::pop (32 bytes)
Event: 2.266 Thread 0x000001f4a9b06890 nmethod 4279 0x000001f48f4c8490 code [0x000001f48f4c8640, 0x000001f48f4c88a8]
Event: 2.266 Thread 0x000001f4a9b06890 4280       3       java.util.TreeSet::add (22 bytes)
Event: 2.266 Thread 0x000001f4a9b06890 nmethod 4280 0x000001f48f4c8a10 code [0x000001f48f4c8bc0, 0x000001f48f4c8e08]
Event: 2.266 Thread 0x000001f4a9b06890 4281       3       org.slf4j.impl.MavenSimpleLoggerFactory::getLogger (57 bytes)
Event: 2.267 Thread 0x000001f4a9b06890 nmethod 4281 0x000001f48f4c8f10 code [0x000001f48f4c9100, 0x000001f48f4c97a8]
Event: 2.267 Thread 0x000001f4a9b06890 4282       3       java.lang.ThreadLocal$ThreadLocalMap::cleanSomeSlots (61 bytes)
Event: 2.267 Thread 0x000001f4a9b06890 nmethod 4282 0x000001f48f4c9990 code [0x000001f48f4c9b60, 0x000001f48f4ca098]

GC Heap History (4 events):
Event: 0.453 GC heap before
{Heap before GC invocations=0 (full 0):
 garbage-first heap   total 262144K, used 22528K [0x0000000701600000, 0x0000000800000000)
  region size 2048K, 11 young (22528K), 0 survivors (0K)
 Metaspace       used 5600K, committed 5824K, reserved 1114112K
  class space    used 649K, committed 768K, reserved 1048576K
}
Event: 0.457 GC heap after
{Heap after GC invocations=1 (full 0):
 garbage-first heap   total 262144K, used 3943K [0x0000000701600000, 0x0000000800000000)
  region size 2048K, 2 young (4096K), 2 survivors (4096K)
 Metaspace       used 5600K, committed 5824K, reserved 1114112K
  class space    used 649K, committed 768K, reserved 1048576K
}
Event: 0.860 GC heap before
{Heap before GC invocations=1 (full 0):
 garbage-first heap   total 262144K, used 32615K [0x0000000701600000, 0x0000000800000000)
  region size 2048K, 16 young (32768K), 2 survivors (4096K)
 Metaspace       used 9759K, committed 9920K, reserved 1114112K
  class space    used 1152K, committed 1216K, reserved 1048576K
}
Event: 0.864 GC heap after
{Heap after GC invocations=2 (full 0):
 garbage-first heap   total 262144K, used 5618K [0x0000000701600000, 0x0000000800000000)
  region size 2048K, 1 young (2048K), 1 survivors (2048K)
 Metaspace       used 9759K, committed 9920K, reserved 1114112K
  class space    used 1152K, committed 1216K, reserved 1048576K
}

Deoptimization events (20 events):
Event: 2.138 Thread 0x000001f486d33070 DEOPT PACKING pc=0x000001f49631b644 sp=0x0000001795efc950
Event: 2.138 Thread 0x000001f486d33070 DEOPT UNPACKING pc=0x000001f48e6b23a3 sp=0x0000001795efc8f0 mode 2
Event: 2.138 Thread 0x000001f486d33070 Uncommon trap: trap_request=0xffffffbe fr.pc=0x000001f49631b644 relative=0x0000000000000324
Event: 2.138 Thread 0x000001f486d33070 Uncommon trap: reason=profile_predicate action=maybe_recompile pc=0x000001f49631b644 method=java.util.regex.Pattern$Slice.match(Ljava/util/regex/Matcher;ILjava/lang/CharSequence;)Z @ 18 c2
Event: 2.138 Thread 0x000001f486d33070 DEOPT PACKING pc=0x000001f49631b644 sp=0x0000001795efc950
Event: 2.138 Thread 0x000001f486d33070 DEOPT UNPACKING pc=0x000001f48e6b23a3 sp=0x0000001795efc8f0 mode 2
Event: 2.252 Thread 0x000001f486d33070 Uncommon trap: trap_request=0xffffff45 fr.pc=0x000001f4962c2b20 relative=0x0000000000000280
Event: 2.252 Thread 0x000001f486d33070 Uncommon trap: reason=unstable_if action=reinterpret pc=0x000001f4962c2b20 method=java.util.HashMap.getNode(Ljava/lang/Object;)Ljava/util/HashMap$Node; @ 57 c2
Event: 2.252 Thread 0x000001f486d33070 DEOPT PACKING pc=0x000001f4962c2b20 sp=0x0000001795efd880
Event: 2.252 Thread 0x000001f486d33070 DEOPT UNPACKING pc=0x000001f48e6b23a3 sp=0x0000001795efd790 mode 2
Event: 2.252 Thread 0x000001f486d33070 Uncommon trap: trap_request=0xffffff45 fr.pc=0x000001f4962c1d18 relative=0x0000000000000278
Event: 2.252 Thread 0x000001f486d33070 Uncommon trap: reason=unstable_if action=reinterpret pc=0x000001f4962c1d18 method=java.util.HashMap.getNode(Ljava/lang/Object;)Ljava/util/HashMap$Node; @ 57 c2
Event: 2.252 Thread 0x000001f486d33070 DEOPT PACKING pc=0x000001f4962c1d18 sp=0x0000001795efd810
Event: 2.252 Thread 0x000001f486d33070 DEOPT UNPACKING pc=0x000001f48e6b23a3 sp=0x0000001795efd790 mode 2
Event: 2.252 Thread 0x000001f486d33070 Uncommon trap: trap_request=0xffffff45 fr.pc=0x000001f4961d1918 relative=0x0000000000000098
Event: 2.252 Thread 0x000001f486d33070 Uncommon trap: reason=unstable_if action=reinterpret pc=0x000001f4961d1918 method=java.util.HashMap.hash(Ljava/lang/Object;)I @ 1 c2
Event: 2.252 Thread 0x000001f486d33070 DEOPT PACKING pc=0x000001f4961d1918 sp=0x0000001795efd780
Event: 2.252 Thread 0x000001f486d33070 DEOPT UNPACKING pc=0x000001f48e6b23a3 sp=0x0000001795efd718 mode 2
Event: 2.292 Thread 0x000001f486d33070 DEOPT PACKING pc=0x000001f48eca550b sp=0x0000001795efd620
Event: 2.292 Thread 0x000001f486d33070 DEOPT UNPACKING pc=0x000001f48e6b2b43 sp=0x0000001795efcb00 mode 0

Classes loaded (20 events):
Event: 1.325 Loading class java/math/BigDecimal
Event: 1.325 Loading class java/math/BigDecimal done
Event: 1.325 Loading class java/lang/Short$ShortCache
Event: 1.325 Loading class java/lang/Short$ShortCache done
Event: 1.325 Loading class java/lang/Byte$ByteCache
Event: 1.325 Loading class java/lang/Byte$ByteCache done
Event: 1.559 Loading class java/util/stream/MatchOps$MatchKind
Event: 1.559 Loading class java/util/stream/MatchOps$MatchKind done
Event: 1.559 Loading class java/util/stream/MatchOps
Event: 1.559 Loading class java/util/stream/MatchOps done
Event: 1.559 Loading class java/util/stream/MatchOps$MatchOp
Event: 1.559 Loading class java/util/stream/MatchOps$MatchOp done
Event: 1.559 Loading class java/util/stream/MatchOps$BooleanTerminalSink
Event: 1.559 Loading class java/util/stream/MatchOps$BooleanTerminalSink done
Event: 1.559 Loading class java/util/stream/MatchOps$1MatchSink
Event: 1.560 Loading class java/util/stream/MatchOps$1MatchSink done
Event: 1.578 Loading class java/util/LinkedList$LLSpliterator
Event: 1.578 Loading class java/util/LinkedList$LLSpliterator done
Event: 1.855 Loading class sun/nio/cs/ISO_8859_1$Decoder
Event: 1.855 Loading class sun/nio/cs/ISO_8859_1$Decoder done

Classes unloaded (0 events):
No events

Classes redefined (0 events):
No events

Internal exceptions (20 events):
Event: 0.939 Thread 0x000001f486d33070 Exception <a 'java/lang/NoSuchMethodError'{0x00000007110f93c0}: 'long java.lang.invoke.DirectMethodHandle$Holder.invokeStatic(java.lang.Object, java.lang.Object, int)'> (0x00000007110f93c0) 
thrown [s\open\src\hotspot\share\interpreter\linkResolver.cpp, line 759]
Event: 0.940 Thread 0x000001f486d33070 Exception <a 'java/lang/NoSuchMethodError'{0x000000071110f8b0}: 'java.lang.Object java.lang.invoke.DirectMethodHandle$Holder.invokeStatic(java.lang.Object, java.lang.Object, java.lang.Object, java.lang.Object, int)'> (0x000000071110f8b0) 
thrown [s\open\src\hotspot\share\interpreter\linkResolver.cpp, line 759]
Event: 0.941 Thread 0x000001f486d33070 Exception <a 'java/lang/NoSuchMethodError'{0x0000000711118270}: 'java.lang.Object java.lang.invoke.DirectMethodHandle$Holder.invokeSpecial(java.lang.Object, java.lang.Object, java.lang.Object, java.lang.Object, long)'> (0x0000000711118270) 
thrown [s\open\src\hotspot\share\interpreter\linkResolver.cpp, line 759]
Event: 0.942 Thread 0x000001f486d33070 Exception <a 'java/lang/NoSuchMethodError'{0x0000000711124698}: 'java.lang.Object java.lang.invoke.DirectMethodHandle$Holder.invokeSpecial(java.lang.Object, java.lang.Object, java.lang.Object, int, java.lang.Object)'> (0x0000000711124698) 
thrown [s\open\src\hotspot\share\interpreter\linkResolver.cpp, line 759]
Event: 0.942 Thread 0x000001f486d33070 Exception <a 'java/lang/NoSuchMethodError'{0x000000071112ce40}: 'int java.lang.invoke.DirectMethodHandle$Holder.invokeSpecial(java.lang.Object, java.lang.Object, java.lang.Object, int)'> (0x000000071112ce40) 
thrown [s\open\src\hotspot\share\interpreter\linkResolver.cpp, line 759]
Event: 0.944 Thread 0x000001f486d33070 Implicit null exception at 0x000001f4961abe2f to 0x000001f4961abf90
Event: 0.946 Thread 0x000001f486d33070 Exception <a 'java/lang/NoSuchMethodError'{0x00000007111533e8}: 'java.lang.Object java.lang.invoke.Invokers$Holder.invokeExact_MT(java.lang.Object, int, java.lang.Object)'> (0x00000007111533e8) 
thrown [s\open\src\hotspot\share\interpreter\linkResolver.cpp, line 759]
Event: 0.953 Thread 0x000001f486d33070 Exception <a 'java/lang/NoSuchMethodError'{0x00000007111bcbf0}: 'void java.lang.invoke.DirectMethodHandle$Holder.invokeStatic(java.lang.Object, java.lang.Object)'> (0x00000007111bcbf0) 
thrown [s\open\src\hotspot\share\interpreter\linkResolver.cpp, line 759]
Event: 1.100 Thread 0x000001f486d33070 Exception <a 'java/lang/NoSuchMethodError'{0x00000007109366d8}: 'void java.lang.invoke.Invokers$Holder.invokeExact_MT(java.lang.Object, java.lang.Object, java.lang.Object, java.lang.Object)'> (0x00000007109366d8) 
thrown [s\open\src\hotspot\share\interpreter\linkResolver.cpp, line 759]
Event: 1.113 Thread 0x000001f486d33070 Exception <a 'java/lang/NoClassDefFoundError'{0x00000007109c2ce8}: com/google/inject/servlet/ServletModuleTargetVisitor> (0x00000007109c2ce8) 
thrown [s\open\src\hotspot\share\classfile\systemDictionary.cpp, line 244]
Event: 1.157 Thread 0x000001f486d33070 Exception <a 'java/lang/NoSuchMethodError'{0x0000000710785920}: 'void java.lang.invoke.DirectMethodHandle$Holder.invokeVirtual(java.lang.Object, java.lang.Object)'> (0x0000000710785920) 
thrown [s\open\src\hotspot\share\interpreter\linkResolver.cpp, line 759]
Event: 1.171 Thread 0x000001f486d33070 Exception <a 'java/lang/NoSuchMethodError'{0x0000000710402528}: 'java.lang.Object java.lang.invoke.DirectMethodHandle$Holder.invokeStaticInit(java.lang.Object, int, int, int, int)'> (0x0000000710402528) 
thrown [s\open\src\hotspot\share\interpreter\linkResolver.cpp, line 759]
Event: 1.253 Thread 0x000001f486d33070 Implicit null exception at 0x000001f4961f93d2 to 0x000001f4961f98e4
Event: 1.253 Thread 0x000001f486d33070 Implicit null exception at 0x000001f49616c4d2 to 0x000001f49616c9dc
Event: 1.332 Thread 0x000001f486d33070 Exception <a 'java/lang/NoSuchMethodError'{0x000000070ffe5540}: 'void java.lang.invoke.DirectMethodHandle$Holder.invokeVirtual(java.lang.Object, java.lang.Object, int)'> (0x000000070ffe5540) 
thrown [s\open\src\hotspot\share\interpreter\linkResolver.cpp, line 759]
Event: 1.333 Thread 0x000001f486d33070 Exception <a 'java/lang/NoSuchMethodError'{0x000000070ffeca48}: 'void java.lang.invoke.DelegatingMethodHandle$Holder.reinvoke_L(java.lang.Object, java.lang.Object, int)'> (0x000000070ffeca48) 
thrown [s\open\src\hotspot\share\interpreter\linkResolver.cpp, line 759]
Event: 1.612 Thread 0x000001f486d33070 Implicit null exception at 0x000001f49623a512 to 0x000001f49623b4e8
Event: 1.612 Thread 0x000001f486d33070 Implicit null exception at 0x000001f4961ddaed to 0x000001f4961ddcc4
Event: 1.612 Thread 0x000001f486d33070 Implicit null exception at 0x000001f49625bf1b to 0x000001f49625c65c
Event: 2.252 Thread 0x000001f486d33070 Implicit null exception at 0x000001f4961d188f to 0x000001f4961d1909

VM Operations (20 events):
Event: 1.164 Executing VM operation: HandshakeAllThreads
Event: 1.164 Executing VM operation: HandshakeAllThreads done
Event: 1.180 Executing VM operation: HandshakeAllThreads
Event: 1.180 Executing VM operation: HandshakeAllThreads done
Event: 1.203 Executing VM operation: HandshakeAllThreads
Event: 1.203 Executing VM operation: HandshakeAllThreads done
Event: 1.233 Executing VM operation: HandshakeAllThreads
Event: 1.233 Executing VM operation: HandshakeAllThreads done
Event: 1.332 Executing VM operation: ICBufferFull
Event: 1.332 Executing VM operation: ICBufferFull done
Event: 1.555 Executing VM operation: ICBufferFull
Event: 1.555 Executing VM operation: ICBufferFull done
Event: 1.612 Executing VM operation: HandshakeAllThreads
Event: 1.612 Executing VM operation: HandshakeAllThreads done
Event: 1.640 Executing VM operation: HandshakeAllThreads
Event: 1.640 Executing VM operation: HandshakeAllThreads done
Event: 1.664 Executing VM operation: ICBufferFull
Event: 1.664 Executing VM operation: ICBufferFull done
Event: 2.005 Executing VM operation: ICBufferFull
Event: 2.005 Executing VM operation: ICBufferFull done

Events (20 events):
Event: 0.012 Thread 0x000001f486d33070 Thread added: 0x000001f486d33070
Event: 0.014 Thread 0x000001f4a9aeae90 Thread added: 0x000001f4a9aeae90
Event: 0.014 Thread 0x000001f4a9aebaf0 Thread added: 0x000001f4a9aebaf0
Event: 0.023 Thread 0x000001f4a9afd030 Thread added: 0x000001f4a9afd030
Event: 0.023 Thread 0x000001f4a9afd8e0 Thread added: 0x000001f4a9afd8e0
Event: 0.023 Thread 0x000001f4a9afe890 Thread added: 0x000001f4a9afe890
Event: 0.023 Thread 0x000001f4a9b01240 Thread added: 0x000001f4a9b01240
Event: 0.023 Thread 0x000001f4a9b02260 Thread added: 0x000001f4a9b02260
Event: 0.023 Thread 0x000001f4a9b06890 Thread added: 0x000001f4a9b06890
Event: 0.023 Thread 0x000001f4a9b09df0 Thread added: 0x000001f4a9b09df0
Event: 0.035 Thread 0x000001f4addc7d30 Thread added: 0x000001f4addc7d30
Event: 0.037 Thread 0x000001f4addf08b0 Thread added: 0x000001f4addf08b0
Event: 0.040 Loaded shared library C:\Program Files\Java\jdk-18.0.2.1\bin\net.dll
Event: 0.042 Loaded shared library C:\Program Files\Java\jdk-18.0.2.1\bin\nio.dll
Event: 0.044 Loaded shared library C:\Program Files\Java\jdk-18.0.2.1\bin\zip.dll
Event: 0.102 Thread 0x000001f4adfc7670 Thread added: 0x000001f4adfc7670
Event: 0.123 Loaded shared library C:\Program Files\Java\jdk-18.0.2.1\bin\jimage.dll
Event: 0.129 Loaded shared library C:\OpenSource\apache-maven-3.9.6\lib\jansi-native\Windows\x86_64\jansi.dll
Event: 0.139 Loaded shared library C:\Program Files\Java\jdk-18.0.2.1\bin\verify.dll
Event: 0.426 Thread 0x000001f4ae5ddc90 Thread added: 0x000001f4ae5ddc90


Dynamic libraries:
0x00007ff6b8000000 - 0x00007ff6b8010000 	C:\Program Files\Java\jdk-18.0.2.1\bin\java.exe
0x00007ffbcf0d0000 - 0x00007ffbcf2c8000 	C:\windows\SYSTEM32\ntdll.dll
0x00007ffbcd0d0000 - 0x00007ffbcd191000 	C:\windows\System32\KERNEL32.DLL
0x00007ffbccc00000 - 0x00007ffbccef6000 	C:\windows\System32\KERNELBASE.dll
0x00007ffbccf00000 - 0x00007ffbcd000000 	C:\windows\System32\ucrtbase.dll
0x00007ffbbf450000 - 0x00007ffbbf468000 	C:\Program Files\Java\jdk-18.0.2.1\bin\jli.dll
0x00007ffba6990000 - 0x00007ffba69aa000 	C:\Program Files\Java\jdk-18.0.2.1\bin\VCRUNTIME140.dll
0x00007ffbce4d0000 - 0x00007ffbce580000 	C:\windows\System32\ADVAPI32.dll
0x00007ffbcda00000 - 0x00007ffbcda9e000 	C:\windows\System32\msvcrt.dll
0x00007ffbce640000 - 0x00007ffbce6e0000 	C:\windows\System32\sechost.dll
0x00007ffbcd8d0000 - 0x00007ffbcd9f3000 	C:\windows\System32\RPCRT4.dll
0x00007ffbcd000000 - 0x00007ffbcd027000 	C:\windows\System32\bcrypt.dll
0x00007ffbce6e0000 - 0x00007ffbce87f000 	C:\windows\System32\USER32.dll
0x00007ffbbb420000 - 0x00007ffbbb6ba000 	C:\windows\WinSxS\amd64_microsoft.windows.common-controls_6595b64144ccf1df_6.0.19041.4355_none_60b8b9eb71f62e16\COMCTL32.dll
0x00007ffbcd030000 - 0x00007ffbcd052000 	C:\windows\System32\win32u.dll
0x00007ffbce580000 - 0x00007ffbce5ab000 	C:\windows\System32\GDI32.dll
0x00007ffbcc750000 - 0x00007ffbcc867000 	C:\windows\System32\gdi32full.dll
0x00007ffbccb60000 - 0x00007ffbccbfd000 	C:\windows\System32\msvcp_win.dll
0x00007ffbc0ce0000 - 0x00007ffbc0cea000 	C:\windows\SYSTEM32\VERSION.dll
0x00007ffbce880000 - 0x00007ffbce8af000 	C:\windows\System32\IMM32.DLL
0x00007ffbbf440000 - 0x00007ffbbf44c000 	C:\Program Files\Java\jdk-18.0.2.1\bin\vcruntime140_1.dll
0x00007ffba6810000 - 0x00007ffba689d000 	C:\Program Files\Java\jdk-18.0.2.1\bin\msvcp140.dll
0x00007ffb77070000 - 0x00007ffb77c81000 	C:\Program Files\Java\jdk-18.0.2.1\bin\server\jvm.dll
0x00007ffbcf050000 - 0x00007ffbcf058000 	C:\windows\System32\PSAPI.DLL
0x00007ffbc16c0000 - 0x00007ffbc16e7000 	C:\windows\SYSTEM32\WINMM.dll
0x00007ffbbafd0000 - 0x00007ffbbafd9000 	C:\windows\SYSTEM32\WSOCK32.dll
0x00007ffbcef80000 - 0x00007ffbcefeb000 	C:\windows\System32\WS2_32.dll
0x00007ffbca3d0000 - 0x00007ffbca3e2000 	C:\windows\SYSTEM32\kernel.appcore.dll
0x00007ffbb56c0000 - 0x00007ffbb56ca000 	C:\Program Files\Java\jdk-18.0.2.1\bin\jimage.dll
0x00007ffbb6e30000 - 0x00007ffbb7014000 	C:\windows\SYSTEM32\DBGHELP.DLL
0x00007ffbbb090000 - 0x00007ffbbb0c4000 	C:\windows\SYSTEM32\dbgcore.DLL
0x00007ffbcc9d0000 - 0x00007ffbcca52000 	C:\windows\System32\bcryptPrimitives.dll
0x00007ffb991c0000 - 0x00007ffb991e5000 	C:\Program Files\Java\jdk-18.0.2.1\bin\java.dll
0x00007ffb990e0000 - 0x00007ffb991b6000 	C:\Program Files\Java\jdk-18.0.2.1\bin\jsvml.dll
0x00007ffbcdd60000 - 0x00007ffbce4cc000 	C:\windows\System32\SHELL32.dll
0x00007ffbca5d0000 - 0x00007ffbcad6e000 	C:\windows\SYSTEM32\windows.storage.dll
0x00007ffbcea90000 - 0x00007ffbcede3000 	C:\windows\System32\combase.dll
0x00007ffbcbfc0000 - 0x00007ffbcbfee000 	C:\windows\SYSTEM32\Wldp.dll
0x00007ffbce9c0000 - 0x00007ffbcea8d000 	C:\windows\System32\OLEAUT32.dll
0x00007ffbce910000 - 0x00007ffbce9bd000 	C:\windows\System32\SHCORE.dll
0x00007ffbcdb20000 - 0x00007ffbcdb75000 	C:\windows\System32\shlwapi.dll
0x00007ffbcc680000 - 0x00007ffbcc6a4000 	C:\windows\SYSTEM32\profapi.dll
0x00007ffba3940000 - 0x00007ffba3953000 	C:\Program Files\Java\jdk-18.0.2.1\bin\net.dll
0x00007ffbc7240000 - 0x00007ffbc734a000 	C:\windows\SYSTEM32\WINHTTP.dll
0x00007ffbcbda0000 - 0x00007ffbcbe0a000 	C:\windows\system32\mswsock.dll
0x00007ffb9fd70000 - 0x00007ffb9fd86000 	C:\Program Files\Java\jdk-18.0.2.1\bin\nio.dll
0x00007ffb990c0000 - 0x00007ffb990d8000 	C:\Program Files\Java\jdk-18.0.2.1\bin\zip.dll
0x0000000069ac0000 - 0x0000000069ae4000 	C:\OpenSource\apache-maven-3.9.6\lib\jansi-native\Windows\x86_64\jansi.dll
0x00007ffbb2920000 - 0x00007ffbb2930000 	C:\Program Files\Java\jdk-18.0.2.1\bin\verify.dll

dbghelp: loaded successfully - version: 4.0.5 - missing functions: none
symbol engine: initialized successfully - sym options: 0x614 - pdb path: .;C:\Program Files\Java\jdk-18.0.2.1\bin;C:\windows\SYSTEM32;C:\windows\WinSxS\amd64_microsoft.windows.common-controls_6595b64144ccf1df_6.0.19041.4355_none_60b8b9eb71f62e16;C:\Program Files\Java\jdk-18.0.2.1\bin\server;C:\OpenSource\apache-maven-3.9.6\lib\jansi-native\Windows\x86_64

VM Arguments:
jvm_args: -Dclassworlds.conf=C:/OpenSource/apache-maven-3.9.6/bin/m2.conf -Dmaven.home=C:/OpenSource/apache-maven-3.9.6 -Dlibrary.jansi.path=C:/OpenSource/apache-maven-3.9.6/lib/jansi-native -Dmaven.multiModuleProjectDirectory=C:/Users/labsfiap/Documents/GitHub/eccomerce 
java_command: org.codehaus.plexus.classworlds.launcher.Launcher spring-boot:run -Dspring-boot.run.profiles=dev
java_class_path (initial): C:/OpenSource/apache-maven-3.9.6/boot/plexus-classworlds-2.7.0.jar
Launcher Type: SUN_STANDARD

[Global flags]
     intx CICompilerCount                          = 4                                         {product} {ergonomic}
     uint ConcGCThreads                            = 2                                         {product} {ergonomic}
     uint G1ConcRefinementThreads                  = 8                                         {product} {ergonomic}
   size_t G1HeapRegionSize                         = 2097152                                   {product} {ergonomic}
    uintx GCDrainStackTargetSize                   = 64                                        {product} {ergonomic}
   size_t InitialHeapSize                          = 268435456                                 {product} {ergonomic}
   size_t MarkStackSize                            = 4194304                                   {product} {ergonomic}
   size_t MaxHeapSize                              = 4271898624                                {product} {ergonomic}
   size_t MaxNewSize                               = 2562719744                                {product} {ergonomic}
   size_t MinHeapDeltaBytes                        = 2097152                                   {product} {ergonomic}
   size_t MinHeapSize                              = 8388608                                   {product} {ergonomic}
    uintx NonNMethodCodeHeapSize                   = 5839372                                {pd product} {ergonomic}
    uintx NonProfiledCodeHeapSize                  = 122909434                              {pd product} {ergonomic}
    uintx ProfiledCodeHeapSize                     = 122909434                              {pd product} {ergonomic}
    uintx ReservedCodeCacheSize                    = 251658240                              {pd product} {ergonomic}
     bool SegmentedCodeCache                       = true                                      {product} {ergonomic}
   size_t SoftMaxHeapSize                          = 4271898624                             {manageable} {ergonomic}
     bool UseCompressedClassPointers               = true                           {product lp64_product} {ergonomic}
     bool UseCompressedOops                        = true                           {product lp64_product} {ergonomic}
     bool UseG1GC                                  = true                                      {product} {ergonomic}
     bool UseLargePagesIndividualAllocation        = false                                  {pd product} {ergonomic}

Logging:
Log output configuration:
 #0: stdout all=warning uptime,level,tags foldmultilines=false
 #1: stderr all=off uptime,level,tags foldmultilines=false

Environment Variables:
JAVA_HOME=C:/Program Files/Java/jdk-18.0.2.1
PATH=C:\Users\labsfiap\bin;C:\Program Files\Git\mingw64\bin;C:\Program Files\Git\usr\local\bin;C:\Program Files\Git\usr\bin;C:\Program Files\Git\usr\bin;C:\Program Files\Git\mingw64\bin;C:\Program Files\Git\usr\bin;C:\Users\labsfiap\bin;C:\Program Files (x86)\VMware\VMware Workstation\bin;C:\Program Files\Microsoft SDKs\Azure\CLI2\wbin;C:\Program Files\Microsoft MPI\Bin;C:\Program Files\Python312\Scripts;C:\Program Files\Python312;C:\Program Files (x86)\NVIDIA Corporation\PhysX\Common;C:\Program Files\Java\jdk-18.0.2.1\bin;C:\OpenSource\gradle-8.7\bin;C:\OpenSource\flutter_windows_3.19.4-stable\flutter\bin;C:\windows\system32;C:\windows;C:\windows\System32\Wbem;C:\windows\System32\WindowsPowerShell\v1.0;C:\windows\System32\OpenSSH;C:\ProgramData\chocolatey\bin;C:\Program Files\dotnet;C:\Program Files\Common Files\Autodesk Shared;C:\Program Files\Microsoft VS Code\bin;C:\Program Files\Amazon\AWSCLIV2;C:\Program Files\Microsoft SQL Server\150\Tools\Binn;C:\Program Files\Microsoft SQL Server\Client SDK\ODBC\170\Tools\Binn;C:\Program Files (x86)\Windows Kits\10\Windows Performance Toolkit;C:\Program Files (x86)\Microsoft SQL Server\160\DTS\Binn;C:\Program Files\GitHub CLI;C:\OpenSource\php-8.3.4-Win32-vs16-x64;C:\Program Files\PuTTY;C:\ProgramData\ComposerSetup\bin;C:\OpenSource\DataCleaner;C:\OpenSource\kafka_2.13-3.7.0\bin;C:\OpenSource\mockito-all-2.0.2-beta.jar;C:\OpenSource\neo4j-community-5.18.1\bin;C:\Program Files\Microchip\xc8\v2.46\bin;C:\Program Files\Microchip\xc-dsc\v3.00\bin;C:\Program Files\Microchip\xc16\v2.10\bin;C:\Program Files\Microchip\xc32\v4.35\bin;C:\Program Files\Rancher Desktop\resources\resources\win32\bin;C:\Program Files\Rancher Desktop\resources\resources\linux\bin;C:\AndroidSDK\tools;C:\AndroidSDK\platform-tools;C:\AndroidSDK\emulator;C:\AndroidSDK;C:\Program Files (x86)\Microsoft SQL Server\150\Tools\Binn;C:\Program Files\Microsoft SQL Server\150\DTS\Binn;C:\Program Files (x86)\Windows Kits\8.1\Windows Performance Toolkit;C:\Program Files\Vagrant\bin;C:\Program Files (x86)\WinSCP;C:\composer;C:\Program Files\Git\cmd;C:\instantclient_21_13;C:\ProgramData\anaconda3;C:\ProgramData\anaconda3\Scripts;C:\ProgramData\anaconda3\Library\bin;C:\AppData\Roaming\npm;C:\Program Files (x86)\Microsoft SQL Server\160\Tools\Binn;C:\Program Files\Microsoft SQL Server;C:\OpenSource\apache-maven-3.9.6\bin;C:\Program Files\Docker\Docker\resources\bin;C:\Program Files\Rancher Desktop\resources\resources\win32\bin;C:\Program Files\Rancher Desktop\resources\resources\linux\bin;C:\Program Files\nodejs;C:\Program Files\Microsoft VS Code\bin;C:\Program Files\dotnet;C:\AppData\Local\Microsoft\WindowsApps;C:\Program Files\Git\usr\bin\vendor_perl;C:\Program Files\Git\usr\bin\core_perl
USERNAME=labsfiap
SHELL=C:\Program Files\Git\usr\bin\bash.exe
DISPLAY=needs-to-be-defined
LANG=en_US.UTF-8
LC_CTYPE=en_US.UTF-8
OS=Windows_NT
PROCESSOR_IDENTIFIER=Intel64 Family 6 Model 60 Stepping 3, GenuineIntel



---------------  S Y S T E M  ---------------

OS:
 Windows 10 , 64 bit Build 19041 (10.0.19041.4597)
OS uptime: 0 days 4:48 hours
Hyper-V role detected

CPU: total 8 (initial active 8) (4 cores per cpu, 2 threads per core) family 6 model 60 stepping 3 microcode 0x27, cx8, cmov, fxsr, ht, mmx, sse, sse2, sse3, ssse3, sse4.1, sse4.2, popcnt, lzcnt, tsc, tscinvbit, avx, avx2, aes, erms, clmul, bmi1, bmi2, fma, vzeroupper, clflush, hv

Memory: 4k page, system-wide physical 16289M (3565M free)
TotalPageFile size 16289M (AvailPageFile size 5M)
current process WorkingSet (physical memory assigned to process): 212M, peak: 212M
current process commit charge ("private bytes"): 401M, peak: 402M

vm_info: Java HotSpot(TM) 64-Bit Server VM (18.0.2.1+1-1) for windows-amd64 JRE (18.0.2.1+1-1), built on Aug 16 2022 01:46:33 by "mach5one" with MS VC++ 16.8 / 16.9 (VS2019)

END.
