#
# There is insufficient memory for the Java Runtime Environment to continue.
# Native memory allocation (mmap) failed to map 65536 bytes. Error detail: Failed to commit metaspace.
# Possible reasons:
#   The system is out of physical RAM or swap space
#   This process is running with CompressedOops enabled, and the Java Heap may be blocking the growth of the native heap
# Possible solutions:
#   Reduce memory load on the system
#   Increase physical memory or swap space
#   Check if swap backing store is full
#   Decrease Java heap size (-Xmx/-Xms)
#   Decrease number of Java threads
#   Decrease Java thread stack sizes (-Xss)
#   Set larger code cache with -XX:ReservedCodeCacheSize=
#   JVM is running with Unscaled Compressed Oops mode in which the Java heap is
#     placed in the first 4GB address space. The Java Heap base address is the
#     maximum limit for the native heap growth. Please use -XX:HeapBaseMinAddress
#     to set the Java Heap base and to place the Java Heap above 4GB virtual address.
# This output file may be truncated or incomplete.
#
#  Out of Memory Error (virtualSpaceNode.cpp:110), pid=31436, tid=32628
#
# JRE version: OpenJDK Runtime Environment Temurin-17.0.12+7 (17.0.12+7) (build 17.0.12+7)
# Java VM: OpenJDK 64-Bit Server VM Temurin-17.0.12+7 (17.0.12+7, mixed mode, tiered, compressed oops, compressed class ptrs, parallel gc, windows-amd64)
# No core dump will be written. Minidumps are not enabled by default on client versions of Windows
#

---------------  S U M M A R Y ------------

Command Line: --add-modules=ALL-SYSTEM --add-opens=java.base/java.util=ALL-UNNAMED --add-opens=java.base/java.lang=ALL-UNNAMED --add-opens=java.base/sun.nio.fs=ALL-UNNAMED -Declipse.application=org.eclipse.jdt.ls.core.id1 -Dosgi.bundles.defaultStartLevel=4 -Declipse.product=org.eclipse.jdt.ls.core.product -Djava.import.generatesMetadataFilesAtProjectRoot=false -DDetectVMInstallationsJob.disabled=true -Dfile.encoding=utf8 -XX:+UseParallelGC -XX:GCTimeRatio=4 -XX:AdaptiveSizePolicyWeight=90 -Dsun.zip.disableMemoryMapping=true -Xmx1G -Xms100m -Xlog:disable -javaagent:c:\Softwares\vscode\Extensions\redhat.java-1.34.0-win32-x64\lombok\lombok-1.18.33.jar -XX:+HeapDumpOnOutOfMemoryError -XX:HeapDumpPath=c:\AppData\Roaming\Code\User\workspaceStorage\41a76ab1ca7e31021153c9ba286888ef\redhat.java -Daether.dependencyCollector.impl=bf c:\Softwares\vscode\Extensions\redhat.java-1.34.0-win32-x64\server\plugins\org.eclipse.equinox.launcher_1.6.900.v20240613-2009.jar -configuration c:\AppData\Roaming\Code\User\globalStorage\redhat.java\1.34.0\config_win -data c:\AppData\Roaming\Code\User\workspaceStorage\41a76ab1ca7e31021153c9ba286888ef\redhat.java\jdt_ws --pipe=\\.\pipe\lsp-323e4981c0e96998fce0c1033696af35-sock

Host: Intel(R) Core(TM) i7-4790 CPU @ 3.60GHz, 8 cores, 15G,  Windows 10 , 64 bit Build 19041 (10.0.19041.4597)
Time: Fri Sep 13 22:36:18 2024 Tocantins Standard Time elapsed time: 0.100414 seconds (0d 0h 0m 0s)

---------------  T H R E A D  ---------------

Current thread (0x0000023b169ef770):  JavaThread "main" [_thread_in_vm, id=32628, stack(0x000000e0c7a00000,0x000000e0c7b00000)]

Stack: [0x000000e0c7a00000,0x000000e0c7b00000]
Native frames: (J=compiled Java code, j=interpreted, Vv=VM code, C=native code)
V  [jvm.dll+0x67f929]
V  [jvm.dll+0x8371ba]
V  [jvm.dll+0x838c7e]
V  [jvm.dll+0x8392e3]
V  [jvm.dll+0x24834f]
V  [jvm.dll+0x832e6d]
V  [jvm.dll+0x623e9e]
V  [jvm.dll+0x623f0a]
V  [jvm.dll+0x626724]
V  [jvm.dll+0x624846]
V  [jvm.dll+0x23db70]
V  [jvm.dll+0x1ec8cb]
V  [jvm.dll+0x1e2261]
V  [jvm.dll+0x54468e]
V  [jvm.dll+0x1f2ce7]
V  [jvm.dll+0x7b056b]
V  [jvm.dll+0x7b1939]
V  [jvm.dll+0x7b1c88]
V  [jvm.dll+0x2404de]
V  [jvm.dll+0x38521b]
C  0x0000023b20bbf184

The last pc belongs to ldc (printed below).
Java frames: (J=compiled Java code, j=interpreted, Vv=VM code)
j  java.lang.invoke.DelegatingMethodHandle.<clinit>()V+69 java.base@17.0.12
v  ~StubRoutines::call_stub
j  java.lang.invoke.MethodHandleImpl.makeIntrinsic(Ljava/lang/invoke/MethodHandle;Ljava/lang/invoke/MethodHandleImpl$Intrinsic;Ljava/lang/Object;)Ljava/lang/invoke/MethodHandle;+10 java.base@17.0.12
j  java.lang.invoke.MethodHandleImpl.makeIntrinsic(Ljava/lang/invoke/MethodHandle;Ljava/lang/invoke/MethodHandleImpl$Intrinsic;)Ljava/lang/invoke/MethodHandle;+3 java.base@17.0.12
j  java.lang.invoke.LambdaForm.createFormsFor(Ljava/lang/invoke/LambdaForm$BasicType;)V+341 java.base@17.0.12
j  java.lang.invoke.LambdaForm.identityForm(Ljava/lang/invoke/LambdaForm$BasicType;)Ljava/lang/invoke/LambdaForm;+18 java.base@17.0.12
j  java.lang.invoke.MethodHandles.makeIdentity(Ljava/lang/Class;)Ljava/lang/invoke/MethodHandle;+10 java.base@17.0.12
j  java.lang.invoke.MethodHandles.identity(Ljava/lang/Class;)Ljava/lang/invoke/MethodHandle;+41 java.base@17.0.12
j  java.lang.invoke.MethodHandles.constant(Ljava/lang/Class;Ljava/lang/Object;)Ljava/lang/invoke/MethodHandle;+80 java.base@17.0.12
j  java.lang.invoke.InnerClassLambdaMetafactory.buildCallSite()Ljava/lang/invoke/CallSite;+143 java.base@17.0.12
j  java.lang.invoke.LambdaMetafactory.metafactory(Ljava/lang/invoke/MethodHandles$Lookup;Ljava/lang/String;Ljava/lang/invoke/MethodType;Ljava/lang/invoke/MethodType;Ljava/lang/invoke/MethodHandle;Ljava/lang/invoke/MethodType;)Ljava/lang/invoke/CallSite;+67 java.base@17.0.12
j  java.lang.invoke.DirectMethodHandle$Holder.invokeStatic(Ljava/lang/Object;Ljava/lang/Object;Ljava/lang/Object;Ljava/lang/Object;Ljava/lang/Object;Ljava/lang/Object;Ljava/lang/Object;)Ljava/lang/Object;+20 java.base@17.0.12
j  java.lang.invoke.Invokers$Holder.invokeExact_MT(Ljava/lang/Object;Ljava/lang/Object;Ljava/lang/Object;Ljava/lang/Object;Ljava/lang/Object;Ljava/lang/Object;Ljava/lang/Object;Ljava/lang/Object;)Ljava/lang/Object;+28 java.base@17.0.12
j  java.lang.invoke.BootstrapMethodInvoker.invoke(Ljava/lang/Class;Ljava/lang/invoke/MethodHandle;Ljava/lang/String;Ljava/lang/Object;Ljava/lang/Object;Ljava/lang/Class;)Ljava/lang/Object;+319 java.base@17.0.12
j  java.lang.invoke.CallSite.makeSite(Ljava/lang/invoke/MethodHandle;Ljava/lang/String;Ljava/lang/invoke/MethodType;Ljava/lang/Object;Ljava/lang/Class;)Ljava/lang/invoke/CallSite;+8 java.base@17.0.12
j  java.lang.invoke.MethodHandleNatives.linkCallSiteImpl(Ljava/lang/Class;Ljava/lang/invoke/MethodHandle;Ljava/lang/String;Ljava/lang/invoke/MethodType;Ljava/lang/Object;[Ljava/lang/Object;)Ljava/lang/invoke/MemberName;+6 java.base@17.0.12
j  java.lang.invoke.MethodHandleNatives.linkCallSite(Ljava/lang/Object;ILjava/lang/Object;Ljava/lang/Object;Ljava/lang/Object;Ljava/lang/Object;[Ljava/lang/Object;)Ljava/lang/invoke/MemberName;+46 java.base@17.0.12
v  ~StubRoutines::call_stub
j  jdk.internal.module.DefaultRoots.compute(Ljava/lang/module/ModuleFinder;Ljava/lang/module/ModuleFinder;)Ljava/util/Set;+11 java.base@17.0.12
j  jdk.internal.module.ModuleBootstrap.boot2()Ljava/lang/ModuleLayer;+727 java.base@17.0.12
j  jdk.internal.module.ModuleBootstrap.boot()Ljava/lang/ModuleLayer;+64 java.base@17.0.12
j  java.lang.System.initPhase2(ZZ)I+0 java.base@17.0.12
v  ~StubRoutines::call_stub
ldc  18 ldc  [0x0000023b20bbf0e0, 0x0000023b20bbf3c0]  736 bytes
[MachCode]
  0x0000023b20bbf0e0: 4883 ec08 | c5fa 1104 | 24eb 1f48 | 83ec 10c5 | fb11 0424 | eb14 4883 | ec10 4889 | 0424 48c7 
  0x0000023b20bbf100: 4424 0800 | 0000 00eb | 0150 410f | b65d 0148 | 8b4d e848 | 8b49 0848 | 8b49 0848 | 8b41 080f 
  0x0000023b20bbf120: b654 1804 | 83fa 6474 | 0e83 fa67 | 7409 83fa | 070f 85bf | 0000 00ba | 0000 0000 | e805 0000 
  0x0000023b20bbf140: 00e9 aa00 | 0000 488d | 4424 084c | 896d c049 | 8bcf c5f8 | 7749 89af | a802 0000 | 4989 8798 
  0x0000023b20bbf160: 0200 0048 | 83ec 20f7 | c40f 0000 | 000f 841a | 0000 0048 | 83ec 0849 | ba10 5163 | 5efb 7f00 
  0x0000023b20bbf180: 0041 ffd2 | 4883 c408 | e90d 0000 | 0049 ba10 | 5163 5efb | 7f00 0041 | ffd2 4883 | c420 49c7 
  0x0000023b20bbf1a0: 8798 0200 | 0000 0000 | 0049 c787 | a802 0000 | 0000 0000 | 49c7 87a0 | 0200 0000 | 0000 00c5 
  0x0000023b20bbf1c0: f877 4981 | 7f08 0000 | 0000 0f84 | 0500 0000 | e92b 1dff | ff49 8b87 | f002 0000 | 49c7 87f0 
  0x0000023b20bbf1e0: 0200 0000 | 0000 004c | 8b6d c04c | 8b75 c8c3 | 50e9 9701 | 0000 83fa | 0475 14c5 | fa10 44d9 
  0x0000023b20bbf200: 4848 83ec | 08c5 fa11 | 0424 e97e | 0100 0083 | fa03 750a | 8b44 d948 | 50e9 6f01 | 0000 ba12 
  0x0000023b20bbf220: 0000 00e8 | 0500 0000 | e9aa 0000 | 0048 8d44 | 2408 4c89 | 6dc0 498b | cfc5 f877 | 4989 afa8 
  0x0000023b20bbf240: 0200 0049 | 8987 9802 | 0000 4883 | ec20 f7c4 | 0f00 0000 | 0f84 1a00 | 0000 4883 | ec08 49ba 
  0x0000023b20bbf260: f075 635e | fb7f 0000 | 41ff d248 | 83c4 08e9 | 0d00 0000 | 49ba f075 | 635e fb7f | 0000 41ff 
  0x0000023b20bbf280: d248 83c4 | 2049 c787 | 9802 0000 | 0000 0000 | 49c7 87a8 | 0200 0000 | 0000 0049 | c787 a002 
  0x0000023b20bbf2a0: 0000 0000 | 0000 c5f8 | 7749 817f | 0800 0000 | 000f 8405 | 0000 00e9 | 441c ffff | 498b 87f0 
  0x0000023b20bbf2c0: 0200 0049 | c787 f002 | 0000 0000 | 0000 4c8b | 6dc0 4c8b | 75c8 c349 | 8b8f f802 | 0000 49c7 
  0x0000023b20bbf2e0: 87f8 0200 | 0000 0000 | 008b d981 | e3ff ff00 | 00c1 e91c | 83e1 0f83 | f904 0f85 | 0900 0000 
  0x0000023b20bbf300: 8b04 1850 | e984 0000 | 0083 f906 | 0f85 1300 | 0000 c5fa | 1004 1848 | 83ec 08c5 | fa11 0424 
  0x0000023b20bbf320: e968 0000 | 0083 f903 | 0f85 0a00 | 0000 0fbf | 0418 50e9 | 5500 0000 | 83f9 000f | 850a 0000 
  0x0000023b20bbf340: 000f be04 | 1850 e942 | 0000 0083 | f902 0f85 | 0a00 0000 | 0fb7 0418 | 50e9 2f00 | 0000 83f9 
  0x0000023b20bbf360: 010f 850a | 0000 000f | be04 1850 | e91c 0000 | 0048 b9a0 | 9bc7 5efb | 7f00 0048 | 83e4 f049 
  0x0000023b20bbf380: ba70 4c86 | 5efb 7f00 | 0041 ffd2 | f441 0fb6 | 5d02 4983 | c502 49ba | 902a e65e | fb7f 0000 
  0x0000023b20bbf3a0: 41ff 24da | 0f1f 4000 | 0000 0000 | 0000 0000 | 0000 0000 | 0000 0000 | 0000 0000 | 0000 0000 
[/MachCode]

---------------  P R O C E S S  ---------------

Threads class SMR info:
_java_thread_list=0x0000023b2f8f0d30, length=10, elements={
0x0000023b169ef770, 0x0000023b2f8d5520, 0x0000023b2f8d7630, 0x0000023b2a877bd0,
0x0000023b2a878a50, 0x0000023b2a87a070, 0x0000023b2a87e430, 0x0000023b2f8fe420,
0x0000023b2f9024f0, 0x0000023b2f9031f0
}

Java Threads: ( => current thread )
=>0x0000023b169ef770 JavaThread "main" [_thread_in_vm, id=32628, stack(0x000000e0c7a00000,0x000000e0c7b00000)]
  0x0000023b2f8d5520 JavaThread "Reference Handler" daemon [_thread_blocked, id=28736, stack(0x000000e0c7d00000,0x000000e0c7e00000)]
  0x0000023b2f8d7630 JavaThread "Finalizer" daemon [_thread_blocked, id=29544, stack(0x000000e0c7e00000,0x000000e0c7f00000)]
  0x0000023b2a877bd0 JavaThread "Signal Dispatcher" daemon [_thread_blocked, id=32064, stack(0x000000e0c7f00000,0x000000e0c8000000)]
  0x0000023b2a878a50 JavaThread "Attach Listener" daemon [_thread_blocked, id=32600, stack(0x000000e0c8000000,0x000000e0c8100000)]
  0x0000023b2a87a070 JavaThread "Service Thread" daemon [_thread_blocked, id=32612, stack(0x000000e0c8100000,0x000000e0c8200000)]
  0x0000023b2a87e430 JavaThread "Monitor Deflation Thread" daemon [_thread_blocked, id=32616, stack(0x000000e0c8200000,0x000000e0c8300000)]
  0x0000023b2f8fe420 JavaThread "C2 CompilerThread0" daemon [_thread_blocked, id=27232, stack(0x000000e0c8300000,0x000000e0c8400000)]
  0x0000023b2f9024f0 JavaThread "C1 CompilerThread0" daemon [_thread_blocked, id=32632, stack(0x000000e0c8400000,0x000000e0c8500000)]
  0x0000023b2f9031f0 JavaThread "Sweeper thread" daemon [_thread_blocked, id=28324, stack(0x000000e0c8500000,0x000000e0c8600000)]

Other Threads:
  0x0000023b2f8d14b0 VMThread "VM Thread" [stack: 0x000000e0c7c00000,0x000000e0c7d00000] [id=27472]
  0x0000023b16a031e0 GCTaskThread "GC Thread#0" [stack: 0x000000e0c7b00000,0x000000e0c7c00000] [id=16380]

Threads with active compile tasks:

VM state: not at safepoint (normal execution)

VM Mutex/Monitor currently owned by a thread:  ([mutex/lock_event])
[0x0000023b169e94f0] Metaspace_lock - owner thread: 0x0000023b169ef770

Heap address: 0x00000000c0000000, size: 1024 MB, Compressed Oops mode: 32-bit

CDS archive(s) not mapped
Compressed class space mapped at: 0x0000000100000000-0x0000000140000000, reserved size: 1073741824
Narrow klass base: 0x0000000000000000, Narrow klass shift: 3, Narrow klass range: 0x140000000

GC Precious Log:
 CPUs: 8 total, 8 available
 Memory: 16289M
 Large Page Support: Disabled
 NUMA Support: Disabled
 Compressed Oops: Enabled (32-bit)
 Alignments: Space 512K, Generation 512K, Heap 2M
 Heap Min Capacity: 100M
 Heap Initial Capacity: 100M
 Heap Max Capacity: 1G
 Pre-touch: Disabled
 Parallel Workers: 8

Heap:
 PSYoungGen      total 29696K, used 2048K [0x00000000eab00000, 0x00000000ecc00000, 0x0000000100000000)
  eden space 25600K, 8% used [0x00000000eab00000,0x00000000ead001d0,0x00000000ec400000)
  from space 4096K, 0% used [0x00000000ec800000,0x00000000ec800000,0x00000000ecc00000)
  to   space 4096K, 0% used [0x00000000ec400000,0x00000000ec400000,0x00000000ec800000)
 ParOldGen       total 68608K, used 0K [0x00000000c0000000, 0x00000000c4300000, 0x00000000eab00000)
  object space 68608K, 0% used [0x00000000c0000000,0x00000000c0000000,0x00000000c4300000)
 Metaspace       used 3858K, committed 3904K, reserved 1114112K
  class space    used 338K, committed 384K, reserved 1048576K

Card table byte_map: [0x0000023b163b0000,0x0000023b165c0000] _byte_map_base: 0x0000023b15db0000

Marking Bits: (ParMarkBitMap*) 0x00007ffb5ee558b0
 Begin Bits: [0x0000023b28680000, 0x0000023b29680000)
 End Bits:   [0x0000023b29680000, 0x0000023b2a680000)

Polling page: 0x0000023b161a0000

Metaspace:

Usage:
  Non-class:      3.44 MB used.
      Class:    338.68 KB used.
       Both:      3.77 MB used.

Virtual space:
  Non-class space:       64.00 MB reserved,       3.44 MB (  5%) committed,  1 nodes.
      Class space:        1.00 GB reserved,     384.00 KB ( <1%) committed,  1 nodes.
             Both:        1.06 GB reserved,       3.81 MB ( <1%) committed. 

Chunk freelists:
   Non-Class:  12.00 MB
       Class:  15.62 MB
        Both:  27.62 MB

MaxMetaspaceSize: unlimited
CompressedClassSpaceSize: 1.00 GB
Initial GC threshold: 21.00 MB
Current GC threshold: 21.00 MB
CDS: off
MetaspaceReclaimPolicy: balanced
 - commit_granule_bytes: 65536.
 - commit_granule_words: 8192.
 - virtual_space_node_default_size: 8388608.
 - enlarge_chunks_in_place: 1.
 - new_chunks_are_fully_committed: 0.
 - uncommit_free_chunks: 1.
 - use_allocation_guard: 0.
 - handle_deallocations: 1.


Internal statistics:

num_allocs_failed_limit: 0.
num_arena_births: 2.
num_arena_deaths: 0.
num_vsnodes_births: 2.
num_vsnodes_deaths: 0.
num_space_committed: 61.
num_space_uncommitted: 0.
num_chunks_returned_to_freelist: 0.
num_chunks_taken_from_freelist: 4.
num_chunk_merges: 0.
num_chunk_splits: 2.
num_chunks_enlarged: 0.
num_inconsistent_stats: 0.

CodeHeap 'non-profiled nmethods': size=120000Kb used=14Kb max_used=14Kb free=119985Kb
 bounds [0x0000023b21150000, 0x0000023b213c0000, 0x0000023b28680000]
CodeHeap 'profiled nmethods': size=120000Kb used=48Kb max_used=48Kb free=119951Kb
 bounds [0x0000023b19680000, 0x0000023b198f0000, 0x0000023b20bb0000]
CodeHeap 'non-nmethods': size=5760Kb used=1065Kb max_used=1065Kb free=4694Kb
 bounds [0x0000023b20bb0000, 0x0000023b20e20000, 0x0000023b21150000]
 total_blobs=379 nmethods=47 adapters=247
 compilation: enabled
              stopped_count=0, restarted_count=0
 full_count=0

Compilation events (20 events):
Event: 0.076 Thread 0x0000023b2f9024f0   27       3       java.util.ImmutableCollections$SetN$SetNIterator::hasNext (13 bytes)
Event: 0.076 Thread 0x0000023b2f9024f0 nmethod 27 0x0000023b19687610 code [0x0000023b196877a0, 0x0000023b19687918]
Event: 0.076 Thread 0x0000023b2f9024f0   28       3       java.util.concurrent.ConcurrentHashMap::tabAt (22 bytes)
Event: 0.077 Thread 0x0000023b2f9024f0 nmethod 28 0x0000023b19687990 code [0x0000023b19687b40, 0x0000023b19687dd8]
Event: 0.077 Thread 0x0000023b2f9024f0   29       3       jdk.internal.misc.Unsafe::getReferenceAcquire (7 bytes)
Event: 0.077 Thread 0x0000023b2f9024f0 nmethod 29 0x0000023b19687e90 code [0x0000023b19688020, 0x0000023b19688138]
Event: 0.077 Thread 0x0000023b2f9024f0   30       3       java.util.concurrent.ConcurrentHashMap::spread (10 bytes)
Event: 0.077 Thread 0x0000023b2f9024f0 nmethod 30 0x0000023b19688210 code [0x0000023b196883a0, 0x0000023b19688498]
Event: 0.087 Thread 0x0000023b2f9024f0   32       1       java.lang.Enum::ordinal (5 bytes)
Event: 0.087 Thread 0x0000023b2f9024f0 nmethod 32 0x0000023b21150f90 code [0x0000023b21151120, 0x0000023b211511f8]
Event: 0.088 Thread 0x0000023b2f9024f0   34       3       java.util.concurrent.ConcurrentHashMap::addCount (279 bytes)
Event: 0.089 Thread 0x0000023b2f9024f0 nmethod 34 0x0000023b19688510 code [0x0000023b19688760, 0x0000023b196890e8]
Event: 0.089 Thread 0x0000023b2f9024f0   36   !   3       java.util.concurrent.ConcurrentHashMap::putVal (433 bytes)
Event: 0.091 Thread 0x0000023b2f9024f0 nmethod 36 0x0000023b19689410 code [0x0000023b19689760, 0x0000023b1968b068]
Event: 0.091 Thread 0x0000023b2f9024f0   37       3       java.util.concurrent.ConcurrentHashMap$Node::<init> (20 bytes)
Event: 0.091 Thread 0x0000023b2f9024f0 nmethod 37 0x0000023b1968ba10 code [0x0000023b1968bba0, 0x0000023b1968bd38]
Event: 0.095 Thread 0x0000023b2f9024f0   44       1       java.lang.Class::getClassLoader0 (5 bytes)
Event: 0.095 Thread 0x0000023b2f9024f0 nmethod 44 0x0000023b21153010 code [0x0000023b211531a0, 0x0000023b21153278]
Event: 0.097 Thread 0x0000023b2f9024f0   45       3       java.lang.String::isEmpty (14 bytes)
Event: 0.097 Thread 0x0000023b2f9024f0 nmethod 45 0x0000023b1968be10 code [0x0000023b1968bfa0, 0x0000023b1968c118]

GC Heap History (0 events):
No events

Dll operation events (1 events):
Event: 0.007 Loaded shared library c:\Softwares\vscode\Extensions\redhat.java-1.34.0-win32-x64\jre\17.0.12-win32-x86_64\bin\java.dll

Deoptimization events (0 events):
No events

Classes loaded (20 events):
Event: 0.096 Loading class java/lang/invoke/BoundMethodHandle$Specializer$Factory done
Event: 0.097 Loading class java/lang/invoke/SimpleMethodHandle
Event: 0.097 Loading class java/lang/invoke/SimpleMethodHandle done
Event: 0.097 Loading class java/lang/NoSuchFieldException
Event: 0.097 Loading class java/lang/NoSuchFieldException done
Event: 0.097 Loading class java/lang/invoke/BoundMethodHandle$Species_L
Event: 0.097 Loading class java/lang/invoke/BoundMethodHandle$Species_L done
Event: 0.098 Loading class sun/invoke/util/VerifyType
Event: 0.098 Loading class sun/invoke/util/VerifyType done
Event: 0.098 Loading class sun/invoke/empty/Empty
Event: 0.098 Loading class sun/invoke/empty/Empty done
Event: 0.098 Loading class java/lang/invoke/DirectMethodHandle$2
Event: 0.098 Loading class java/lang/invoke/DirectMethodHandle$2 done
Event: 0.098 Loading class java/lang/invoke/DirectMethodHandle$Accessor
Event: 0.098 Loading class java/lang/invoke/DirectMethodHandle$Accessor done
Event: 0.098 Loading class java/lang/invoke/MethodHandleImpl$IntrinsicMethodHandle
Event: 0.099 Loading class java/lang/invoke/DelegatingMethodHandle
Event: 0.099 Loading class java/lang/invoke/DelegatingMethodHandle done
Event: 0.099 Loading class java/lang/invoke/MethodHandleImpl$IntrinsicMethodHandle done
Event: 0.099 Loading class java/lang/invoke/DelegatingMethodHandle$Holder

Classes unloaded (0 events):
No events

Classes redefined (0 events):
No events

Internal exceptions (0 events):
No events

VM Operations (0 events):
No events

Events (10 events):
Event: 0.033 Thread 0x0000023b169ef770 Thread added: 0x0000023b169ef770
Event: 0.042 Thread 0x0000023b2f8d5520 Thread added: 0x0000023b2f8d5520
Event: 0.042 Thread 0x0000023b2f8d7630 Thread added: 0x0000023b2f8d7630
Event: 0.057 Thread 0x0000023b2a877bd0 Thread added: 0x0000023b2a877bd0
Event: 0.057 Thread 0x0000023b2a878a50 Thread added: 0x0000023b2a878a50
Event: 0.057 Thread 0x0000023b2a87a070 Thread added: 0x0000023b2a87a070
Event: 0.057 Thread 0x0000023b2a87e430 Thread added: 0x0000023b2a87e430
Event: 0.057 Thread 0x0000023b2f8fe420 Thread added: 0x0000023b2f8fe420
Event: 0.057 Thread 0x0000023b2f9024f0 Thread added: 0x0000023b2f9024f0
Event: 0.057 Thread 0x0000023b2f9031f0 Thread added: 0x0000023b2f9031f0


Dynamic libraries:
0x00007ff7eb7e0000 - 0x00007ff7eb7ee000 	c:\Softwares\vscode\Extensions\redhat.java-1.34.0-win32-x64\jre\17.0.12-win32-x86_64\bin\java.exe
0x00007ffbcf0d0000 - 0x00007ffbcf2c8000 	C:\windows\SYSTEM32\ntdll.dll
0x00007ffbcd0d0000 - 0x00007ffbcd191000 	C:\windows\System32\KERNEL32.DLL
0x00007ffbccc00000 - 0x00007ffbccef6000 	C:\windows\System32\KERNELBASE.dll
0x00007ffbccf00000 - 0x00007ffbcd000000 	C:\windows\System32\ucrtbase.dll
0x00007ffbb02b0000 - 0x00007ffbb02cb000 	c:\Softwares\vscode\Extensions\redhat.java-1.34.0-win32-x64\jre\17.0.12-win32-x86_64\bin\VCRUNTIME140.dll
0x00007ffbb1ac0000 - 0x00007ffbb1ad7000 	c:\Softwares\vscode\Extensions\redhat.java-1.34.0-win32-x64\jre\17.0.12-win32-x86_64\bin\jli.dll
0x00007ffbce6e0000 - 0x00007ffbce87f000 	C:\windows\System32\USER32.dll
0x00007ffbbb420000 - 0x00007ffbbb6ba000 	C:\windows\WinSxS\amd64_microsoft.windows.common-controls_6595b64144ccf1df_6.0.19041.4355_none_60b8b9eb71f62e16\COMCTL32.dll
0x00007ffbcd030000 - 0x00007ffbcd052000 	C:\windows\System32\win32u.dll
0x00007ffbcda00000 - 0x00007ffbcda9e000 	C:\windows\System32\msvcrt.dll
0x00007ffbce580000 - 0x00007ffbce5ab000 	C:\windows\System32\GDI32.dll
0x00007ffbcc750000 - 0x00007ffbcc867000 	C:\windows\System32\gdi32full.dll
0x00007ffbccb60000 - 0x00007ffbccbfd000 	C:\windows\System32\msvcp_win.dll
0x00007ffbce880000 - 0x00007ffbce8af000 	C:\windows\System32\IMM32.DLL
0x00007ffbbafd0000 - 0x00007ffbbafdc000 	c:\Softwares\vscode\Extensions\redhat.java-1.34.0-win32-x64\jre\17.0.12-win32-x86_64\bin\vcruntime140_1.dll
0x00007ffb98660000 - 0x00007ffb986ed000 	c:\Softwares\vscode\Extensions\redhat.java-1.34.0-win32-x64\jre\17.0.12-win32-x86_64\bin\msvcp140.dll
0x00007ffb5e2b0000 - 0x00007ffb5ef1a000 	c:\Softwares\vscode\Extensions\redhat.java-1.34.0-win32-x64\jre\17.0.12-win32-x86_64\bin\server\jvm.dll
0x00007ffbce4d0000 - 0x00007ffbce580000 	C:\windows\System32\ADVAPI32.dll
0x00007ffbce640000 - 0x00007ffbce6e0000 	C:\windows\System32\sechost.dll
0x00007ffbcd8d0000 - 0x00007ffbcd9f3000 	C:\windows\System32\RPCRT4.dll
0x00007ffbcd000000 - 0x00007ffbcd027000 	C:\windows\System32\bcrypt.dll
0x00007ffbcef80000 - 0x00007ffbcefeb000 	C:\windows\System32\WS2_32.dll
0x00007ffbcc5a0000 - 0x00007ffbcc5eb000 	C:\windows\SYSTEM32\POWRPROF.dll
0x00007ffbc16c0000 - 0x00007ffbc16e7000 	C:\windows\SYSTEM32\WINMM.dll
0x00007ffbc0ce0000 - 0x00007ffbc0cea000 	C:\windows\SYSTEM32\VERSION.dll
0x00007ffbcc580000 - 0x00007ffbcc592000 	C:\windows\SYSTEM32\UMPDC.dll
0x00007ffbca3d0000 - 0x00007ffbca3e2000 	C:\windows\SYSTEM32\kernel.appcore.dll
0x00007ffbb56c0000 - 0x00007ffbb56ca000 	c:\Softwares\vscode\Extensions\redhat.java-1.34.0-win32-x64\jre\17.0.12-win32-x86_64\bin\jimage.dll
0x00007ffbb6e30000 - 0x00007ffbb7014000 	C:\windows\SYSTEM32\DBGHELP.DLL
0x00007ffbbb090000 - 0x00007ffbbb0c4000 	C:\windows\SYSTEM32\dbgcore.DLL
0x00007ffbcc9d0000 - 0x00007ffbcca52000 	C:\windows\System32\bcryptPrimitives.dll
0x00007ffbb2900000 - 0x00007ffbb290e000 	c:\Softwares\vscode\Extensions\redhat.java-1.34.0-win32-x64\jre\17.0.12-win32-x86_64\bin\instrument.dll
0x00007ffb9f980000 - 0x00007ffb9f9a5000 	c:\Softwares\vscode\Extensions\redhat.java-1.34.0-win32-x64\jre\17.0.12-win32-x86_64\bin\java.dll
0x00007ffbaa310000 - 0x00007ffbaa328000 	c:\Softwares\vscode\Extensions\redhat.java-1.34.0-win32-x64\jre\17.0.12-win32-x86_64\bin\zip.dll
0x00007ffbcdd60000 - 0x00007ffbce4cc000 	C:\windows\System32\SHELL32.dll
0x00007ffbca5d0000 - 0x00007ffbcad6e000 	C:\windows\SYSTEM32\windows.storage.dll
0x00007ffbcea90000 - 0x00007ffbcede3000 	C:\windows\System32\combase.dll
0x00007ffbcbfc0000 - 0x00007ffbcbfee000 	C:\windows\SYSTEM32\Wldp.dll
0x00007ffbce9c0000 - 0x00007ffbcea8d000 	C:\windows\System32\OLEAUT32.dll
0x00007ffbce910000 - 0x00007ffbce9bd000 	C:\windows\System32\SHCORE.dll
0x00007ffbcdb20000 - 0x00007ffbcdb75000 	C:\windows\System32\shlwapi.dll
0x00007ffbcc680000 - 0x00007ffbcc6a4000 	C:\windows\SYSTEM32\profapi.dll

dbghelp: loaded successfully - version: 4.0.5 - missing functions: none
symbol engine: initialized successfully - sym options: 0x614 - pdb path: .;c:\Softwares\vscode\Extensions\redhat.java-1.34.0-win32-x64\jre\17.0.12-win32-x86_64\bin;C:\windows\SYSTEM32;C:\windows\WinSxS\amd64_microsoft.windows.common-controls_6595b64144ccf1df_6.0.19041.4355_none_60b8b9eb71f62e16;c:\Softwares\vscode\Extensions\redhat.java-1.34.0-win32-x64\jre\17.0.12-win32-x86_64\bin\server

VM Arguments:
jvm_args: --add-modules=ALL-SYSTEM --add-opens=java.base/java.util=ALL-UNNAMED --add-opens=java.base/java.lang=ALL-UNNAMED --add-opens=java.base/sun.nio.fs=ALL-UNNAMED -Declipse.application=org.eclipse.jdt.ls.core.id1 -Dosgi.bundles.defaultStartLevel=4 -Declipse.product=org.eclipse.jdt.ls.core.product -Djava.import.generatesMetadataFilesAtProjectRoot=false -DDetectVMInstallationsJob.disabled=true -Dfile.encoding=utf8 -XX:+UseParallelGC -XX:GCTimeRatio=4 -XX:AdaptiveSizePolicyWeight=90 -Dsun.zip.disableMemoryMapping=true -Xmx1G -Xms100m -Xlog:disable -javaagent:c:\Softwares\vscode\Extensions\redhat.java-1.34.0-win32-x64\lombok\lombok-1.18.33.jar -XX:+HeapDumpOnOutOfMemoryError -XX:HeapDumpPath=c:\AppData\Roaming\Code\User\workspaceStorage\41a76ab1ca7e31021153c9ba286888ef\redhat.java -Daether.dependencyCollector.impl=bf 
java_command: c:\Softwares\vscode\Extensions\redhat.java-1.34.0-win32-x64\server\plugins\org.eclipse.equinox.launcher_1.6.900.v20240613-2009.jar -configuration c:\AppData\Roaming\Code\User\globalStorage\redhat.java\1.34.0\config_win -data c:\AppData\Roaming\Code\User\workspaceStorage\41a76ab1ca7e31021153c9ba286888ef\redhat.java\jdt_ws --pipe=\\.\pipe\lsp-323e4981c0e96998fce0c1033696af35-sock
java_class_path (initial): c:\Softwares\vscode\Extensions\redhat.java-1.34.0-win32-x64\server\plugins\org.eclipse.equinox.launcher_1.6.900.v20240613-2009.jar
Launcher Type: SUN_STANDARD

[Global flags]
    uintx AdaptiveSizePolicyWeight                 = 90                                        {product} {command line}
     intx CICompilerCount                          = 4                                         {product} {ergonomic}
    uintx GCTimeRatio                              = 4                                         {product} {command line}
     bool HeapDumpOnOutOfMemoryError               = true                                   {manageable} {command line}
    ccstr HeapDumpPath                             = c:\AppData\Roaming\Code\User\workspaceStorage\41a76ab1ca7e31021153c9ba286888ef\redhat.java         {manageable} {command line}
   size_t InitialHeapSize                          = 104857600                                 {product} {command line}
   size_t MaxHeapSize                              = 1073741824                                {product} {command line}
   size_t MaxNewSize                               = 357564416                                 {product} {ergonomic}
   size_t MinHeapDeltaBytes                        = 524288                                    {product} {ergonomic}
   size_t MinHeapSize                              = 104857600                                 {product} {command line}
   size_t NewSize                                  = 34603008                                  {product} {ergonomic}
    uintx NonNMethodCodeHeapSize                   = 5839372                                {pd product} {ergonomic}
    uintx NonProfiledCodeHeapSize                  = 122909434                              {pd product} {ergonomic}
   size_t OldSize                                  = 70254592                                  {product} {ergonomic}
    uintx ProfiledCodeHeapSize                     = 122909434                              {pd product} {ergonomic}
    uintx ReservedCodeCacheSize                    = 251658240                              {pd product} {ergonomic}
     bool SegmentedCodeCache                       = true                                      {product} {ergonomic}
   size_t SoftMaxHeapSize                          = 1073741824                             {manageable} {ergonomic}
     bool UseCompressedClassPointers               = true                           {product lp64_product} {ergonomic}
     bool UseCompressedOops                        = true                           {product lp64_product} {ergonomic}
     bool UseLargePagesIndividualAllocation        = false                                  {pd product} {ergonomic}
     bool UseParallelGC                            = true                                      {product} {command line}

Logging:
Log output configuration:
 #0: stdout all=off uptime,level,tags
 #1: stderr all=off uptime,level,tags

Environment Variables:
JAVA_HOME=C:\Program Files\Java\jdk-18.0.2.1
PATH=C:\Users\labsfiap\bin;C:\Program Files\Git\mingw64\bin;C:\Program Files\Git\usr\local\bin;C:\Program Files\Git\usr\bin;C:\Program Files\Git\usr\bin;C:\Program Files\Git\mingw64\bin;C:\Program Files\Git\usr\bin;C:\Users\labsfiap\bin;C:\Program Files (x86)\VMware\VMware Workstation\bin;C:\Program Files\Microsoft SDKs\Azure\CLI2\wbin;C:\Program Files\Microsoft MPI\Bin;C:\Program Files\Python312\Scripts;C:\Program Files\Python312;C:\Program Files (x86)\NVIDIA Corporation\PhysX\Common;C:\Program Files\Java\jdk-18.0.2.1\bin;C:\OpenSource\gradle-8.7\bin;C:\OpenSource\flutter_windows_3.19.4-stable\flutter\bin;C:\windows\system32;C:\windows;C:\windows\System32\Wbem;C:\windows\System32\WindowsPowerShell\v1.0;C:\windows\System32\OpenSSH;C:\ProgramData\chocolatey\bin;C:\Program Files\dotnet;C:\Program Files\Common Files\Autodesk Shared;C:\Program Files\Microsoft VS Code\bin;C:\Program Files\Amazon\AWSCLIV2;C:\Program Files\Microsoft SQL Server\150\Tools\Binn;C:\Program Files\Microsoft SQL Server\Client SDK\ODBC\170\Tools\Binn;C:\Program Files (x86)\Windows Kits\10\Windows Performance Toolkit;C:\Program Files (x86)\Microsoft SQL Server\160\DTS\Binn;C:\Program Files\GitHub CLI;C:\OpenSource\php-8.3.4-Win32-vs16-x64;C:\Program Files\PuTTY;C:\ProgramData\ComposerSetup\bin;C:\OpenSource\DataCleaner;C:\OpenSource\kafka_2.13-3.7.0\bin;C:\OpenSource\mockito-all-2.0.2-beta.jar;C:\OpenSource\neo4j-community-5.18.1\bin;C:\Program Files\Microchip\xc8\v2.46\bin;C:\Program Files\Microchip\xc-dsc\v3.00\bin;C:\Program Files\Microchip\xc16\v2.10\bin;C:\Program Files\Microchip\xc32\v4.35\bin;C:\Program Files\Rancher Desktop\resources\resources\win32\bin;C:\Program Files\Rancher Desktop\resources\resources\linux\bin;C:\AndroidSDK\tools;C:\AndroidSDK\platform-tools;C:\AndroidSDK\emulator;C:\AndroidSDK;C:\Program Files (x86)\Microsoft SQL Server\150\Tools\Binn;C:\Program Files\Microsoft SQL Server\150\DTS\Binn;C:\Program Files (x86)\Windows Kits\8.1\Windows Performance Toolkit;C:\Program Files\Va
USERNAME=labsfiap
SHELL=C:\Program Files\Git\usr\bin\bash.exe
DISPLAY=needs-to-be-defined
LC_CTYPE=en_US.UTF-8
TERM=xterm
TMPDIR=C:\AppData\Local\Temp
OS=Windows_NT
PROCESSOR_IDENTIFIER=Intel64 Family 6 Model 60 Stepping 3, GenuineIntel
TMP=C:\AppData\Local\Temp
TEMP=C:\AppData\Local\Temp



Periodic native trim disabled


---------------  S Y S T E M  ---------------

OS:
 Windows 10 , 64 bit Build 19041 (10.0.19041.4597)
OS uptime: 0 days 4:55 hours
Hyper-V role detected

CPU: total 8 (initial active 8) (4 cores per cpu, 2 threads per core) family 6 model 60 stepping 3 microcode 0x27, cx8, cmov, fxsr, ht, mmx, sse, sse2, sse3, ssse3, sse4.1, sse4.2, popcnt, lzcnt, tsc, tscinvbit, avx, avx2, aes, erms, clmul, bmi1, bmi2, fma, vzeroupper, clflush, hv
Processor Information for all 8 processors :
  Max Mhz: 3601, Current Mhz: 3601, Mhz Limit: 3601

Memory: 4k page, system-wide physical 16289M (5227M free)
TotalPageFile size 16289M (AvailPageFile size 106M)
current process WorkingSet (physical memory assigned to process): 27M, peak: 27M
current process commit charge ("private bytes"): 182M, peak: 182M

vm_info: OpenJDK 64-Bit Server VM (17.0.12+7) for windows-amd64 JRE (17.0.12+7), built on Jul 16 2024 22:08:24 by "admin" with MS VC++ 16.10 / 16.11 (VS2019)

END.
