#
# There is insufficient memory for the Java Runtime Environment to continue.
# Native memory allocation (malloc) failed to allocate 1971568 bytes. Error detail: Chunk::new
# Possible reasons:
#   The system is out of physical RAM or swap space
#   This process is running with CompressedOops enabled, and the Java Heap may be blocking the growth of the native heap
# Possible solutions:
#   Reduce memory load on the system
#   Increase physical memory or swap space
#   Check if swap backing store is full
#   Decrease Java heap size (-Xmx/-Xms)
#   Decrease number of Java threads
#   Decrease Java thread stack sizes (-Xss)
#   Set larger code cache with -XX:ReservedCodeCacheSize=
#   JVM is running with Unscaled Compressed Oops mode in which the Java heap is
#     placed in the first 4GB address space. The Java Heap base address is the
#     maximum limit for the native heap growth. Please use -XX:HeapBaseMinAddress
#     to set the Java Heap base and to place the Java Heap above 4GB virtual address.
# This output file may be truncated or incomplete.
#
#  Out of Memory Error (arena.cpp:191), pid=11452, tid=14212
#
# JRE version: OpenJDK Runtime Environment Temurin-17.0.12+7 (17.0.12+7) (build 17.0.12+7)
# Java VM: OpenJDK 64-Bit Server VM Temurin-17.0.12+7 (17.0.12+7, mixed mode, tiered, compressed oops, compressed class ptrs, parallel gc, windows-amd64)
# No core dump will be written. Minidumps are not enabled by default on client versions of Windows
#

---------------  S U M M A R Y ------------

Command Line: --add-modules=ALL-SYSTEM --add-opens=java.base/java.util=ALL-UNNAMED --add-opens=java.base/java.lang=ALL-UNNAMED --add-opens=java.base/sun.nio.fs=ALL-UNNAMED -Declipse.application=org.eclipse.jdt.ls.core.id1 -Dosgi.bundles.defaultStartLevel=4 -Declipse.product=org.eclipse.jdt.ls.core.product -Djava.import.generatesMetadataFilesAtProjectRoot=false -DDetectVMInstallationsJob.disabled=true -Dfile.encoding=utf8 -XX:+UseParallelGC -XX:GCTimeRatio=4 -XX:AdaptiveSizePolicyWeight=90 -Dsun.zip.disableMemoryMapping=true -Xmx1G -Xms100m -Xlog:disable -javaagent:c:\Softwares\vscode\Extensions\redhat.java-1.34.0-win32-x64\lombok\lombok-1.18.33.jar -XX:+HeapDumpOnOutOfMemoryError -XX:HeapDumpPath=c:\AppData\Roaming\Code\User\workspaceStorage\41a76ab1ca7e31021153c9ba286888ef\redhat.java -Daether.dependencyCollector.impl=bf c:\Softwares\vscode\Extensions\redhat.java-1.34.0-win32-x64\server\plugins\org.eclipse.equinox.launcher_1.6.900.v20240613-2009.jar -configuration c:\AppData\Roaming\Code\User\globalStorage\redhat.java\1.34.0\config_win -data c:\AppData\Roaming\Code\User\workspaceStorage\41a76ab1ca7e31021153c9ba286888ef\redhat.java\jdt_ws --pipe=\\.\pipe\lsp-cbf45ddbff2e0f0491a3b7ccbbfd1db6-sock

Host: Intel(R) Core(TM) i7-4790 CPU @ 3.60GHz, 8 cores, 15G,  Windows 10 , 64 bit Build 19041 (10.0.19041.4597)
Time: Fri Sep 13 20:27:52 2024 Tocantins Standard Time elapsed time: 86.688743 seconds (0d 0h 1m 26s)

---------------  T H R E A D  ---------------

Current thread (0x00000210137b09c0):  JavaThread "C2 CompilerThread1" daemon [_thread_in_native, id=14212, stack(0x0000009976400000,0x0000009976500000)]


Current CompileTask:
C2:  86688 8937 % !   4       org.eclipse.jdt.internal.compiler.classfmt.ClassFileReader::<init> @ 63 (2158 bytes)

Stack: [0x0000009976400000,0x0000009976500000]
Native frames: (J=compiled Java code, j=interpreted, Vv=VM code, C=native code)
V  [jvm.dll+0x67f929]
V  [jvm.dll+0x8371ba]
V  [jvm.dll+0x838c7e]
V  [jvm.dll+0x8392e3]
V  [jvm.dll+0x24834f]
V  [jvm.dll+0xac9d4]
V  [jvm.dll+0xad01c]
V  [jvm.dll+0x3674a7]
V  [jvm.dll+0x33197a]
V  [jvm.dll+0x330e1a]
V  [jvm.dll+0x21a8b1]
V  [jvm.dll+0x219cf1]
V  [jvm.dll+0x1a58bd]
V  [jvm.dll+0x229a2d]
V  [jvm.dll+0x227bdc]
V  [jvm.dll+0x7ec1f7]
V  [jvm.dll+0x7e65dc]
V  [jvm.dll+0x67e7f7]
C  [ucrtbase.dll+0x21bb2]
C  [KERNEL32.DLL+0x17374]
C  [ntdll.dll+0x4cc91]


---------------  P R O C E S S  ---------------

Threads class SMR info:
_java_thread_list=0x0000021011b8dec0, length=47, elements={
0x0000021074118870, 0x000002107aee9740, 0x000002107aeecff0, 0x000002100f07a150,
0x000002100f07afd0, 0x000002100f082c60, 0x000002100f089b40, 0x000002100f08c840,
0x000002100f08d240, 0x000002100f08e420, 0x000002107417ee30, 0x00000210100d90a0,
0x0000021010346860, 0x000002100f1dc8d0, 0x000002100f1dbeb0, 0x000002100f1da560,
0x0000021010f1d2c0, 0x0000021010f1d7d0, 0x0000021010f1b970, 0x0000021010f1be80,
0x0000021010f1a020, 0x0000021010f20050, 0x0000021010f1f120, 0x0000021010f1a530,
0x0000021010f1e1f0, 0x0000021010f1fb40, 0x0000021010f1f630, 0x0000021010f18be0,
0x0000021010f1ec10, 0x0000021010f1c8a0, 0x0000021010f190f0, 0x0000021010f19600,
0x0000021010f19b10, 0x0000021010f1cdb0, 0x000002101311b9a0, 0x0000021013119b40,
0x000002101311beb0, 0x000002101311b490, 0x000002101311c3c0, 0x000002101311a560,
0x00000210131181f0, 0x000002101311c8d0, 0x000002101311e220, 0x0000021013118700,
0x000002101311cde0, 0x0000021013119630, 0x00000210137b09c0
}

Java Threads: ( => current thread )
  0x0000021074118870 JavaThread "main" [_thread_blocked, id=10224, stack(0x0000009973e00000,0x0000009973f00000)]
  0x000002107aee9740 JavaThread "Reference Handler" daemon [_thread_blocked, id=12804, stack(0x0000009974100000,0x0000009974200000)]
  0x000002107aeecff0 JavaThread "Finalizer" daemon [_thread_blocked, id=11508, stack(0x0000009974200000,0x0000009974300000)]
  0x000002100f07a150 JavaThread "Signal Dispatcher" daemon [_thread_blocked, id=6420, stack(0x0000009974300000,0x0000009974400000)]
  0x000002100f07afd0 JavaThread "Attach Listener" daemon [_thread_blocked, id=12280, stack(0x0000009974400000,0x0000009974500000)]
  0x000002100f082c60 JavaThread "Service Thread" daemon [_thread_blocked, id=14524, stack(0x0000009974500000,0x0000009974600000)]
  0x000002100f089b40 JavaThread "Monitor Deflation Thread" daemon [_thread_blocked, id=15536, stack(0x0000009974600000,0x0000009974700000)]
  0x000002100f08c840 JavaThread "C2 CompilerThread0" daemon [_thread_in_native, id=15868, stack(0x0000009974700000,0x0000009974800000)]
  0x000002100f08d240 JavaThread "C1 CompilerThread0" daemon [_thread_blocked, id=11720, stack(0x0000009974800000,0x0000009974900000)]
  0x000002100f08e420 JavaThread "Sweeper thread" daemon [_thread_blocked, id=14356, stack(0x0000009974900000,0x0000009974a00000)]
  0x000002107417ee30 JavaThread "Common-Cleaner" daemon [_thread_blocked, id=16264, stack(0x0000009974a00000,0x0000009974b00000)]
  0x00000210100d90a0 JavaThread "Notification Thread" daemon [_thread_blocked, id=7772, stack(0x0000009974b00000,0x0000009974c00000)]
  0x0000021010346860 JavaThread "Active Thread: Equinox Container: ac157e4b-74a6-4e8e-848d-3089f1ac10f1" [_thread_blocked, id=11000, stack(0x0000009975900000,0x0000009975a00000)]
  0x000002100f1dc8d0 JavaThread "Framework Event Dispatcher: Equinox Container: ac157e4b-74a6-4e8e-848d-3089f1ac10f1" daemon [_thread_blocked, id=3732, stack(0x0000009974d00000,0x0000009974e00000)]
  0x000002100f1dbeb0 JavaThread "Start Level: Equinox Container: ac157e4b-74a6-4e8e-848d-3089f1ac10f1" daemon [_thread_blocked, id=6648, stack(0x0000009975300000,0x0000009975400000)]
  0x000002100f1da560 JavaThread "Refresh Thread: Equinox Container: ac157e4b-74a6-4e8e-848d-3089f1ac10f1" daemon [_thread_blocked, id=8832, stack(0x0000009975700000,0x0000009975800000)]
  0x0000021010f1d2c0 JavaThread "Bundle File Closer" daemon [_thread_blocked, id=15172, stack(0x0000009976200000,0x0000009976300000)]
  0x0000021010f1d7d0 JavaThread "SCR Component Actor" daemon [_thread_blocked, id=4880, stack(0x0000009976300000,0x0000009976400000)]
  0x0000021010f1b970 JavaThread "Worker-JM" [_thread_blocked, id=8756, stack(0x0000009976500000,0x0000009976600000)]
  0x0000021010f1be80 JavaThread "Worker-0" [_thread_blocked, id=15132, stack(0x0000009976600000,0x0000009976700000)]
  0x0000021010f1a020 JavaThread "Worker-1" [_thread_blocked, id=2688, stack(0x0000009976700000,0x0000009976800000)]
  0x0000021010f20050 JavaThread "Java indexing" daemon [_thread_in_Java, id=912, stack(0x0000009976800000,0x0000009976900000)]
  0x0000021010f1f120 JavaThread "JNA Cleaner" daemon [_thread_blocked, id=15532, stack(0x0000009976900000,0x0000009976a00000)]
  0x0000021010f1a530 JavaThread "Thread-2" daemon [_thread_in_native, id=10444, stack(0x0000009976c00000,0x0000009976d00000)]
  0x0000021010f1e1f0 JavaThread "Thread-3" daemon [_thread_in_native, id=12824, stack(0x0000009976d00000,0x0000009976e00000)]
  0x0000021010f1fb40 JavaThread "Thread-4" daemon [_thread_in_native, id=13172, stack(0x0000009976e00000,0x0000009976f00000)]
  0x0000021010f1f630 JavaThread "Thread-5" daemon [_thread_in_native, id=2284, stack(0x0000009976f00000,0x0000009977000000)]
  0x0000021010f18be0 JavaThread "Thread-6" daemon [_thread_in_native, id=8416, stack(0x0000009977000000,0x0000009977100000)]
  0x0000021010f1ec10 JavaThread "Thread-7" daemon [_thread_in_native, id=12796, stack(0x0000009977100000,0x0000009977200000)]
  0x0000021010f1c8a0 JavaThread "Thread-8" daemon [_thread_in_native, id=7940, stack(0x0000009977200000,0x0000009977300000)]
  0x0000021010f190f0 JavaThread "Thread-9" daemon [_thread_in_native, id=3312, stack(0x0000009977300000,0x0000009977400000)]
  0x0000021010f19600 JavaThread "Thread-10" daemon [_thread_in_native, id=2272, stack(0x0000009977400000,0x0000009977500000)]
  0x0000021010f19b10 JavaThread "pool-2-thread-1" [_thread_blocked, id=776, stack(0x0000009977500000,0x0000009977600000)]
  0x0000021010f1cdb0 JavaThread "WorkspaceEventsHandler" [_thread_blocked, id=15620, stack(0x0000009977600000,0x0000009977700000)]
  0x000002101311b9a0 JavaThread "pool-1-thread-1" [_thread_blocked, id=1200, stack(0x0000009977700000,0x0000009977800000)]
  0x0000021013119b40 JavaThread "Worker-2: Initialize Workspace" [_thread_in_native, id=15192, stack(0x0000009977800000,0x0000009977900000)]
  0x000002101311beb0 JavaThread "Worker-3: Java indexing... " [_thread_blocked, id=9044, stack(0x0000009977900000,0x0000009977a00000)]
  0x000002101311b490 JavaThread "Equinox resolver thread - Equinox Container: ac157e4b-74a6-4e8e-848d-3089f1ac10f1" daemon [_thread_blocked, id=12880, stack(0x0000009975800000,0x0000009975900000)]
  0x000002101311c3c0 JavaThread "Equinox resolver thread - Equinox Container: ac157e4b-74a6-4e8e-848d-3089f1ac10f1" daemon [_thread_blocked, id=15744, stack(0x0000009975a00000,0x0000009975b00000)]
  0x000002101311a560 JavaThread "Equinox resolver thread - Equinox Container: ac157e4b-74a6-4e8e-848d-3089f1ac10f1" daemon [_thread_blocked, id=8556, stack(0x0000009975b00000,0x0000009975c00000)]
  0x00000210131181f0 JavaThread "Equinox resolver thread - Equinox Container: ac157e4b-74a6-4e8e-848d-3089f1ac10f1" daemon [_thread_blocked, id=15788, stack(0x0000009975c00000,0x0000009975d00000)]
  0x000002101311c8d0 JavaThread "Equinox resolver thread - Equinox Container: ac157e4b-74a6-4e8e-848d-3089f1ac10f1" daemon [_thread_blocked, id=15296, stack(0x0000009975d00000,0x0000009975e00000)]
  0x000002101311e220 JavaThread "Equinox resolver thread - Equinox Container: ac157e4b-74a6-4e8e-848d-3089f1ac10f1" daemon [_thread_blocked, id=15252, stack(0x0000009975e00000,0x0000009975f00000)]
  0x0000021013118700 JavaThread "Equinox resolver thread - Equinox Container: ac157e4b-74a6-4e8e-848d-3089f1ac10f1" daemon [_thread_blocked, id=14376, stack(0x0000009975f00000,0x0000009976000000)]
  0x000002101311cde0 JavaThread "Equinox resolver thread - Equinox Container: ac157e4b-74a6-4e8e-848d-3089f1ac10f1" daemon [_thread_blocked, id=10432, stack(0x0000009976000000,0x0000009976100000)]
  0x0000021013119630 JavaThread "Worker-4" [_thread_blocked, id=4836, stack(0x0000009976100000,0x0000009976200000)]
=>0x00000210137b09c0 JavaThread "C2 CompilerThread1" daemon [_thread_in_native, id=14212, stack(0x0000009976400000,0x0000009976500000)]

Other Threads:
  0x000002100f0414b0 VMThread "VM Thread" [stack: 0x0000009974000000,0x0000009974100000] [id=11880]
  0x00000210100de240 WatcherThread [stack: 0x0000009974c00000,0x0000009974d00000] [id=14508]
  0x000002107412c250 GCTaskThread "GC Thread#0" [stack: 0x0000009973f00000,0x0000009974000000] [id=15964]
  0x000002101058e010 GCTaskThread "GC Thread#1" [stack: 0x0000009974e00000,0x0000009974f00000] [id=11600]
  0x0000021010815040 GCTaskThread "GC Thread#2" [stack: 0x0000009974f00000,0x0000009975000000] [id=11112]
  0x0000021010815300 GCTaskThread "GC Thread#3" [stack: 0x0000009975000000,0x0000009975100000] [id=11380]
  0x00000210108155c0 GCTaskThread "GC Thread#4" [stack: 0x0000009975100000,0x0000009975200000] [id=4988]
  0x0000021010815880 GCTaskThread "GC Thread#5" [stack: 0x0000009975200000,0x0000009975300000] [id=7924]
  0x0000021010754200 GCTaskThread "GC Thread#6" [stack: 0x0000009975400000,0x0000009975500000] [id=15720]
  0x000002100f1df8e0 GCTaskThread "GC Thread#7" [stack: 0x0000009975500000,0x0000009975600000] [id=12984]

Threads with active compile tasks:
C2 CompilerThread0    86733 8938       4       org.eclipse.jdt.internal.core.search.indexing.BinaryIndexer::extractReferenceFromConstantPool (358 bytes)
C2 CompilerThread1    86733 8937 % !   4       org.eclipse.jdt.internal.compiler.classfmt.ClassFileReader::<init> @ 63 (2158 bytes)

VM state: not at safepoint (normal execution)

VM Mutex/Monitor currently owned by a thread: None

Heap address: 0x00000000c0000000, size: 1024 MB, Compressed Oops mode: 32-bit

CDS archive(s) not mapped
Compressed class space mapped at: 0x0000000100000000-0x0000000140000000, reserved size: 1073741824
Narrow klass base: 0x0000000000000000, Narrow klass shift: 3, Narrow klass range: 0x140000000

GC Precious Log:
 CPUs: 8 total, 8 available
 Memory: 16289M
 Large Page Support: Disabled
 NUMA Support: Disabled
 Compressed Oops: Enabled (32-bit)
 Alignments: Space 512K, Generation 512K, Heap 2M
 Heap Min Capacity: 100M
 Heap Initial Capacity: 100M
 Heap Max Capacity: 1G
 Pre-touch: Disabled
 Parallel Workers: 8

Heap:
 PSYoungGen      total 19968K, used 15902K [0x00000000eab00000, 0x00000000ec600000, 0x0000000100000000)
  eden space 18432K, 77% used [0x00000000eab00000,0x00000000eb90a1b8,0x00000000ebd00000)
  from space 1536K, 99% used [0x00000000ebe00000,0x00000000ebf7d808,0x00000000ebf80000)
  to   space 4608K, 0% used [0x00000000ec180000,0x00000000ec180000,0x00000000ec600000)
 ParOldGen       total 68608K, used 32043K [0x00000000c0000000, 0x00000000c4300000, 0x00000000eab00000)
  object space 68608K, 46% used [0x00000000c0000000,0x00000000c1f4ad10,0x00000000c4300000)
 Metaspace       used 61827K, committed 62912K, reserved 1114112K
  class space    used 6635K, committed 7104K, reserved 1048576K

Card table byte_map: [0x0000021078780000,0x0000021078990000] _byte_map_base: 0x0000021078180000

Marking Bits: (ParMarkBitMap*) 0x00007ffb5ee558b0
 Begin Bits: [0x0000021078af0000, 0x0000021079af0000)
 End Bits:   [0x0000021079af0000, 0x000002107aaf0000)

Polling page: 0x0000021073f80000

Metaspace:

Usage:
  Non-class:     53.90 MB used.
      Class:      6.48 MB used.
       Both:     60.38 MB used.

Virtual space:
  Non-class space:       64.00 MB reserved,      54.50 MB ( 85%) committed,  1 nodes.
      Class space:        1.00 GB reserved,       6.94 MB ( <1%) committed,  1 nodes.
             Both:        1.06 GB reserved,      61.44 MB (  6%) committed. 

Chunk freelists:
   Non-Class:  8.17 MB
       Class:  9.09 MB
        Both:  17.27 MB

MaxMetaspaceSize: unlimited
CompressedClassSpaceSize: 1.00 GB
Initial GC threshold: 21.00 MB
Current GC threshold: 97.31 MB
CDS: off
MetaspaceReclaimPolicy: balanced
 - commit_granule_bytes: 65536.
 - commit_granule_words: 8192.
 - virtual_space_node_default_size: 8388608.
 - enlarge_chunks_in_place: 1.
 - new_chunks_are_fully_committed: 0.
 - uncommit_free_chunks: 1.
 - use_allocation_guard: 0.
 - handle_deallocations: 1.


Internal statistics:

num_allocs_failed_limit: 9.
num_arena_births: 652.
num_arena_deaths: 14.
num_vsnodes_births: 2.
num_vsnodes_deaths: 0.
num_space_committed: 983.
num_space_uncommitted: 0.
num_chunks_returned_to_freelist: 23.
num_chunks_taken_from_freelist: 2810.
num_chunk_merges: 4.
num_chunk_splits: 1807.
num_chunks_enlarged: 1167.
num_inconsistent_stats: 0.

CodeHeap 'non-profiled nmethods': size=120000Kb used=5233Kb max_used=5233Kb free=114766Kb
 bounds [0x0000021007ad0000, 0x0000021007ff0000, 0x000002100f000000]
CodeHeap 'profiled nmethods': size=120000Kb used=17327Kb max_used=17327Kb free=102673Kb
 bounds [0x0000021000000000, 0x00000210010f0000, 0x0000021007530000]
CodeHeap 'non-nmethods': size=5760Kb used=1357Kb max_used=1411Kb free=4402Kb
 bounds [0x0000021007530000, 0x00000210077a0000, 0x0000021007ad0000]
 total_blobs=8818 nmethods=8123 adapters=609
 compilation: enabled
              stopped_count=0, restarted_count=0
 full_count=0

Compilation events (20 events):
Event: 86.602 Thread 0x000002100f08d240 8965       3       org.eclipse.jdt.internal.compiler.util.SoftClassCache$JdkClasses$$Lambda$481/0x00000001006b68f8::apply (12 bytes)
Event: 86.602 Thread 0x000002100f08d240 nmethod 8965 0x00000210010e1f90 code [0x00000210010e2140, 0x00000210010e2478]
Event: 86.603 Thread 0x000002100f08d240 8966       3       org.eclipse.jdt.internal.compiler.util.SoftClassCache$ClassBytes::<init> (10 bytes)
Event: 86.604 Thread 0x000002100f08d240 nmethod 8966 0x00000210010e2590 code [0x00000210010e2720, 0x00000210010e2898]
Event: 86.669 Thread 0x000002100f08d240 8968       3       org.eclipse.jdt.internal.compiler.util.JRTUtil::sanitizedFileName (49 bytes)
Event: 86.670 Thread 0x000002100f08d240 nmethod 8968 0x00000210010e2990 code [0x00000210010e2c00, 0x00000210010e36e8]
Event: 86.670 Thread 0x000002100f08d240 8970   !   3       org.eclipse.jdt.internal.compiler.util.JRTUtil::getJrtSystem (72 bytes)
Event: 86.671 Thread 0x000002100f08d240 nmethod 8970 0x00000210010e3b10 code [0x00000210010e3d60, 0x00000210010e47e8]
Event: 86.671 Thread 0x000002100f08d240 8973       3       org.eclipse.jdt.internal.core.search.matching.TypeDeclarationPattern::createIndexKey (300 bytes)
Event: 86.672 Thread 0x000002100f08d240 nmethod 8973 0x00000210010e4c90 code [0x00000210010e4ea0, 0x00000210010e58e8]
Event: 86.672 Thread 0x000002100f08d240 8972       3       org.eclipse.jdt.internal.core.search.JavaSearchParticipant::indexDocument (89 bytes)
Event: 86.673 Thread 0x000002100f08d240 nmethod 8972 0x00000210010e5d10 code [0x00000210010e5fe0, 0x00000210010e6d38]
Event: 86.673 Thread 0x000002100f08d240 8974       3       org.eclipse.jdt.internal.core.search.indexing.BinaryIndexer::replace (41 bytes)
Event: 86.674 Thread 0x000002100f08d240 nmethod 8974 0x00000210010e7310 code [0x00000210010e74c0, 0x00000210010e7758]
Event: 86.675 Thread 0x000002100f08d240 8969   !   3       org.eclipse.jdt.internal.core.search.indexing.BinaryContainer::isValidPackageNameForClassOrisModule (158 bytes)
Event: 86.675 Thread 0x000002100f08d240 nmethod 8969 0x00000210010e7890 code [0x00000210010e7b20, 0x00000210010e85b8]
Event: 86.676 Thread 0x000002100f08d240 8971       3       org.eclipse.jdt.internal.compiler.util.JrtFileSystem::getClassfileContent (71 bytes)
Event: 86.676 Thread 0x000002100f08d240 nmethod 8971 0x00000210010e8a10 code [0x00000210010e8be0, 0x00000210010e8fc8]
Event: 86.682 Thread 0x000002100f08d240 8975       3       org.eclipse.jdt.internal.core.search.indexing.BinaryIndexer::addTypeReference (92 bytes)
Event: 86.682 Thread 0x000002100f08d240 nmethod 8975 0x00000210010e9190 code [0x00000210010e93c0, 0x00000210010e9e18]

GC Heap History (20 events):
Event: 79.710 GC heap before
{Heap before GC invocations=23 (full 2):
 PSYoungGen      total 22016K, used 22004K [0x00000000eab00000, 0x00000000ecb80000, 0x0000000100000000)
  eden space 19456K, 100% used [0x00000000eab00000,0x00000000ebe00000,0x00000000ebe00000)
  from space 2560K, 99% used [0x00000000ec380000,0x00000000ec5fd3f8,0x00000000ec600000)
  to   space 5632K, 0% used [0x00000000ebe00000,0x00000000ebe00000,0x00000000ec380000)
 ParOldGen       total 68608K, used 24731K [0x00000000c0000000, 0x00000000c4300000, 0x00000000eab00000)
  object space 68608K, 36% used [0x00000000c0000000,0x00000000c1826f80,0x00000000c4300000)
 Metaspace       used 55505K, committed 56512K, reserved 1114112K
  class space    used 6041K, committed 6464K, reserved 1048576K
}
Event: 79.713 GC heap after
{Heap after GC invocations=23 (full 2):
 PSYoungGen      total 25088K, used 5072K [0x00000000eab00000, 0x00000000ec900000, 0x0000000100000000)
  eden space 19456K, 0% used [0x00000000eab00000,0x00000000eab00000,0x00000000ebe00000)
  from space 5632K, 90% used [0x00000000ebe00000,0x00000000ec2f4048,0x00000000ec380000)
  to   space 5632K, 0% used [0x00000000ec380000,0x00000000ec380000,0x00000000ec900000)
 ParOldGen       total 68608K, used 25347K [0x00000000c0000000, 0x00000000c4300000, 0x00000000eab00000)
  object space 68608K, 36% used [0x00000000c0000000,0x00000000c18c0d40,0x00000000c4300000)
 Metaspace       used 55505K, committed 56512K, reserved 1114112K
  class space    used 6041K, committed 6464K, reserved 1048576K
}
Event: 79.826 GC heap before
{Heap before GC invocations=24 (full 2):
 PSYoungGen      total 25088K, used 24528K [0x00000000eab00000, 0x00000000ec900000, 0x0000000100000000)
  eden space 19456K, 100% used [0x00000000eab00000,0x00000000ebe00000,0x00000000ebe00000)
  from space 5632K, 90% used [0x00000000ebe00000,0x00000000ec2f4048,0x00000000ec380000)
  to   space 5632K, 0% used [0x00000000ec380000,0x00000000ec380000,0x00000000ec900000)
 ParOldGen       total 68608K, used 25347K [0x00000000c0000000, 0x00000000c4300000, 0x00000000eab00000)
  object space 68608K, 36% used [0x00000000c0000000,0x00000000c18c0d40,0x00000000c4300000)
 Metaspace       used 55513K, committed 56512K, reserved 1114112K
  class space    used 6041K, committed 6464K, reserved 1048576K
}
Event: 79.829 GC heap after
{Heap after GC invocations=24 (full 2):
 PSYoungGen      total 24064K, used 5616K [0x00000000eab00000, 0x00000000ecb00000, 0x0000000100000000)
  eden space 18432K, 0% used [0x00000000eab00000,0x00000000eab00000,0x00000000ebd00000)
  from space 5632K, 99% used [0x00000000ec380000,0x00000000ec8fc018,0x00000000ec900000)
  to   space 6656K, 0% used [0x00000000ebd00000,0x00000000ebd00000,0x00000000ec380000)
 ParOldGen       total 68608K, used 25739K [0x00000000c0000000, 0x00000000c4300000, 0x00000000eab00000)
  object space 68608K, 37% used [0x00000000c0000000,0x00000000c1922da0,0x00000000c4300000)
 Metaspace       used 55513K, committed 56512K, reserved 1114112K
  class space    used 6041K, committed 6464K, reserved 1048576K
}
Event: 80.815 GC heap before
{Heap before GC invocations=25 (full 2):
 PSYoungGen      total 24064K, used 24048K [0x00000000eab00000, 0x00000000ecb00000, 0x0000000100000000)
  eden space 18432K, 99% used [0x00000000eab00000,0x00000000ebcffff0,0x00000000ebd00000)
  from space 5632K, 99% used [0x00000000ec380000,0x00000000ec8fc018,0x00000000ec900000)
  to   space 6656K, 0% used [0x00000000ebd00000,0x00000000ebd00000,0x00000000ec380000)
 ParOldGen       total 68608K, used 25739K [0x00000000c0000000, 0x00000000c4300000, 0x00000000eab00000)
  object space 68608K, 37% used [0x00000000c0000000,0x00000000c1922da0,0x00000000c4300000)
 Metaspace       used 56426K, committed 57536K, reserved 1114112K
  class space    used 6139K, committed 6592K, reserved 1048576K
}
Event: 80.817 GC heap after
{Heap after GC invocations=25 (full 2):
 PSYoungGen      total 19456K, used 608K [0x00000000eab00000, 0x00000000ec400000, 0x0000000100000000)
  eden space 18432K, 0% used [0x00000000eab00000,0x00000000eab00000,0x00000000ebd00000)
  from space 1024K, 59% used [0x00000000ebd00000,0x00000000ebd98000,0x00000000ebe00000)
  to   space 3072K, 0% used [0x00000000ec100000,0x00000000ec100000,0x00000000ec400000)
 ParOldGen       total 68608K, used 25895K [0x00000000c0000000, 0x00000000c4300000, 0x00000000eab00000)
  object space 68608K, 37% used [0x00000000c0000000,0x00000000c1949db8,0x00000000c4300000)
 Metaspace       used 56426K, committed 57536K, reserved 1114112K
  class space    used 6139K, committed 6592K, reserved 1048576K
}
Event: 82.046 GC heap before
{Heap before GC invocations=26 (full 2):
 PSYoungGen      total 19456K, used 19040K [0x00000000eab00000, 0x00000000ec400000, 0x0000000100000000)
  eden space 18432K, 100% used [0x00000000eab00000,0x00000000ebd00000,0x00000000ebd00000)
  from space 1024K, 59% used [0x00000000ebd00000,0x00000000ebd98000,0x00000000ebe00000)
  to   space 3072K, 0% used [0x00000000ec100000,0x00000000ec100000,0x00000000ec400000)
 ParOldGen       total 68608K, used 25895K [0x00000000c0000000, 0x00000000c4300000, 0x00000000eab00000)
  object space 68608K, 37% used [0x00000000c0000000,0x00000000c1949db8,0x00000000c4300000)
 Metaspace       used 57840K, committed 58880K, reserved 1114112K
  class space    used 6274K, committed 6720K, reserved 1048576K
}
Event: 82.048 GC heap after
{Heap after GC invocations=26 (full 2):
 PSYoungGen      total 19968K, used 1320K [0x00000000eab00000, 0x00000000ec280000, 0x0000000100000000)
  eden space 18432K, 0% used [0x00000000eab00000,0x00000000eab00000,0x00000000ebd00000)
  from space 1536K, 85% used [0x00000000ec100000,0x00000000ec24a018,0x00000000ec280000)
  to   space 1536K, 0% used [0x00000000ebf80000,0x00000000ebf80000,0x00000000ec100000)
 ParOldGen       total 68608K, used 26340K [0x00000000c0000000, 0x00000000c4300000, 0x00000000eab00000)
  object space 68608K, 38% used [0x00000000c0000000,0x00000000c19b93e0,0x00000000c4300000)
 Metaspace       used 57840K, committed 58880K, reserved 1114112K
  class space    used 6274K, committed 6720K, reserved 1048576K
}
Event: 82.826 GC heap before
{Heap before GC invocations=27 (full 2):
 PSYoungGen      total 19968K, used 14776K [0x00000000eab00000, 0x00000000ec280000, 0x0000000100000000)
  eden space 18432K, 73% used [0x00000000eab00000,0x00000000eb824380,0x00000000ebd00000)
  from space 1536K, 85% used [0x00000000ec100000,0x00000000ec24a018,0x00000000ec280000)
  to   space 1536K, 0% used [0x00000000ebf80000,0x00000000ebf80000,0x00000000ec100000)
 ParOldGen       total 68608K, used 26340K [0x00000000c0000000, 0x00000000c4300000, 0x00000000eab00000)
  object space 68608K, 38% used [0x00000000c0000000,0x00000000c19b93e0,0x00000000c4300000)
 Metaspace       used 58760K, committed 59776K, reserved 1114112K
  class space    used 6362K, committed 6848K, reserved 1048576K
}
Event: 82.836 GC heap after
{Heap after GC invocations=27 (full 2):
 PSYoungGen      total 19968K, used 1536K [0x00000000eab00000, 0x00000000ec400000, 0x0000000100000000)
  eden space 18432K, 0% used [0x00000000eab00000,0x00000000eab00000,0x00000000ebd00000)
  from space 1536K, 100% used [0x00000000ebf80000,0x00000000ec100000,0x00000000ec100000)
  to   space 3072K, 0% used [0x00000000ec100000,0x00000000ec100000,0x00000000ec400000)
 ParOldGen       total 68608K, used 27818K [0x00000000c0000000, 0x00000000c4300000, 0x00000000eab00000)
  object space 68608K, 40% used [0x00000000c0000000,0x00000000c1b2aac0,0x00000000c4300000)
 Metaspace       used 58760K, committed 59776K, reserved 1114112K
  class space    used 6362K, committed 6848K, reserved 1048576K
}
Event: 82.836 GC heap before
{Heap before GC invocations=28 (full 3):
 PSYoungGen      total 19968K, used 1536K [0x00000000eab00000, 0x00000000ec400000, 0x0000000100000000)
  eden space 18432K, 0% used [0x00000000eab00000,0x00000000eab00000,0x00000000ebd00000)
  from space 1536K, 100% used [0x00000000ebf80000,0x00000000ec100000,0x00000000ec100000)
  to   space 3072K, 0% used [0x00000000ec100000,0x00000000ec100000,0x00000000ec400000)
 ParOldGen       total 68608K, used 27818K [0x00000000c0000000, 0x00000000c4300000, 0x00000000eab00000)
  object space 68608K, 40% used [0x00000000c0000000,0x00000000c1b2aac0,0x00000000c4300000)
 Metaspace       used 58760K, committed 59776K, reserved 1114112K
  class space    used 6362K, committed 6848K, reserved 1048576K
}
Event: 82.936 GC heap after
{Heap after GC invocations=28 (full 3):
 PSYoungGen      total 19968K, used 0K [0x00000000eab00000, 0x00000000ec400000, 0x0000000100000000)
  eden space 18432K, 0% used [0x00000000eab00000,0x00000000eab00000,0x00000000ebd00000)
  from space 1536K, 0% used [0x00000000ebf80000,0x00000000ebf80000,0x00000000ec100000)
  to   space 3072K, 0% used [0x00000000ec100000,0x00000000ec100000,0x00000000ec400000)
 ParOldGen       total 68608K, used 26100K [0x00000000c0000000, 0x00000000c4300000, 0x00000000eab00000)
  object space 68608K, 38% used [0x00000000c0000000,0x00000000c197d1f0,0x00000000c4300000)
 Metaspace       used 58760K, committed 59776K, reserved 1114112K
  class space    used 6362K, committed 6848K, reserved 1048576K
}
Event: 83.793 GC heap before
{Heap before GC invocations=29 (full 3):
 PSYoungGen      total 19968K, used 18432K [0x00000000eab00000, 0x00000000ec400000, 0x0000000100000000)
  eden space 18432K, 100% used [0x00000000eab00000,0x00000000ebd00000,0x00000000ebd00000)
  from space 1536K, 0% used [0x00000000ebf80000,0x00000000ebf80000,0x00000000ec100000)
  to   space 3072K, 0% used [0x00000000ec100000,0x00000000ec100000,0x00000000ec400000)
 ParOldGen       total 68608K, used 26100K [0x00000000c0000000, 0x00000000c4300000, 0x00000000eab00000)
  object space 68608K, 38% used [0x00000000c0000000,0x00000000c197d1f0,0x00000000c4300000)
 Metaspace       used 59230K, committed 60224K, reserved 1114112K
  class space    used 6409K, committed 6848K, reserved 1048576K
}
Event: 83.819 GC heap after
{Heap after GC invocations=29 (full 3):
 PSYoungGen      total 21504K, used 2925K [0x00000000eab00000, 0x00000000ec400000, 0x0000000100000000)
  eden space 18432K, 0% used [0x00000000eab00000,0x00000000eab00000,0x00000000ebd00000)
  from space 3072K, 95% used [0x00000000ec100000,0x00000000ec3db530,0x00000000ec400000)
  to   space 3072K, 0% used [0x00000000ebe00000,0x00000000ebe00000,0x00000000ec100000)
 ParOldGen       total 68608K, used 26108K [0x00000000c0000000, 0x00000000c4300000, 0x00000000eab00000)
  object space 68608K, 38% used [0x00000000c0000000,0x00000000c197f1f0,0x00000000c4300000)
 Metaspace       used 59230K, committed 60224K, reserved 1114112K
  class space    used 6409K, committed 6848K, reserved 1048576K
}
Event: 84.713 GC heap before
{Heap before GC invocations=30 (full 3):
 PSYoungGen      total 21504K, used 21357K [0x00000000eab00000, 0x00000000ec400000, 0x0000000100000000)
  eden space 18432K, 100% used [0x00000000eab00000,0x00000000ebd00000,0x00000000ebd00000)
  from space 3072K, 95% used [0x00000000ec100000,0x00000000ec3db530,0x00000000ec400000)
  to   space 3072K, 0% used [0x00000000ebe00000,0x00000000ebe00000,0x00000000ec100000)
 ParOldGen       total 68608K, used 26108K [0x00000000c0000000, 0x00000000c4300000, 0x00000000eab00000)
  object space 68608K, 38% used [0x00000000c0000000,0x00000000c197f1f0,0x00000000c4300000)
 Metaspace       used 59648K, committed 60736K, reserved 1114112K
  class space    used 6432K, committed 6912K, reserved 1048576K
}
Event: 84.715 GC heap after
{Heap after GC invocations=30 (full 3):
 PSYoungGen      total 19968K, used 1184K [0x00000000eab00000, 0x00000000ec180000, 0x0000000100000000)
  eden space 18432K, 0% used [0x00000000eab00000,0x00000000eab00000,0x00000000ebd00000)
  from space 1536K, 77% used [0x00000000ebe00000,0x00000000ebf28000,0x00000000ebf80000)
  to   space 2048K, 0% used [0x00000000ebf80000,0x00000000ebf80000,0x00000000ec180000)
 ParOldGen       total 68608K, used 28679K [0x00000000c0000000, 0x00000000c4300000, 0x00000000eab00000)
  object space 68608K, 41% used [0x00000000c0000000,0x00000000c1c01ed0,0x00000000c4300000)
 Metaspace       used 59648K, committed 60736K, reserved 1114112K
  class space    used 6432K, committed 6912K, reserved 1048576K
}
Event: 85.317 GC heap before
{Heap before GC invocations=31 (full 3):
 PSYoungGen      total 19968K, used 19616K [0x00000000eab00000, 0x00000000ec180000, 0x0000000100000000)
  eden space 18432K, 100% used [0x00000000eab00000,0x00000000ebd00000,0x00000000ebd00000)
  from space 1536K, 77% used [0x00000000ebe00000,0x00000000ebf28000,0x00000000ebf80000)
  to   space 2048K, 0% used [0x00000000ebf80000,0x00000000ebf80000,0x00000000ec180000)
 ParOldGen       total 68608K, used 28679K [0x00000000c0000000, 0x00000000c4300000, 0x00000000eab00000)
  object space 68608K, 41% used [0x00000000c0000000,0x00000000c1c01ed0,0x00000000c4300000)
 Metaspace       used 60366K, committed 61504K, reserved 1114112K
  class space    used 6488K, committed 6976K, reserved 1048576K
}
Event: 85.346 GC heap after
{Heap after GC invocations=31 (full 3):
 PSYoungGen      total 19968K, used 1440K [0x00000000eab00000, 0x00000000ec100000, 0x0000000100000000)
  eden space 18432K, 0% used [0x00000000eab00000,0x00000000eab00000,0x00000000ebd00000)
  from space 1536K, 93% used [0x00000000ebf80000,0x00000000ec0e8030,0x00000000ec100000)
  to   space 1536K, 0% used [0x00000000ebe00000,0x00000000ebe00000,0x00000000ebf80000)
 ParOldGen       total 68608K, used 29683K [0x00000000c0000000, 0x00000000c4300000, 0x00000000eab00000)
  object space 68608K, 43% used [0x00000000c0000000,0x00000000c1cfcee0,0x00000000c4300000)
 Metaspace       used 60366K, committed 61504K, reserved 1114112K
  class space    used 6488K, committed 6976K, reserved 1048576K
}
Event: 86.204 GC heap before
{Heap before GC invocations=32 (full 3):
 PSYoungGen      total 19968K, used 19866K [0x00000000eab00000, 0x00000000ec100000, 0x0000000100000000)
  eden space 18432K, 99% used [0x00000000eab00000,0x00000000ebcfebc0,0x00000000ebd00000)
  from space 1536K, 93% used [0x00000000ebf80000,0x00000000ec0e8030,0x00000000ec100000)
  to   space 1536K, 0% used [0x00000000ebe00000,0x00000000ebe00000,0x00000000ebf80000)
 ParOldGen       total 68608K, used 29683K [0x00000000c0000000, 0x00000000c4300000, 0x00000000eab00000)
  object space 68608K, 43% used [0x00000000c0000000,0x00000000c1cfcee0,0x00000000c4300000)
 Metaspace       used 61640K, committed 62720K, reserved 1114112K
  class space    used 6620K, committed 7104K, reserved 1048576K
}
Event: 86.207 GC heap after
{Heap after GC invocations=32 (full 3):
 PSYoungGen      total 19968K, used 1526K [0x00000000eab00000, 0x00000000ec600000, 0x0000000100000000)
  eden space 18432K, 0% used [0x00000000eab00000,0x00000000eab00000,0x00000000ebd00000)
  from space 1536K, 99% used [0x00000000ebe00000,0x00000000ebf7d808,0x00000000ebf80000)
  to   space 4608K, 0% used [0x00000000ec180000,0x00000000ec180000,0x00000000ec600000)
 ParOldGen       total 68608K, used 32043K [0x00000000c0000000, 0x00000000c4300000, 0x00000000eab00000)
  object space 68608K, 46% used [0x00000000c0000000,0x00000000c1f4ad10,0x00000000c4300000)
 Metaspace       used 61640K, committed 62720K, reserved 1114112K
  class space    used 6620K, committed 7104K, reserved 1048576K
}

Dll operation events (14 events):
Event: 0.644 Loaded shared library c:\Softwares\vscode\Extensions\redhat.java-1.34.0-win32-x64\jre\17.0.12-win32-x86_64\bin\java.dll
Event: 0.963 Loaded shared library c:\Softwares\vscode\Extensions\redhat.java-1.34.0-win32-x64\jre\17.0.12-win32-x86_64\bin\zip.dll
Event: 0.966 Loaded shared library C:\Softwares\vscode\Extensions\redhat.java-1.34.0-win32-x64\jre\17.0.12-win32-x86_64\bin\instrument.dll
Event: 1.185 Loaded shared library C:\Softwares\vscode\Extensions\redhat.java-1.34.0-win32-x64\jre\17.0.12-win32-x86_64\bin\net.dll
Event: 1.400 Loaded shared library C:\Softwares\vscode\Extensions\redhat.java-1.34.0-win32-x64\jre\17.0.12-win32-x86_64\bin\nio.dll
Event: 1.405 Loaded shared library C:\Softwares\vscode\Extensions\redhat.java-1.34.0-win32-x64\jre\17.0.12-win32-x86_64\bin\zip.dll
Event: 1.420 Loaded shared library C:\Softwares\vscode\Extensions\redhat.java-1.34.0-win32-x64\jre\17.0.12-win32-x86_64\bin\jimage.dll
Event: 1.671 Loaded shared library c:\Softwares\vscode\Extensions\redhat.java-1.34.0-win32-x64\jre\17.0.12-win32-x86_64\bin\verify.dll
Event: 49.641 Loaded shared library C:\AppData\Roaming\Code\User\globalStorage\redhat.java\1.34.0\config_win\org.eclipse.equinox.launcher\org.eclipse.equinox.launcher.win32.win32.x86_64_1.2.1100.v20240722-2106\eclipse_11904.dll
Event: 50.514 Loaded shared library C:\Softwares\vscode\Extensions\redhat.java-1.34.0-win32-x64\jre\17.0.12-win32-x86_64\bin\management.dll
Event: 50.516 Loaded shared library C:\Softwares\vscode\Extensions\redhat.java-1.34.0-win32-x64\jre\17.0.12-win32-x86_64\bin\management_ext.dll
Event: 51.450 Loaded shared library C:\AppData\Local\Temp\jna--1946496584\jna14503911143105560938.dll
Event: 52.981 Loaded shared library C:\Softwares\vscode\Extensions\redhat.java-1.34.0-win32-x64\jre\17.0.12-win32-x86_64\bin\sunmscapi.dll
Event: 53.708 Loaded shared library C:\Softwares\vscode\Extensions\redhat.java-1.34.0-win32-x64\jre\17.0.12-win32-x86_64\bin\extnet.dll

Deoptimization events (20 events):
Event: 86.436 Thread 0x0000021010f20050 DEOPT PACKING pc=0x00000210010b0564 sp=0x00000099768fed50
Event: 86.436 Thread 0x0000021010f20050 DEOPT UNPACKING pc=0x0000021007586e43 sp=0x00000099768fe2d0 mode 0
Event: 86.478 Thread 0x0000021010f20050 DEOPT PACKING pc=0x00000210010558e3 sp=0x00000099768febc0
Event: 86.478 Thread 0x0000021010f20050 DEOPT UNPACKING pc=0x0000021007586e43 sp=0x00000099768fe128 mode 0
Event: 86.564 Thread 0x0000021010f20050 DEOPT PACKING pc=0x000002100106a099 sp=0x00000099768fec90
Event: 86.564 Thread 0x0000021010f20050 DEOPT UNPACKING pc=0x0000021007586e43 sp=0x00000099768fe0e8 mode 0
Event: 86.568 Thread 0x0000021010f20050 DEOPT PACKING pc=0x00000210010558e3 sp=0x00000099768febc0
Event: 86.568 Thread 0x0000021010f20050 DEOPT UNPACKING pc=0x0000021007586e43 sp=0x00000099768fe128 mode 0
Event: 86.583 Thread 0x0000021010f20050 DEOPT PACKING pc=0x00000210010558e3 sp=0x00000099768febc0
Event: 86.583 Thread 0x0000021010f20050 DEOPT UNPACKING pc=0x0000021007586e43 sp=0x00000099768fe128 mode 0
Event: 86.671 Thread 0x0000021010f20050 Uncommon trap: trap_request=0xffffff45 fr.pc=0x0000021007fc1434 relative=0x0000000000000134
Event: 86.672 Thread 0x0000021010f20050 Uncommon trap: reason=unstable_if action=reinterpret pc=0x0000021007fc1434 method=org.eclipse.jdt.internal.core.search.indexing.BinaryIndexer.replace(CC[C)[C @ 1 c2
Event: 86.672 Thread 0x0000021010f20050 DEOPT PACKING pc=0x0000021007fc1434 sp=0x00000099768fed00
Event: 86.672 Thread 0x0000021010f20050 DEOPT UNPACKING pc=0x00000210075866a3 sp=0x00000099768fec80 mode 2
Event: 86.680 Thread 0x0000021010f20050 DEOPT PACKING pc=0x00000210010558e3 sp=0x00000099768feb90
Event: 86.680 Thread 0x0000021010f20050 DEOPT UNPACKING pc=0x0000021007586e43 sp=0x00000099768fe0f8 mode 0
Event: 86.681 Thread 0x0000021010f20050 Uncommon trap: trap_request=0xffffff45 fr.pc=0x0000021007fe0fd0 relative=0x0000000000000550
Event: 86.681 Thread 0x0000021010f20050 Uncommon trap: reason=unstable_if action=reinterpret pc=0x0000021007fe0fd0 method=org.eclipse.jdt.internal.core.search.indexing.BinaryIndexer.addTypeReference([C)V @ 23 c2
Event: 86.681 Thread 0x0000021010f20050 DEOPT PACKING pc=0x0000021007fe0fd0 sp=0x00000099768feb10
Event: 86.681 Thread 0x0000021010f20050 DEOPT UNPACKING pc=0x00000210075866a3 sp=0x00000099768feae8 mode 2

Classes loaded (20 events):
Event: 84.932 Loading class jdk/internal/jrtfs/JrtPath
Event: 84.933 Loading class jdk/internal/jrtfs/JrtPath done
Event: 84.933 Loading class jdk/internal/jimage/ImageReader$Node
Event: 84.933 Loading class jdk/internal/jimage/ImageReader$Node done
Event: 84.938 Loading class java/nio/ByteBufferAsIntBufferL
Event: 84.938 Loading class java/nio/ByteBufferAsIntBufferL done
Event: 84.942 Loading class jdk/internal/jimage/ImageReader$Directory
Event: 84.942 Loading class jdk/internal/jimage/ImageReader$Directory done
Event: 85.281 Loading class java/nio/channels/Channels$ReadableByteChannelImpl
Event: 85.282 Loading class java/nio/channels/Channels$ReadableByteChannelImpl done
Event: 85.283 Loading class java/nio/channels/NonWritableChannelException
Event: 85.283 Loading class java/nio/channels/NonWritableChannelException done
Event: 85.288 Loading class java/lang/invoke/BoundMethodHandle$Species_LLLLLLLLLL
Event: 85.288 Loading class java/lang/invoke/BoundMethodHandle$Species_LLLLLLLLLL done
Event: 85.289 Loading class java/lang/invoke/BoundMethodHandle$Species_LLLLLLLLLLL
Event: 85.289 Loading class java/lang/invoke/BoundMethodHandle$Species_LLLLLLLLLLL done
Event: 85.290 Loading class java/lang/invoke/BoundMethodHandle$Species_LLLLLLLLLLLL
Event: 85.290 Loading class java/lang/invoke/BoundMethodHandle$Species_LLLLLLLLLLLL done
Event: 85.291 Loading class java/lang/invoke/BoundMethodHandle$Species_LLLLLLLLLLLLL
Event: 85.291 Loading class java/lang/invoke/BoundMethodHandle$Species_LLLLLLLLLLLLL done

Classes unloaded (7 events):
Event: 51.389 Thread 0x000002100f0414b0 Unloading class 0x0000000100260000 'java/lang/invoke/LambdaForm$MH+0x0000000100260000'
Event: 51.389 Thread 0x000002100f0414b0 Unloading class 0x000000010025fc00 'java/lang/invoke/LambdaForm$MH+0x000000010025fc00'
Event: 51.389 Thread 0x000002100f0414b0 Unloading class 0x000000010025f800 'java/lang/invoke/LambdaForm$MH+0x000000010025f800'
Event: 51.389 Thread 0x000002100f0414b0 Unloading class 0x000000010025f400 'java/lang/invoke/LambdaForm$MH+0x000000010025f400'
Event: 51.389 Thread 0x000002100f0414b0 Unloading class 0x000000010025f000 'java/lang/invoke/LambdaForm$BMH+0x000000010025f000'
Event: 51.389 Thread 0x000002100f0414b0 Unloading class 0x000000010025ec00 'java/lang/invoke/LambdaForm$DMH+0x000000010025ec00'
Event: 51.389 Thread 0x000002100f0414b0 Unloading class 0x000000010025c400 'java/lang/invoke/LambdaForm$DMH+0x000000010025c400'

Classes redefined (0 events):
No events

Internal exceptions (20 events):
Event: 83.331 Thread 0x0000021010f1a020 Exception <a 'java/lang/NoSuchMethodError'{0x00000000eb1a53a0}: 'java.lang.Object java.lang.invoke.DirectMethodHandle$Holder.invokeSpecial(java.lang.Object, java.lang.Object, java.lang.Object, java.lang.Object, int)'> (0x00000000eb1a53a0) 
thrown [s\src\hotspot\share\interpreter\linkResolver.cpp, line 759]
Event: 83.332 Thread 0x0000021010f1a020 Exception <a 'java/lang/NoSuchMethodError'{0x00000000eb1a98b8}: 'java.lang.Object java.lang.invoke.Invokers$Holder.linkToTargetMethod(java.lang.Object, java.lang.Object, int, java.lang.Object)'> (0x00000000eb1a98b8) 
thrown [s\src\hotspot\share\interpreter\linkResolver.cpp, line 759]
Event: 83.350 Thread 0x0000021010f1a020 Exception <a 'java/io/FileNotFoundException'{0x00000000eb214430}> (0x00000000eb214430) 
thrown [s\src\hotspot\share\prims\jni.cpp, line 516]
Event: 83.352 Thread 0x0000021010f1a020 Exception <a 'java/io/FileNotFoundException'{0x00000000eb225ad0}> (0x00000000eb225ad0) 
thrown [s\src\hotspot\share\prims\jni.cpp, line 516]
Event: 83.355 Thread 0x0000021010f1a020 Exception <a 'java/io/FileNotFoundException'{0x00000000eb305658}> (0x00000000eb305658) 
thrown [s\src\hotspot\share\prims\jni.cpp, line 516]
Event: 83.355 Thread 0x0000021010f1a020 Exception <a 'java/io/FileNotFoundException'{0x00000000eb306820}> (0x00000000eb306820) 
thrown [s\src\hotspot\share\prims\jni.cpp, line 516]
Event: 83.355 Thread 0x0000021010f1a020 Exception <a 'java/io/FileNotFoundException'{0x00000000eb3079e0}> (0x00000000eb3079e0) 
thrown [s\src\hotspot\share\prims\jni.cpp, line 516]
Event: 84.927 Thread 0x0000021010f20050 Exception <a 'java/lang/NoSuchMethodError'{0x00000000eaffeec0}: 'java.lang.Object java.lang.invoke.Invokers$Holder.invoke_MT(java.lang.Object, java.lang.Object, java.lang.Object)'> (0x00000000eaffeec0) 
thrown [s\src\hotspot\share\interpreter\linkResolver.cpp, line 759]
Event: 85.291 Thread 0x0000021013119b40 Exception <a 'java/lang/NoSuchMethodError'{0x00000000ebc7abd0}: 'java.lang.Object java.lang.invoke.DirectMethodHandle$Holder.invokeSpecial(java.lang.Object, java.lang.Object, java.lang.Object, java.lang.Object, java.lang.Object, java.lang.Object, java.lang.Object, java.lang.Object, java.lang.Object, java.lang.Object)'> (0x00000000ebc7abd0) 
thrown [s\src\hotspot\share\interpreter\linkResolver.cpp, line 759]
Event: 85.291 Thread 0x0000021013119b40 Exception <a 'java/lang/NoSuchMethodError'{0x00000000ebc7f1b8}: 'java.lang.Object java.lang.invoke.Invokers$Holder.invoke_MT(java.lang.Object, java.lang.Object, java.lang.Object, java.lang.Object, java.lang.Object, java.lang.Object, java.lang.Object, java.lang.Object, java.lang.Object, java.lang.Object)'> (0x00000000ebc7f1b8) 
thrown [s\src\hotspot\share\interpreter\linkResolver.cpp, line 759]
Event: 85.375 Thread 0x0000021013119b40 Implicit null exception at 0x0000021007cfc74f to 0x0000021007cffa08
Event: 85.376 Thread 0x0000021013119b40 Exception <a 'java/lang/NoSuchMethodError'{0x00000000eab3b870}: 'java.lang.Object java.lang.invoke.DirectMethodHandle$Holder.invokeSpecial(java.lang.Object, java.lang.Object, java.lang.Object, java.lang.Object, java.lang.Object, java.lang.Object, java.lang.Object, java.lang.Object, java.lang.Object, java.lang.Object, java.lang.Object)'> (0x00000000eab3b870) 
thrown [s\src\hotspot\share\interpreter\linkResolver.cpp, line 759]
Event: 85.376 Thread 0x0000021013119b40 Exception <a 'java/lang/NoSuchMethodError'{0x00000000eab40040}: 'java.lang.Object java.lang.invoke.Invokers$Holder.invoke_MT(java.lang.Object, java.lang.Object, java.lang.Object, java.lang.Object, java.lang.Object, java.lang.Object, java.lang.Object, java.lang.Object, java.lang.Object, java.lang.Object, java.lang.Object)'> (0x00000000eab40040) 
thrown [s\src\hotspot\share\interpreter\linkResolver.cpp, line 759]
Event: 85.396 Thread 0x0000021013119b40 Exception <a 'java/lang/NoSuchMethodError'{0x00000000eac33900}: 'java.lang.Object java.lang.invoke.DirectMethodHandle$Holder.newInvokeSpecial(java.lang.Object, java.lang.Object, java.lang.Object, java.lang.Object, java.lang.Object, java.lang.Object, java.lang.Object, java.lang.Object)'> (0x00000000eac33900) 
thrown [s\src\hotspot\share\interpreter\linkResolver.cpp, line 759]
Event: 85.397 Thread 0x0000021013119b40 Exception <a 'java/lang/NoSuchMethodError'{0x00000000eac38360}: 'java.lang.Object java.lang.invoke.Invokers$Holder.linkToTargetMethod(java.lang.Object, java.lang.Object, java.lang.Object, java.lang.Object, java.lang.Object, java.lang.Object, java.lang.Object, java.lang.Object)'> (0x00000000eac38360) 
thrown [s\src\hotspot\share\interpreter\linkResolver.cpp, line 759]
Event: 85.400 Thread 0x0000021013119b40 Exception <a 'java/lang/NoSuchMethodError'{0x00000000eacfb5e0}: 'java.lang.Object java.lang.invoke.DirectMethodHandle$Holder.invokeStatic(java.lang.Object, java.lang.Object, int, java.lang.Object, java.lang.Object)'> (0x00000000eacfb5e0) 
thrown [s\src\hotspot\share\interpreter\linkResolver.cpp, line 759]
Event: 85.400 Thread 0x0000021013119b40 Exception <a 'java/lang/NoSuchMethodError'{0x00000000ead02908}: 'java.lang.Object java.lang.invoke.DirectMethodHandle$Holder.newInvokeSpecial(java.lang.Object, java.lang.Object, int)'> (0x00000000ead02908) 
thrown [s\src\hotspot\share\interpreter\linkResolver.cpp, line 759]
Event: 85.521 Thread 0x0000021013119b40 Exception <a 'java/lang/NoSuchMethodError'{0x00000000eae9b558}: 'void java.lang.invoke.DirectMethodHandle$Holder.invokeStatic(java.lang.Object, int)'> (0x00000000eae9b558) 
thrown [s\src\hotspot\share\interpreter\linkResolver.cpp, line 759]
Event: 85.877 Thread 0x0000021013119b40 Exception <a 'java/io/FileNotFoundException'{0x00000000eb649400}> (0x00000000eb649400) 
thrown [s\src\hotspot\share\prims\jni.cpp, line 516]
Event: 86.671 Thread 0x0000021010f20050 Implicit null exception at 0x0000021007fc132c to 0x0000021007fc141c

VM Operations (20 events):
Event: 84.939 Executing VM operation: HandshakeAllThreads
Event: 84.939 Executing VM operation: HandshakeAllThreads done
Event: 84.940 Executing VM operation: HandshakeAllThreads
Event: 84.940 Executing VM operation: HandshakeAllThreads done
Event: 85.164 Executing VM operation: HandshakeAllThreads
Event: 85.164 Executing VM operation: HandshakeAllThreads done
Event: 85.282 Executing VM operation: HandshakeAllThreads
Event: 85.283 Executing VM operation: HandshakeAllThreads done
Event: 85.317 Executing VM operation: ParallelGCFailedAllocation
Event: 85.369 Executing VM operation: ParallelGCFailedAllocation done
Event: 85.389 Executing VM operation: HandshakeAllThreads
Event: 85.389 Executing VM operation: HandshakeAllThreads done
Event: 85.528 Executing VM operation: HandshakeAllThreads
Event: 85.528 Executing VM operation: HandshakeAllThreads done
Event: 85.771 Executing VM operation: HandshakeAllThreads
Event: 85.771 Executing VM operation: HandshakeAllThreads done
Event: 86.204 Executing VM operation: ParallelGCFailedAllocation
Event: 86.207 Executing VM operation: ParallelGCFailedAllocation done
Event: 86.435 Executing VM operation: HandshakeAllThreads
Event: 86.435 Executing VM operation: HandshakeAllThreads done

Events (20 events):
Event: 69.416 Thread 0x0000021011577840 Thread exited: 0x0000021011577840
Event: 79.251 Thread 0x000002101311b490 Thread added: 0x000002101311b490
Event: 79.251 Thread 0x000002101311c3c0 Thread added: 0x000002101311c3c0
Event: 79.251 Thread 0x000002101311a560 Thread added: 0x000002101311a560
Event: 79.251 Thread 0x00000210131181f0 Thread added: 0x00000210131181f0
Event: 79.251 Thread 0x000002101311c8d0 Thread added: 0x000002101311c8d0
Event: 79.251 Thread 0x000002101311e220 Thread added: 0x000002101311e220
Event: 79.251 Thread 0x0000021013118700 Thread added: 0x0000021013118700
Event: 79.251 Thread 0x000002101311cde0 Thread added: 0x000002101311cde0
Event: 79.278 Thread 0x0000021011577840 Thread added: 0x0000021011577840
Event: 80.671 Thread 0x0000021011577840 Thread exited: 0x0000021011577840
Event: 80.741 Thread 0x000002100f08e420 flushing nmethod 0x0000021000a05390
Event: 80.808 Thread 0x0000021011577840 Thread added: 0x0000021011577840
Event: 81.722 Thread 0x0000021011577840 Thread exited: 0x0000021011577840
Event: 82.708 Thread 0x0000021011577840 Thread added: 0x0000021011577840
Event: 83.046 Thread 0x0000021011577840 Thread exited: 0x0000021011577840
Event: 83.239 Thread 0x0000021013119630 Thread added: 0x0000021013119630
Event: 83.586 Thread 0x0000021011577840 Thread added: 0x0000021011577840
Event: 84.176 Thread 0x0000021011577840 Thread exited: 0x0000021011577840
Event: 85.045 Thread 0x00000210137b09c0 Thread added: 0x00000210137b09c0


Dynamic libraries:
0x00007ff7eb7e0000 - 0x00007ff7eb7ee000 	c:\Softwares\vscode\Extensions\redhat.java-1.34.0-win32-x64\jre\17.0.12-win32-x86_64\bin\java.exe
0x00007ffbcf0d0000 - 0x00007ffbcf2c8000 	C:\windows\SYSTEM32\ntdll.dll
0x00007ffbcd0d0000 - 0x00007ffbcd191000 	C:\windows\System32\KERNEL32.DLL
0x00007ffbccc00000 - 0x00007ffbccef6000 	C:\windows\System32\KERNELBASE.dll
0x00007ffbc9490000 - 0x00007ffbc9524000 	C:\windows\SYSTEM32\apphelp.dll
0x00007ffbccf00000 - 0x00007ffbcd000000 	C:\windows\System32\ucrtbase.dll
0x00007ffba6930000 - 0x00007ffba694b000 	c:\Softwares\vscode\Extensions\redhat.java-1.34.0-win32-x64\jre\17.0.12-win32-x86_64\bin\VCRUNTIME140.dll
0x00007ffbb1ae0000 - 0x00007ffbb1af7000 	c:\Softwares\vscode\Extensions\redhat.java-1.34.0-win32-x64\jre\17.0.12-win32-x86_64\bin\jli.dll
0x00007ffbce6e0000 - 0x00007ffbce87f000 	C:\windows\System32\USER32.dll
0x00007ffbbb420000 - 0x00007ffbbb6ba000 	C:\windows\WinSxS\amd64_microsoft.windows.common-controls_6595b64144ccf1df_6.0.19041.4355_none_60b8b9eb71f62e16\COMCTL32.dll
0x00007ffbcd030000 - 0x00007ffbcd052000 	C:\windows\System32\win32u.dll
0x00007ffbcda00000 - 0x00007ffbcda9e000 	C:\windows\System32\msvcrt.dll
0x00007ffbce580000 - 0x00007ffbce5ab000 	C:\windows\System32\GDI32.dll
0x00007ffbcc750000 - 0x00007ffbcc867000 	C:\windows\System32\gdi32full.dll
0x00007ffbccb60000 - 0x00007ffbccbfd000 	C:\windows\System32\msvcp_win.dll
0x00007ffbce880000 - 0x00007ffbce8af000 	C:\windows\System32\IMM32.DLL
0x00007ffbb6ad0000 - 0x00007ffbb6adc000 	c:\Softwares\vscode\Extensions\redhat.java-1.34.0-win32-x64\jre\17.0.12-win32-x86_64\bin\vcruntime140_1.dll
0x00007ffb7c6a0000 - 0x00007ffb7c72d000 	c:\Softwares\vscode\Extensions\redhat.java-1.34.0-win32-x64\jre\17.0.12-win32-x86_64\bin\msvcp140.dll
0x00007ffb5e2b0000 - 0x00007ffb5ef1a000 	c:\Softwares\vscode\Extensions\redhat.java-1.34.0-win32-x64\jre\17.0.12-win32-x86_64\bin\server\jvm.dll
0x00007ffbce4d0000 - 0x00007ffbce580000 	C:\windows\System32\ADVAPI32.dll
0x00007ffbce640000 - 0x00007ffbce6e0000 	C:\windows\System32\sechost.dll
0x00007ffbcd8d0000 - 0x00007ffbcd9f3000 	C:\windows\System32\RPCRT4.dll
0x00007ffbcd000000 - 0x00007ffbcd027000 	C:\windows\System32\bcrypt.dll
0x00007ffbcef80000 - 0x00007ffbcefeb000 	C:\windows\System32\WS2_32.dll
0x00007ffbcc5a0000 - 0x00007ffbcc5eb000 	C:\windows\SYSTEM32\POWRPROF.dll
0x00007ffbc0ce0000 - 0x00007ffbc0cea000 	C:\windows\SYSTEM32\VERSION.dll
0x00007ffbc16c0000 - 0x00007ffbc16e7000 	C:\windows\SYSTEM32\WINMM.dll
0x00007ffbcc580000 - 0x00007ffbcc592000 	C:\windows\SYSTEM32\UMPDC.dll
0x00007ffbca3d0000 - 0x00007ffbca3e2000 	C:\windows\SYSTEM32\kernel.appcore.dll
0x00007ffbb1ad0000 - 0x00007ffbb1ada000 	c:\Softwares\vscode\Extensions\redhat.java-1.34.0-win32-x64\jre\17.0.12-win32-x86_64\bin\jimage.dll
0x00007ffbb6e30000 - 0x00007ffbb7014000 	C:\windows\SYSTEM32\DBGHELP.DLL
0x00007ffbbb090000 - 0x00007ffbbb0c4000 	C:\windows\SYSTEM32\dbgcore.DLL
0x00007ffbcc9d0000 - 0x00007ffbcca52000 	C:\windows\System32\bcryptPrimitives.dll
0x00007ffbac6f0000 - 0x00007ffbac6fe000 	c:\Softwares\vscode\Extensions\redhat.java-1.34.0-win32-x64\jre\17.0.12-win32-x86_64\bin\instrument.dll
0x00007ffba6900000 - 0x00007ffba6925000 	c:\Softwares\vscode\Extensions\redhat.java-1.34.0-win32-x64\jre\17.0.12-win32-x86_64\bin\java.dll
0x00007ffba6760000 - 0x00007ffba6778000 	c:\Softwares\vscode\Extensions\redhat.java-1.34.0-win32-x64\jre\17.0.12-win32-x86_64\bin\zip.dll
0x00007ffbcdd60000 - 0x00007ffbce4cc000 	C:\windows\System32\SHELL32.dll
0x00007ffbca5d0000 - 0x00007ffbcad6e000 	C:\windows\SYSTEM32\windows.storage.dll
0x00007ffbcea90000 - 0x00007ffbcede3000 	C:\windows\System32\combase.dll
0x00007ffbcbfc0000 - 0x00007ffbcbfee000 	C:\windows\SYSTEM32\Wldp.dll
0x00007ffbce9c0000 - 0x00007ffbcea8d000 	C:\windows\System32\OLEAUT32.dll
0x00007ffbce910000 - 0x00007ffbce9bd000 	C:\windows\System32\SHCORE.dll
0x00007ffbcdb20000 - 0x00007ffbcdb75000 	C:\windows\System32\shlwapi.dll
0x00007ffbcc680000 - 0x00007ffbcc6a4000 	C:\windows\SYSTEM32\profapi.dll
0x00007ffba0990000 - 0x00007ffba09a9000 	C:\Softwares\vscode\Extensions\redhat.java-1.34.0-win32-x64\jre\17.0.12-win32-x86_64\bin\net.dll
0x00007ffbc7240000 - 0x00007ffbc734a000 	C:\windows\SYSTEM32\WINHTTP.dll
0x00007ffbcbda0000 - 0x00007ffbcbe0a000 	C:\windows\system32\mswsock.dll
0x00007ffb986d0000 - 0x00007ffb986e6000 	C:\Softwares\vscode\Extensions\redhat.java-1.34.0-win32-x64\jre\17.0.12-win32-x86_64\bin\nio.dll
0x00007ffbac5a0000 - 0x00007ffbac5b0000 	c:\Softwares\vscode\Extensions\redhat.java-1.34.0-win32-x64\jre\17.0.12-win32-x86_64\bin\verify.dll
0x00007ffb7c650000 - 0x00007ffb7c695000 	C:\AppData\Roaming\Code\User\globalStorage\redhat.java\1.34.0\config_win\org.eclipse.equinox.launcher\org.eclipse.equinox.launcher.win32.win32.x86_64_1.2.1100.v20240722-2106\eclipse_11904.dll
0x00007ffbcdc30000 - 0x00007ffbcdd5b000 	C:\windows\System32\ole32.dll
0x00007ffbb26e0000 - 0x00007ffbb26e9000 	C:\Softwares\vscode\Extensions\redhat.java-1.34.0-win32-x64\jre\17.0.12-win32-x86_64\bin\management.dll
0x00007ffbaaec0000 - 0x00007ffbaaecb000 	C:\Softwares\vscode\Extensions\redhat.java-1.34.0-win32-x64\jre\17.0.12-win32-x86_64\bin\management_ext.dll
0x00007ffbcf050000 - 0x00007ffbcf058000 	C:\windows\System32\PSAPI.DLL
0x00007ffbcc310000 - 0x00007ffbcc328000 	C:\windows\SYSTEM32\CRYPTSP.dll
0x00007ffbcb6e0000 - 0x00007ffbcb714000 	C:\windows\system32\rsaenh.dll
0x00007ffbcc630000 - 0x00007ffbcc65e000 	C:\windows\SYSTEM32\USERENV.dll
0x00007ffbcbf30000 - 0x00007ffbcbf3c000 	C:\windows\SYSTEM32\CRYPTBASE.dll
0x00007ffbcbaa0000 - 0x00007ffbcbadb000 	C:\windows\SYSTEM32\IPHLPAPI.DLL
0x00007ffbcef70000 - 0x00007ffbcef78000 	C:\windows\System32\NSI.dll
0x00007ffbc7760000 - 0x00007ffbc7777000 	C:\windows\SYSTEM32\dhcpcsvc6.DLL
0x00007ffbc7740000 - 0x00007ffbc775d000 	C:\windows\SYSTEM32\dhcpcsvc.DLL
0x00007ffbcbae0000 - 0x00007ffbcbbaa000 	C:\windows\SYSTEM32\DNSAPI.dll
0x00007ffb77e60000 - 0x00007ffb77ea5000 	C:\AppData\Local\Temp\jna--1946496584\jna14503911143105560938.dll
0x00007ffbaabc0000 - 0x00007ffbaabce000 	C:\Softwares\vscode\Extensions\redhat.java-1.34.0-win32-x64\jre\17.0.12-win32-x86_64\bin\sunmscapi.dll
0x00007ffbcc870000 - 0x00007ffbcc9ce000 	C:\windows\System32\CRYPT32.dll
0x00007ffbcc030000 - 0x00007ffbcc059000 	C:\windows\SYSTEM32\ncrypt.dll
0x00007ffbcbff0000 - 0x00007ffbcc02b000 	C:\windows\SYSTEM32\NTASN1.dll
0x00007ffbc6f60000 - 0x00007ffbc6f6a000 	C:\Windows\System32\rasadhlp.dll
0x00007ffbc8fe0000 - 0x00007ffbc9060000 	C:\windows\System32\fwpuclnt.dll
0x00007ffbaac90000 - 0x00007ffbaac99000 	C:\Softwares\vscode\Extensions\redhat.java-1.34.0-win32-x64\jre\17.0.12-win32-x86_64\bin\extnet.dll

dbghelp: loaded successfully - version: 4.0.5 - missing functions: none
symbol engine: initialized successfully - sym options: 0x614 - pdb path: .;c:\Softwares\vscode\Extensions\redhat.java-1.34.0-win32-x64\jre\17.0.12-win32-x86_64\bin;C:\windows\SYSTEM32;C:\windows\WinSxS\amd64_microsoft.windows.common-controls_6595b64144ccf1df_6.0.19041.4355_none_60b8b9eb71f62e16;c:\Softwares\vscode\Extensions\redhat.java-1.34.0-win32-x64\jre\17.0.12-win32-x86_64\bin\server;C:\AppData\Roaming\Code\User\globalStorage\redhat.java\1.34.0\config_win\org.eclipse.equinox.launcher\org.eclipse.equinox.launcher.win32.win32.x86_64_1.2.1100.v20240722-2106;C:\AppData\Local\Temp\jna--1946496584

VM Arguments:
jvm_args: --add-modules=ALL-SYSTEM --add-opens=java.base/java.util=ALL-UNNAMED --add-opens=java.base/java.lang=ALL-UNNAMED --add-opens=java.base/sun.nio.fs=ALL-UNNAMED -Declipse.application=org.eclipse.jdt.ls.core.id1 -Dosgi.bundles.defaultStartLevel=4 -Declipse.product=org.eclipse.jdt.ls.core.product -Djava.import.generatesMetadataFilesAtProjectRoot=false -DDetectVMInstallationsJob.disabled=true -Dfile.encoding=utf8 -XX:+UseParallelGC -XX:GCTimeRatio=4 -XX:AdaptiveSizePolicyWeight=90 -Dsun.zip.disableMemoryMapping=true -Xmx1G -Xms100m -Xlog:disable -javaagent:c:\Softwares\vscode\Extensions\redhat.java-1.34.0-win32-x64\lombok\lombok-1.18.33.jar -XX:+HeapDumpOnOutOfMemoryError -XX:HeapDumpPath=c:\AppData\Roaming\Code\User\workspaceStorage\41a76ab1ca7e31021153c9ba286888ef\redhat.java -Daether.dependencyCollector.impl=bf 
java_command: c:\Softwares\vscode\Extensions\redhat.java-1.34.0-win32-x64\server\plugins\org.eclipse.equinox.launcher_1.6.900.v20240613-2009.jar -configuration c:\AppData\Roaming\Code\User\globalStorage\redhat.java\1.34.0\config_win -data c:\AppData\Roaming\Code\User\workspaceStorage\41a76ab1ca7e31021153c9ba286888ef\redhat.java\jdt_ws --pipe=\\.\pipe\lsp-cbf45ddbff2e0f0491a3b7ccbbfd1db6-sock
java_class_path (initial): c:\Softwares\vscode\Extensions\redhat.java-1.34.0-win32-x64\server\plugins\org.eclipse.equinox.launcher_1.6.900.v20240613-2009.jar
Launcher Type: SUN_STANDARD

[Global flags]
    uintx AdaptiveSizePolicyWeight                 = 90                                        {product} {command line}
     intx CICompilerCount                          = 4                                         {product} {ergonomic}
    uintx GCTimeRatio                              = 4                                         {product} {command line}
     bool HeapDumpOnOutOfMemoryError               = true                                   {manageable} {command line}
    ccstr HeapDumpPath                             = c:\AppData\Roaming\Code\User\workspaceStorage\41a76ab1ca7e31021153c9ba286888ef\redhat.java         {manageable} {command line}
   size_t InitialHeapSize                          = 104857600                                 {product} {command line}
   size_t MaxHeapSize                              = 1073741824                                {product} {command line}
   size_t MaxNewSize                               = 357564416                                 {product} {ergonomic}
   size_t MinHeapDeltaBytes                        = 524288                                    {product} {ergonomic}
   size_t MinHeapSize                              = 104857600                                 {product} {command line}
   size_t NewSize                                  = 34603008                                  {product} {ergonomic}
    uintx NonNMethodCodeHeapSize                   = 5839372                                {pd product} {ergonomic}
    uintx NonProfiledCodeHeapSize                  = 122909434                              {pd product} {ergonomic}
   size_t OldSize                                  = 70254592                                  {product} {ergonomic}
    uintx ProfiledCodeHeapSize                     = 122909434                              {pd product} {ergonomic}
    uintx ReservedCodeCacheSize                    = 251658240                              {pd product} {ergonomic}
     bool SegmentedCodeCache                       = true                                      {product} {ergonomic}
   size_t SoftMaxHeapSize                          = 1073741824                             {manageable} {ergonomic}
     bool UseCompressedClassPointers               = true                           {product lp64_product} {ergonomic}
     bool UseCompressedOops                        = true                           {product lp64_product} {ergonomic}
     bool UseLargePagesIndividualAllocation        = false                                  {pd product} {ergonomic}
     bool UseParallelGC                            = true                                      {product} {command line}

Logging:
Log output configuration:
 #0: stdout all=off uptime,level,tags
 #1: stderr all=off uptime,level,tags

Environment Variables:
JAVA_HOME=C:\Program Files\Java\jdk-18.0.2.1
PATH=C:\Users\labsfiap\bin;C:\Program Files\Git\mingw64\bin;C:\Program Files\Git\usr\local\bin;C:\Program Files\Git\usr\bin;C:\Program Files\Git\usr\bin;C:\Program Files\Git\mingw64\bin;C:\Program Files\Git\usr\bin;C:\Users\labsfiap\bin;C:\Program Files (x86)\VMware\VMware Workstation\bin;C:\Program Files\Microsoft SDKs\Azure\CLI2\wbin;C:\Program Files\Microsoft MPI\Bin;C:\Program Files\Python312\Scripts;C:\Program Files\Python312;C:\Program Files (x86)\NVIDIA Corporation\PhysX\Common;C:\Program Files\Java\jdk-18.0.2.1\bin;C:\OpenSource\gradle-8.7\bin;C:\OpenSource\flutter_windows_3.19.4-stable\flutter\bin;C:\windows\system32;C:\windows;C:\windows\System32\Wbem;C:\windows\System32\WindowsPowerShell\v1.0;C:\windows\System32\OpenSSH;C:\ProgramData\chocolatey\bin;C:\Program Files\dotnet;C:\Program Files\Common Files\Autodesk Shared;C:\Program Files\Microsoft VS Code\bin;C:\Program Files\Amazon\AWSCLIV2;C:\Program Files\Microsoft SQL Server\150\Tools\Binn;C:\Program Files\Microsoft SQL Server\Client SDK\ODBC\170\Tools\Binn;C:\Program Files (x86)\Windows Kits\10\Windows Performance Toolkit;C:\Program Files (x86)\Microsoft SQL Server\160\DTS\Binn;C:\Program Files\GitHub CLI;C:\OpenSource\php-8.3.4-Win32-vs16-x64;C:\Program Files\PuTTY;C:\ProgramData\ComposerSetup\bin;C:\OpenSource\DataCleaner;C:\OpenSource\kafka_2.13-3.7.0\bin;C:\OpenSource\mockito-all-2.0.2-beta.jar;C:\OpenSource\neo4j-community-5.18.1\bin;C:\Program Files\Microchip\xc8\v2.46\bin;C:\Program Files\Microchip\xc-dsc\v3.00\bin;C:\Program Files\Microchip\xc16\v2.10\bin;C:\Program Files\Microchip\xc32\v4.35\bin;C:\Program Files\Rancher Desktop\resources\resources\win32\bin;C:\Program Files\Rancher Desktop\resources\resources\linux\bin;C:\AndroidSDK\tools;C:\AndroidSDK\platform-tools;C:\AndroidSDK\emulator;C:\AndroidSDK;C:\Program Files (x86)\Microsoft SQL Server\150\Tools\Binn;C:\Program Files\Microsoft SQL Server\150\DTS\Binn;C:\Program Files (x86)\Windows Kits\8.1\Windows Performance Toolkit;C:\Program Files\Va
USERNAME=labsfiap
SHELL=C:\Program Files\Git\usr\bin\bash.exe
DISPLAY=needs-to-be-defined
LC_CTYPE=en_US.UTF-8
TERM=xterm
TMPDIR=C:\AppData\Local\Temp
OS=Windows_NT
PROCESSOR_IDENTIFIER=Intel64 Family 6 Model 60 Stepping 3, GenuineIntel
TMP=C:\AppData\Local\Temp
TEMP=C:\AppData\Local\Temp



Periodic native trim disabled


---------------  S Y S T E M  ---------------

OS:
 Windows 10 , 64 bit Build 19041 (10.0.19041.4597)
OS uptime: 0 days 2:47 hours
Hyper-V role detected

CPU: total 8 (initial active 8) (4 cores per cpu, 2 threads per core) family 6 model 60 stepping 3 microcode 0x27, cx8, cmov, fxsr, ht, mmx, sse, sse2, sse3, ssse3, sse4.1, sse4.2, popcnt, lzcnt, tsc, tscinvbit, avx, avx2, aes, erms, clmul, bmi1, bmi2, fma, vzeroupper, clflush, hv
Processor Information for all 8 processors :
  Max Mhz: 3601, Current Mhz: 3601, Mhz Limit: 3601

Memory: 4k page, system-wide physical 16289M (407M free)
TotalPageFile size 16289M (AvailPageFile size 5M)
current process WorkingSet (physical memory assigned to process): 242M, peak: 243M
current process commit charge ("private bytes"): 323M, peak: 328M

vm_info: OpenJDK 64-Bit Server VM (17.0.12+7) for windows-amd64 JRE (17.0.12+7), built on Jul 16 2024 22:08:24 by "admin" with MS VC++ 16.10 / 16.11 (VS2019)

END.
