#
# There is insufficient memory for the Java Runtime Environment to continue.
# Native memory allocation (malloc) failed to allocate 32784 bytes. Error detail: Chunk::new
# Possible reasons:
#   The system is out of physical RAM or swap space
#   This process is running with CompressedOops enabled, and the Java Heap may be blocking the growth of the native heap
# Possible solutions:
#   Reduce memory load on the system
#   Increase physical memory or swap space
#   Check if swap backing store is full
#   Decrease Java heap size (-Xmx/-Xms)
#   Decrease number of Java threads
#   Decrease Java thread stack sizes (-Xss)
#   Set larger code cache with -XX:ReservedCodeCacheSize=
#   JVM is running with Unscaled Compressed Oops mode in which the Java heap is
#     placed in the first 4GB address space. The Java Heap base address is the
#     maximum limit for the native heap growth. Please use -XX:HeapBaseMinAddress
#     to set the Java Heap base and to place the Java Heap above 4GB virtual address.
# This output file may be truncated or incomplete.
#
#  Out of Memory Error (arena.cpp:191), pid=30532, tid=27300
#
# JRE version: OpenJDK Runtime Environment Temurin-17.0.12+7 (17.0.12+7) (build 17.0.12+7)
# Java VM: OpenJDK 64-Bit Server VM Temurin-17.0.12+7 (17.0.12+7, mixed mode, tiered, compressed oops, compressed class ptrs, parallel gc, windows-amd64)
# No core dump will be written. Minidumps are not enabled by default on client versions of Windows
#

---------------  S U M M A R Y ------------

Command Line: --add-modules=ALL-SYSTEM --add-opens=java.base/java.util=ALL-UNNAMED --add-opens=java.base/java.lang=ALL-UNNAMED --add-opens=java.base/sun.nio.fs=ALL-UNNAMED -Declipse.application=org.eclipse.jdt.ls.core.id1 -Dosgi.bundles.defaultStartLevel=4 -Declipse.product=org.eclipse.jdt.ls.core.product -Djava.import.generatesMetadataFilesAtProjectRoot=false -DDetectVMInstallationsJob.disabled=true -Dfile.encoding=utf8 -XX:+UseParallelGC -XX:GCTimeRatio=4 -XX:AdaptiveSizePolicyWeight=90 -Dsun.zip.disableMemoryMapping=true -Xmx1G -Xms100m -Xlog:disable -javaagent:c:\Softwares\vscode\Extensions\redhat.java-1.34.0-win32-x64\lombok\lombok-1.18.33.jar -XX:+HeapDumpOnOutOfMemoryError -XX:HeapDumpPath=c:\AppData\Roaming\Code\User\workspaceStorage\41a76ab1ca7e31021153c9ba286888ef\redhat.java -Daether.dependencyCollector.impl=bf c:\Softwares\vscode\Extensions\redhat.java-1.34.0-win32-x64\server\plugins\org.eclipse.equinox.launcher_1.6.900.v20240613-2009.jar -configuration c:\AppData\Roaming\Code\User\globalStorage\redhat.java\1.34.0\config_win -data c:\AppData\Roaming\Code\User\workspaceStorage\41a76ab1ca7e31021153c9ba286888ef\redhat.java\jdt_ws --pipe=\\.\pipe\lsp-505a0f6e5f35717b880102d7e49fcb27-sock

Host: Intel(R) Core(TM) i7-4790 CPU @ 3.60GHz, 8 cores, 15G,  Windows 10 , 64 bit Build 19041 (10.0.19041.4597)
Time: Fri Sep 13 22:36:11 2024 Tocantins Standard Time elapsed time: 1.464090 seconds (0d 0h 0m 1s)

---------------  T H R E A D  ---------------

Current thread (0x000001ed98f5a050):  JavaThread "C2 CompilerThread0" daemon [_thread_in_native, id=27300, stack(0x0000002ae6600000,0x0000002ae6700000)]


Current CompileTask:
C2:   1464 1599   !   4       java.util.concurrent.ConcurrentHashMap::putVal (433 bytes)

Stack: [0x0000002ae6600000,0x0000002ae6700000]
Native frames: (J=compiled Java code, j=interpreted, Vv=VM code, C=native code)
V  [jvm.dll+0x67f929]
V  [jvm.dll+0x8371ba]
V  [jvm.dll+0x838c7e]
V  [jvm.dll+0x8392e3]
V  [jvm.dll+0x24834f]
V  [jvm.dll+0xac9d4]
V  [jvm.dll+0xad01c]
V  [jvm.dll+0x6a3483]
V  [jvm.dll+0x2194b2]
V  [jvm.dll+0x1a58bd]
V  [jvm.dll+0x229a2d]
V  [jvm.dll+0x227bdc]
V  [jvm.dll+0x7ec1f7]
V  [jvm.dll+0x7e65dc]
V  [jvm.dll+0x67e7f7]
C  [ucrtbase.dll+0x21bb2]
C  [KERNEL32.DLL+0x17374]
C  [ntdll.dll+0x4cc91]


---------------  P R O C E S S  ---------------

Threads class SMR info:
_java_thread_list=0x000001ed9a8c0ea0, length=17, elements={
0x000001edfef9b200, 0x000001edff04e5d0, 0x000001edff24e050, 0x000001ed98f46150,
0x000001ed98f46ee0, 0x000001ed98f49300, 0x000001ed98f54c60, 0x000001ed98f5a050,
0x000001ed98f5ad10, 0x000001ed98f639c0, 0x000001edff12c0d0, 0x000001ed9929c210,
0x000001ed99eb82d0, 0x000001ed9928bfc0, 0x000001ed9a346e20, 0x000001ed9a16aac0,
0x000001ed9ad84880
}

Java Threads: ( => current thread )
  0x000001edfef9b200 JavaThread "main" [_thread_blocked, id=30096, stack(0x0000002ae5d00000,0x0000002ae5e00000)]
  0x000001edff04e5d0 JavaThread "Reference Handler" daemon [_thread_blocked, id=9036, stack(0x0000002ae6000000,0x0000002ae6100000)]
  0x000001edff24e050 JavaThread "Finalizer" daemon [_thread_blocked, id=30860, stack(0x0000002ae6100000,0x0000002ae6200000)]
  0x000001ed98f46150 JavaThread "Signal Dispatcher" daemon [_thread_blocked, id=9100, stack(0x0000002ae6200000,0x0000002ae6300000)]
  0x000001ed98f46ee0 JavaThread "Attach Listener" daemon [_thread_blocked, id=11188, stack(0x0000002ae6300000,0x0000002ae6400000)]
  0x000001ed98f49300 JavaThread "Service Thread" daemon [_thread_blocked, id=27596, stack(0x0000002ae6400000,0x0000002ae6500000)]
  0x000001ed98f54c60 JavaThread "Monitor Deflation Thread" daemon [_thread_blocked, id=31636, stack(0x0000002ae6500000,0x0000002ae6600000)]
=>0x000001ed98f5a050 JavaThread "C2 CompilerThread0" daemon [_thread_in_native, id=27300, stack(0x0000002ae6600000,0x0000002ae6700000)]
  0x000001ed98f5ad10 JavaThread "C1 CompilerThread0" daemon [_thread_blocked, id=16220, stack(0x0000002ae6700000,0x0000002ae6800000)]
  0x000001ed98f639c0 JavaThread "Sweeper thread" daemon [_thread_blocked, id=6484, stack(0x0000002ae6800000,0x0000002ae6900000)]
  0x000001edff12c0d0 JavaThread "Common-Cleaner" daemon [_thread_blocked, id=828, stack(0x0000002ae6900000,0x0000002ae6a00000)]
  0x000001ed9929c210 JavaThread "Notification Thread" daemon [_thread_blocked, id=24924, stack(0x0000002ae6a00000,0x0000002ae6b00000)]
  0x000001ed99eb82d0 JavaThread "C2 CompilerThread1" daemon [_thread_blocked, id=26872, stack(0x0000002ae6c00000,0x0000002ae6d00000)]
  0x000001ed9928bfc0 JavaThread "C2 CompilerThread2" daemon [_thread_in_native, id=13416, stack(0x0000002ae6d00000,0x0000002ae6e00000)]
  0x000001ed9a346e20 JavaThread "Active Thread: Equinox Container: cfdd63df-4dc2-416a-b188-42d2bec45afc" [_thread_blocked, id=32060, stack(0x0000002ae7400000,0x0000002ae7500000)]
  0x000001ed9a16aac0 JavaThread "Framework Event Dispatcher: Equinox Container: cfdd63df-4dc2-416a-b188-42d2bec45afc" daemon [_thread_blocked, id=32172, stack(0x0000002ae7500000,0x0000002ae7600000)]
  0x000001ed9ad84880 JavaThread "Start Level: Equinox Container: cfdd63df-4dc2-416a-b188-42d2bec45afc" daemon [_thread_in_vm, id=32176, stack(0x0000002ae7600000,0x0000002ae7700000)]

Other Threads:
  0x000001ed98f10c20 VMThread "VM Thread" [stack: 0x0000002ae5f00000,0x0000002ae6000000] [id=26164]
  0x000001ed99eb8030 WatcherThread [stack: 0x0000002ae6b00000,0x0000002ae6c00000] [id=27168]
  0x000001edfefae820 GCTaskThread "GC Thread#0" [stack: 0x0000002ae5e00000,0x0000002ae5f00000] [id=31484]
  0x000001ed9a26d310 GCTaskThread "GC Thread#1" [stack: 0x0000002ae6e00000,0x0000002ae6f00000] [id=31888]
  0x000001ed9a26d5d0 GCTaskThread "GC Thread#2" [stack: 0x0000002ae6f00000,0x0000002ae7000000] [id=31892]
  0x000001ed9a26c810 GCTaskThread "GC Thread#3" [stack: 0x0000002ae7000000,0x0000002ae7100000] [id=31896]
  0x000001ed9a26d890 GCTaskThread "GC Thread#4" [stack: 0x0000002ae7100000,0x0000002ae7200000] [id=31900]
  0x000001ed9a26cd90 GCTaskThread "GC Thread#5" [stack: 0x0000002ae7200000,0x0000002ae7300000] [id=31904]
  0x000001ed9a26db50 GCTaskThread "GC Thread#6" [stack: 0x0000002ae7300000,0x0000002ae7400000] [id=31908]

Threads with active compile tasks:
C2 CompilerThread0     1488 1599   !   4       java.util.concurrent.ConcurrentHashMap::putVal (433 bytes)
C2 CompilerThread2     1488 1621       4       java.util.concurrent.ConcurrentHashMap::get (162 bytes)

VM state: not at safepoint (normal execution)

VM Mutex/Monitor currently owned by a thread: None

Heap address: 0x00000000c0000000, size: 1024 MB, Compressed Oops mode: 32-bit

CDS archive(s) not mapped
Compressed class space mapped at: 0x0000000100000000-0x0000000140000000, reserved size: 1073741824
Narrow klass base: 0x0000000000000000, Narrow klass shift: 3, Narrow klass range: 0x140000000

GC Precious Log:
 CPUs: 8 total, 8 available
 Memory: 16289M
 Large Page Support: Disabled
 NUMA Support: Disabled
 Compressed Oops: Enabled (32-bit)
 Alignments: Space 512K, Generation 512K, Heap 2M
 Heap Min Capacity: 100M
 Heap Initial Capacity: 100M
 Heap Max Capacity: 1G
 Pre-touch: Disabled
 Parallel Workers: 8

Heap:
 PSYoungGen      total 29696K, used 28740K [0x00000000eab00000, 0x00000000ecc00000, 0x0000000100000000)
  eden space 25600K, 100% used [0x00000000eab00000,0x00000000ec400000,0x00000000ec400000)
  from space 4096K, 76% used [0x00000000ec400000,0x00000000ec7112e0,0x00000000ec800000)
  to   space 4096K, 0% used [0x00000000ec800000,0x00000000ec800000,0x00000000ecc00000)
 ParOldGen       total 68608K, used 8K [0x00000000c0000000, 0x00000000c4300000, 0x00000000eab00000)
  object space 68608K, 0% used [0x00000000c0000000,0x00000000c0002000,0x00000000c4300000)
 Metaspace       used 14645K, committed 14912K, reserved 1114112K
  class space    used 1464K, committed 1600K, reserved 1048576K

Card table byte_map: [0x000001edfe960000,0x000001edfeb70000] _byte_map_base: 0x000001edfe360000

Marking Bits: (ParMarkBitMap*) 0x00007ffb5ee558b0
 Begin Bits: [0x000001ed91be0000, 0x000001ed92be0000)
 End Bits:   [0x000001ed92be0000, 0x000001ed93be0000)

Polling page: 0x000001edfe750000

Metaspace:

Usage:
  Non-class:     12.87 MB used.
      Class:      1.43 MB used.
       Both:     14.30 MB used.

Virtual space:
  Non-class space:       64.00 MB reserved,      13.00 MB ( 20%) committed,  1 nodes.
      Class space:        1.00 GB reserved,       1.56 MB ( <1%) committed,  1 nodes.
             Both:        1.06 GB reserved,      14.56 MB (  1%) committed. 

Chunk freelists:
   Non-Class:  2.98 MB
       Class:  14.41 MB
        Both:  17.39 MB

MaxMetaspaceSize: unlimited
CompressedClassSpaceSize: 1.00 GB
Initial GC threshold: 21.00 MB
Current GC threshold: 21.00 MB
CDS: off
MetaspaceReclaimPolicy: balanced
 - commit_granule_bytes: 65536.
 - commit_granule_words: 8192.
 - virtual_space_node_default_size: 8388608.
 - enlarge_chunks_in_place: 1.
 - new_chunks_are_fully_committed: 0.
 - uncommit_free_chunks: 1.
 - use_allocation_guard: 0.
 - handle_deallocations: 1.


Internal statistics:

num_allocs_failed_limit: 0.
num_arena_births: 66.
num_arena_deaths: 0.
num_vsnodes_births: 2.
num_vsnodes_deaths: 0.
num_space_committed: 233.
num_space_uncommitted: 0.
num_chunks_returned_to_freelist: 0.
num_chunks_taken_from_freelist: 267.
num_chunk_merges: 0.
num_chunk_splits: 172.
num_chunks_enlarged: 127.
num_inconsistent_stats: 0.

CodeHeap 'non-profiled nmethods': size=120000Kb used=727Kb max_used=727Kb free=119272Kb
 bounds [0x000001ed8a6b0000, 0x000001ed8a920000, 0x000001ed91be0000]
CodeHeap 'profiled nmethods': size=120000Kb used=3058Kb max_used=3058Kb free=116942Kb
 bounds [0x000001ed82be0000, 0x000001ed82ee0000, 0x000001ed8a110000]
CodeHeap 'non-nmethods': size=5760Kb used=1163Kb max_used=1202Kb free=4596Kb
 bounds [0x000001ed8a110000, 0x000001ed8a380000, 0x000001ed8a6b0000]
 total_blobs=2075 nmethods=1623 adapters=366
 compilation: enabled
              stopped_count=0, restarted_count=0
 full_count=0

Compilation events (20 events):
Event: 1.452 Thread 0x000001ed99eb82d0 nmethod 1500 0x000001ed8a75e990 code [0x000001ed8a75ed20, 0x000001ed8a761e00]
Event: 1.457 Thread 0x000001ed98f5ad10 1590       3       sun.invoke.util.VerifyAccess::isSamePackage (37 bytes)
Event: 1.458 Thread 0x000001ed98f5ad10 nmethod 1590 0x000001ed82ec8590 code [0x000001ed82ec88a0, 0x000001ed82ec9d78]
Event: 1.458 Thread 0x000001ed98f5ad10 1591       3       jdk.internal.org.objectweb.asm.ByteVector::enlarge (51 bytes)
Event: 1.458 Thread 0x000001ed98f5ad10 nmethod 1591 0x000001ed82eca390 code [0x000001ed82eca540, 0x000001ed82eca828]
Event: 1.458 Thread 0x000001ed98f5ad10 1592       3       jdk.internal.org.objectweb.asm.MethodVisitor::<init> (88 bytes)
Event: 1.459 Thread 0x000001ed98f5ad10 nmethod 1592 0x000001ed82eca910 code [0x000001ed82ecab60, 0x000001ed82ecb3e8]
Event: 1.459 Thread 0x000001ed98f5ad10 1593       3       java.lang.invoke.MethodType::parameterSlotCount (8 bytes)
Event: 1.459 Thread 0x000001ed98f5ad10 nmethod 1593 0x000001ed82ecb710 code [0x000001ed82ecb8a0, 0x000001ed82ecb9d8]
Event: 1.459 Thread 0x000001ed98f5ad10 1594       3       jdk.internal.org.objectweb.asm.Attribute::computeAttributesSize (62 bytes)
Event: 1.460 Thread 0x000001ed98f5ad10 nmethod 1594 0x000001ed82ecba90 code [0x000001ed82ecbc60, 0x000001ed82ecbf88]
Event: 1.460 Thread 0x000001ed98f5ad10 1595       3       jdk.internal.org.objectweb.asm.AnnotationWriter::computeAnnotationsSize (66 bytes)
Event: 1.460 Thread 0x000001ed98f5ad10 nmethod 1595 0x000001ed82ecc110 code [0x000001ed82ecc2e0, 0x000001ed82ecc618]
Event: 1.460 Thread 0x000001ed98f5ad10 1596       3       jdk.internal.org.objectweb.asm.Attribute::putAttributes (78 bytes)
Event: 1.460 Thread 0x000001ed98f5ad10 nmethod 1596 0x000001ed82ecc810 code [0x000001ed82ecca60, 0x000001ed82eccf98]
Event: 1.461 Thread 0x000001ed98f5a050 1597       4       jdk.internal.org.objectweb.asm.ClassReader::readUnsignedShort (26 bytes)
Event: 1.461 Thread 0x000001ed98f5ad10 1598       3       java.lang.invoke.MethodHandles$Lookup::<init> (84 bytes)
Event: 1.461 Thread 0x000001ed98f5ad10 nmethod 1598 0x000001ed82ecd290 code [0x000001ed82ecd420, 0x000001ed82ecd5d8]
Event: 1.461 Thread 0x000001ed98f5a050 nmethod 1597 0x000001ed8a763d90 code [0x000001ed8a763f00, 0x000001ed8a763fd8]
Event: 1.462 Thread 0x000001ed98f5a050 1599   !   4       java.util.concurrent.ConcurrentHashMap::putVal (433 bytes)

GC Heap History (2 events):
Event: 0.886 GC heap before
{Heap before GC invocations=1 (full 0):
 PSYoungGen      total 29696K, used 25600K [0x00000000eab00000, 0x00000000ecc00000, 0x0000000100000000)
  eden space 25600K, 100% used [0x00000000eab00000,0x00000000ec400000,0x00000000ec400000)
  from space 4096K, 0% used [0x00000000ec800000,0x00000000ec800000,0x00000000ecc00000)
  to   space 4096K, 0% used [0x00000000ec400000,0x00000000ec400000,0x00000000ec800000)
 ParOldGen       total 68608K, used 0K [0x00000000c0000000, 0x00000000c4300000, 0x00000000eab00000)
  object space 68608K, 0% used [0x00000000c0000000,0x00000000c0000000,0x00000000c4300000)
 Metaspace       used 10966K, committed 11200K, reserved 1114112K
  class space    used 1090K, committed 1216K, reserved 1048576K
}
Event: 0.894 GC heap after
{Heap after GC invocations=1 (full 0):
 PSYoungGen      total 29696K, used 3140K [0x00000000eab00000, 0x00000000ecc00000, 0x0000000100000000)
  eden space 25600K, 0% used [0x00000000eab00000,0x00000000eab00000,0x00000000ec400000)
  from space 4096K, 76% used [0x00000000ec400000,0x00000000ec7112e0,0x00000000ec800000)
  to   space 4096K, 0% used [0x00000000ec800000,0x00000000ec800000,0x00000000ecc00000)
 ParOldGen       total 68608K, used 8K [0x00000000c0000000, 0x00000000c4300000, 0x00000000eab00000)
  object space 68608K, 0% used [0x00000000c0000000,0x00000000c0002000,0x00000000c4300000)
 Metaspace       used 10966K, committed 11200K, reserved 1114112K
  class space    used 1090K, committed 1216K, reserved 1048576K
}

Dll operation events (9 events):
Event: 0.009 Loaded shared library c:\Softwares\vscode\Extensions\redhat.java-1.34.0-win32-x64\jre\17.0.12-win32-x86_64\bin\java.dll
Event: 0.149 Loaded shared library c:\Softwares\vscode\Extensions\redhat.java-1.34.0-win32-x64\jre\17.0.12-win32-x86_64\bin\zip.dll
Event: 0.153 Loaded shared library C:\Softwares\vscode\Extensions\redhat.java-1.34.0-win32-x64\jre\17.0.12-win32-x86_64\bin\instrument.dll
Event: 0.166 Loaded shared library C:\Softwares\vscode\Extensions\redhat.java-1.34.0-win32-x64\jre\17.0.12-win32-x86_64\bin\net.dll
Event: 0.169 Loaded shared library C:\Softwares\vscode\Extensions\redhat.java-1.34.0-win32-x64\jre\17.0.12-win32-x86_64\bin\nio.dll
Event: 0.177 Loaded shared library C:\Softwares\vscode\Extensions\redhat.java-1.34.0-win32-x64\jre\17.0.12-win32-x86_64\bin\zip.dll
Event: 0.198 Loaded shared library C:\Softwares\vscode\Extensions\redhat.java-1.34.0-win32-x64\jre\17.0.12-win32-x86_64\bin\jimage.dll
Event: 0.273 Loaded shared library c:\Softwares\vscode\Extensions\redhat.java-1.34.0-win32-x64\jre\17.0.12-win32-x86_64\bin\verify.dll
Event: 1.427 Loaded shared library C:\AppData\Roaming\Code\User\globalStorage\redhat.java\1.34.0\config_win\org.eclipse.equinox.launcher\org.eclipse.equinox.launcher.win32.win32.x86_64_1.2.1100.v20240722-2106\eclipse_11904.dll

Deoptimization events (20 events):
Event: 1.283 Thread 0x000001edfef9b200 Uncommon trap: trap_request=0xffffffde fr.pc=0x000001ed8a6be410 relative=0x0000000000000690
Event: 1.283 Thread 0x000001edfef9b200 Uncommon trap: reason=class_check action=maybe_recompile pc=0x000001ed8a6be410 method=java.util.HashMap.putVal(ILjava/lang/Object;Ljava/lang/Object;ZZ)Ljava/lang/Object; @ 253 c2
Event: 1.283 Thread 0x000001edfef9b200 DEOPT PACKING pc=0x000001ed8a6be410 sp=0x0000002ae5dfdaf0
Event: 1.283 Thread 0x000001edfef9b200 DEOPT UNPACKING pc=0x000001ed8a1666a3 sp=0x0000002ae5dfda90 mode 2
Event: 1.314 Thread 0x000001edfef9b200 DEOPT PACKING pc=0x000001ed82cfc8e1 sp=0x0000002ae5dfc660
Event: 1.314 Thread 0x000001edfef9b200 DEOPT UNPACKING pc=0x000001ed8a166e43 sp=0x0000002ae5dfbae8 mode 0
Event: 1.314 Thread 0x000001edfef9b200 DEOPT PACKING pc=0x000001ed82c9960c sp=0x0000002ae5dfc020
Event: 1.314 Thread 0x000001edfef9b200 DEOPT UNPACKING pc=0x000001ed8a166e43 sp=0x0000002ae5dfb4a0 mode 0
Event: 1.314 Thread 0x000001edfef9b200 Uncommon trap: trap_request=0xffffff45 fr.pc=0x000001ed8a6e6fa0 relative=0x0000000000000100
Event: 1.314 Thread 0x000001edfef9b200 Uncommon trap: reason=unstable_if action=reinterpret pc=0x000001ed8a6e6fa0 method=java.math.BigInteger.addOne([IIII)I @ 55 c2
Event: 1.314 Thread 0x000001edfef9b200 DEOPT PACKING pc=0x000001ed8a6e6fa0 sp=0x0000002ae5dfc4b0
Event: 1.314 Thread 0x000001edfef9b200 DEOPT UNPACKING pc=0x000001ed8a1666a3 sp=0x0000002ae5dfc430 mode 2
Event: 1.369 Thread 0x000001edfef9b200 DEOPT PACKING pc=0x000001ed82cc02c3 sp=0x0000002ae5dfe250
Event: 1.369 Thread 0x000001edfef9b200 DEOPT UNPACKING pc=0x000001ed8a166e43 sp=0x0000002ae5dfd770 mode 0
Event: 1.386 Thread 0x000001edfef9b200 DEOPT PACKING pc=0x000001ed82cc02c3 sp=0x0000002ae5dfe1d0
Event: 1.386 Thread 0x000001edfef9b200 DEOPT UNPACKING pc=0x000001ed8a166e43 sp=0x0000002ae5dfd6f0 mode 0
Event: 1.431 Thread 0x000001ed9ad84880 Uncommon trap: trap_request=0xffffff6e fr.pc=0x000001ed8a712fd8 relative=0x0000000000000338
Event: 1.431 Thread 0x000001ed9ad84880 Uncommon trap: reason=loop_limit_check action=maybe_recompile pc=0x000001ed8a712fd8 method=java.lang.StringLatin1.indexOf([BI[BII)I @ 37 c2
Event: 1.431 Thread 0x000001ed9ad84880 DEOPT PACKING pc=0x000001ed8a712fd8 sp=0x0000002ae76fcf10
Event: 1.431 Thread 0x000001ed9ad84880 DEOPT UNPACKING pc=0x000001ed8a1666a3 sp=0x0000002ae76fce70 mode 2

Classes loaded (20 events):
Event: 1.446 Loading class java/util/stream/Streams
Event: 1.447 Loading class java/util/stream/Streams done
Event: 1.447 Loading class java/util/IdentityHashMap$Values
Event: 1.447 Loading class java/util/IdentityHashMap$Values done
Event: 1.448 Loading class jdk/internal/logger/LoggerFinderLoader
Event: 1.448 Loading class jdk/internal/logger/LoggerFinderLoader done
Event: 1.448 Loading class jdk/internal/logger/BootstrapLogger$BootstrapExecutors
Event: 1.448 Loading class jdk/internal/logger/BootstrapLogger$BootstrapExecutors done
Event: 1.448 Loading class jdk/internal/logger/LoggerFinderLoader$TemporaryLoggerFinder
Event: 1.448 Loading class jdk/internal/logger/LoggerFinderLoader$TemporaryLoggerFinder done
Event: 1.449 Loading class java/util/logging/LogManager$4
Event: 1.449 Loading class java/util/logging/LogManager$4 done
Event: 1.449 Loading class sun/util/logging/internal/LoggingProviderImpl$JULWrapper
Event: 1.449 Loading class sun/util/logging/internal/LoggingProviderImpl$JULWrapper done
Event: 1.449 Loading class java/util/logging/Logger$SystemLoggerHelper
Event: 1.449 Loading class java/util/logging/Logger$SystemLoggerHelper done
Event: 1.449 Loading class java/util/logging/Logger$SystemLoggerHelper$1
Event: 1.449 Loading class java/util/logging/Logger$SystemLoggerHelper$1 done
Event: 1.460 Loading class java/util/AbstractList$Itr
Event: 1.460 Loading class java/util/AbstractList$Itr done

Classes unloaded (0 events):
No events

Classes redefined (0 events):
No events

Internal exceptions (20 events):
Event: 0.583 Thread 0x000001edfef9b200 Exception <a 'java/io/FileNotFoundException'{0x00000000eb88f418}> (0x00000000eb88f418) 
thrown [s\src\hotspot\share\prims\jni.cpp, line 516]
Event: 0.595 Thread 0x000001edfef9b200 Implicit null exception at 0x000001ed8a6d3ff2 to 0x000001ed8a6d4518
Event: 0.598 Thread 0x000001edfef9b200 Exception <a 'java/io/FileNotFoundException'{0x00000000eb8c9c80}> (0x00000000eb8c9c80) 
thrown [s\src\hotspot\share\prims\jni.cpp, line 516]
Event: 0.786 Thread 0x000001edfef9b200 Exception <a 'java/lang/ClassNotFoundException'{0x00000000ec0eae80}: sun/net/www/protocol/c/Handler> (0x00000000ec0eae80) 
thrown [s\src\hotspot\share\classfile\systemDictionary.cpp, line 256]
Event: 0.787 Thread 0x000001edfef9b200 Exception <a 'java/lang/ClassNotFoundException'{0x00000000ec0ec1e0}: sun/net/www/protocol/c/Handler> (0x00000000ec0ec1e0) 
thrown [s\src\hotspot\share\classfile\systemDictionary.cpp, line 256]
Event: 0.787 Thread 0x000001edfef9b200 Exception <a 'java/lang/ClassNotFoundException'{0x00000000ec0ed380}: sun/net/www/protocol/c/Handler> (0x00000000ec0ed380) 
thrown [s\src\hotspot\share\classfile\systemDictionary.cpp, line 256]
Event: 0.796 Thread 0x000001edfef9b200 Exception <a 'java/io/FileNotFoundException'{0x00000000ec115ca8}> (0x00000000ec115ca8) 
thrown [s\src\hotspot\share\prims\jni.cpp, line 516]
Event: 0.828 Thread 0x000001edfef9b200 Implicit null exception at 0x000001ed8a6f4b5b to 0x000001ed8a6f5478
Event: 0.828 Thread 0x000001edfef9b200 Implicit null exception at 0x000001ed8a6ffd6c to 0x000001ed8a6fff4c
Event: 0.828 Thread 0x000001edfef9b200 Implicit null exception at 0x000001ed8a6f8a8c to 0x000001ed8a6f8ca0
Event: 0.828 Thread 0x000001edfef9b200 Implicit null exception at 0x000001ed8a6f6e0f to 0x000001ed8a6f6e85
Event: 0.884 Thread 0x000001edfef9b200 Exception <a 'java/lang/NoSuchMethodError'{0x00000000ec3ef458}: 'int java.lang.invoke.DirectMethodHandle$Holder.invokeStaticInit(java.lang.Object, java.lang.Object, java.lang.Object, java.lang.Object)'> (0x00000000ec3ef458) 
thrown [s\src\hotspot\share\interpreter\linkResolver.cpp, line 759]
Event: 0.885 Thread 0x000001edfef9b200 Exception <a 'java/lang/NoSuchMethodError'{0x00000000ec3f9ab8}: 'java.lang.Object java.lang.invoke.DirectMethodHandle$Holder.invokeInterface(java.lang.Object, java.lang.Object)'> (0x00000000ec3f9ab8) 
thrown [s\src\hotspot\share\interpreter\linkResolver.cpp, line 759]
Event: 0.886 Thread 0x000001edfef9b200 Exception <a 'java/lang/IncompatibleClassChangeError'{0x00000000ec3fd2b0}: Found class java.lang.Object, but interface was expected> (0x00000000ec3fd2b0) 
thrown [s\src\hotspot\share\interpreter\linkResolver.cpp, line 826]
Event: 0.894 Thread 0x000001edfef9b200 Exception <a 'java/lang/NoSuchMethodError'{0x00000000eab01c30}: 'void java.lang.invoke.DirectMethodHandle$Holder.invokeStatic(java.lang.Object, java.lang.Object)'> (0x00000000eab01c30) 
thrown [s\src\hotspot\share\interpreter\linkResolver.cpp, line 759]
Event: 0.895 Thread 0x000001edfef9b200 Exception <a 'java/lang/NoSuchMethodError'{0x00000000eab05430}: 'void java.lang.invoke.DirectMethodHandle$Holder.invokeStaticInit(java.lang.Object, java.lang.Object)'> (0x00000000eab05430) 
thrown [s\src\hotspot\share\interpreter\linkResolver.cpp, line 759]
Event: 0.896 Thread 0x000001edfef9b200 Exception <a 'java/lang/NoSuchMethodError'{0x00000000eab0c930}: 'int java.lang.invoke.DirectMethodHandle$Holder.invokeStaticInit(java.lang.Object, java.lang.Object)'> (0x00000000eab0c930) 
thrown [s\src\hotspot\share\interpreter\linkResolver.cpp, line 759]
Event: 0.938 Thread 0x000001edfef9b200 Exception <a 'java/lang/NoSuchMethodError'{0x00000000eac56ea0}: 'void java.lang.invoke.DirectMethodHandle$Holder.invokeSpecial(java.lang.Object, java.lang.Object, java.lang.Object)'> (0x00000000eac56ea0) 
thrown [s\src\hotspot\share\interpreter\linkResolver.cpp, line 759]
Event: 1.268 Thread 0x000001edfef9b200 Exception <a 'java/lang/NoSuchMethodError'{0x00000000eba69008}: 'java.lang.Object java.lang.invoke.DirectMethodHandle$Holder.newInvokeSpecial(java.lang.Object, int, java.lang.Object)'> (0x00000000eba69008) 
thrown [s\src\hotspot\share\interpreter\linkResolver.cpp, line 759]
Event: 1.424 Thread 0x000001edfef9b200 Exception <a 'java/lang/UnsatisfiedLinkError'{0x00000000ec061ae8}: 'void org.eclipse.equinox.launcher.JNIBridge._update_splash()'> (0x00000000ec061ae8) 
thrown [s\src\hotspot\share\prims\nativeLookup.cpp, line 543]

VM Operations (20 events):
Event: 0.128 Executing VM operation: HandshakeAllThreads
Event: 0.128 Executing VM operation: HandshakeAllThreads done
Event: 0.550 Executing VM operation: HandshakeAllThreads
Event: 0.550 Executing VM operation: HandshakeAllThreads done
Event: 0.573 Executing VM operation: HandshakeAllThreads
Event: 0.573 Executing VM operation: HandshakeAllThreads done
Event: 0.800 Executing VM operation: ICBufferFull
Event: 0.801 Executing VM operation: ICBufferFull done
Event: 0.886 Executing VM operation: ParallelGCFailedAllocation
Event: 0.894 Executing VM operation: ParallelGCFailedAllocation done
Event: 1.247 Executing VM operation: HandshakeAllThreads
Event: 1.247 Executing VM operation: HandshakeAllThreads done
Event: 1.248 Executing VM operation: HandshakeAllThreads
Event: 1.248 Executing VM operation: HandshakeAllThreads done
Event: 1.254 Executing VM operation: HandshakeAllThreads
Event: 1.254 Executing VM operation: HandshakeAllThreads done
Event: 1.265 Executing VM operation: HandshakeAllThreads
Event: 1.265 Executing VM operation: HandshakeAllThreads done
Event: 1.321 Executing VM operation: ICBufferFull
Event: 1.321 Executing VM operation: ICBufferFull done

Events (17 events):
Event: 0.031 Thread 0x000001edfef9b200 Thread added: 0x000001edfef9b200
Event: 0.041 Thread 0x000001edff04e5d0 Thread added: 0x000001edff04e5d0
Event: 0.042 Thread 0x000001edff24e050 Thread added: 0x000001edff24e050
Event: 0.058 Thread 0x000001ed98f46150 Thread added: 0x000001ed98f46150
Event: 0.058 Thread 0x000001ed98f46ee0 Thread added: 0x000001ed98f46ee0
Event: 0.058 Thread 0x000001ed98f49300 Thread added: 0x000001ed98f49300
Event: 0.058 Thread 0x000001ed98f54c60 Thread added: 0x000001ed98f54c60
Event: 0.059 Thread 0x000001ed98f5a050 Thread added: 0x000001ed98f5a050
Event: 0.059 Thread 0x000001ed98f5ad10 Thread added: 0x000001ed98f5ad10
Event: 0.059 Thread 0x000001ed98f639c0 Thread added: 0x000001ed98f639c0
Event: 0.107 Thread 0x000001edff12c0d0 Thread added: 0x000001edff12c0d0
Event: 0.380 Thread 0x000001ed9929c210 Thread added: 0x000001ed9929c210
Event: 0.387 Thread 0x000001ed99eb82d0 Thread added: 0x000001ed99eb82d0
Event: 0.577 Thread 0x000001ed9928bfc0 Thread added: 0x000001ed9928bfc0
Event: 1.235 Thread 0x000001ed9a346e20 Thread added: 0x000001ed9a346e20
Event: 1.414 Thread 0x000001ed9a16aac0 Thread added: 0x000001ed9a16aac0
Event: 1.424 Thread 0x000001ed9ad84880 Thread added: 0x000001ed9ad84880


Dynamic libraries:
0x00007ff7eb7e0000 - 0x00007ff7eb7ee000 	c:\Softwares\vscode\Extensions\redhat.java-1.34.0-win32-x64\jre\17.0.12-win32-x86_64\bin\java.exe
0x00007ffbcf0d0000 - 0x00007ffbcf2c8000 	C:\windows\SYSTEM32\ntdll.dll
0x00007ffbcd0d0000 - 0x00007ffbcd191000 	C:\windows\System32\KERNEL32.DLL
0x00007ffbccc00000 - 0x00007ffbccef6000 	C:\windows\System32\KERNELBASE.dll
0x00007ffbccf00000 - 0x00007ffbcd000000 	C:\windows\System32\ucrtbase.dll
0x00007ffbb1ac0000 - 0x00007ffbb1adb000 	c:\Softwares\vscode\Extensions\redhat.java-1.34.0-win32-x64\jre\17.0.12-win32-x86_64\bin\VCRUNTIME140.dll
0x00007ffbb02b0000 - 0x00007ffbb02c7000 	c:\Softwares\vscode\Extensions\redhat.java-1.34.0-win32-x64\jre\17.0.12-win32-x86_64\bin\jli.dll
0x00007ffbce6e0000 - 0x00007ffbce87f000 	C:\windows\System32\USER32.dll
0x00007ffbbb420000 - 0x00007ffbbb6ba000 	C:\windows\WinSxS\amd64_microsoft.windows.common-controls_6595b64144ccf1df_6.0.19041.4355_none_60b8b9eb71f62e16\COMCTL32.dll
0x00007ffbcd030000 - 0x00007ffbcd052000 	C:\windows\System32\win32u.dll
0x00007ffbce580000 - 0x00007ffbce5ab000 	C:\windows\System32\GDI32.dll
0x00007ffbcda00000 - 0x00007ffbcda9e000 	C:\windows\System32\msvcrt.dll
0x00007ffbcc750000 - 0x00007ffbcc867000 	C:\windows\System32\gdi32full.dll
0x00007ffbccb60000 - 0x00007ffbccbfd000 	C:\windows\System32\msvcp_win.dll
0x00007ffbce880000 - 0x00007ffbce8af000 	C:\windows\System32\IMM32.DLL
0x00007ffbbafd0000 - 0x00007ffbbafdc000 	c:\Softwares\vscode\Extensions\redhat.java-1.34.0-win32-x64\jre\17.0.12-win32-x86_64\bin\vcruntime140_1.dll
0x00007ffb98660000 - 0x00007ffb986ed000 	c:\Softwares\vscode\Extensions\redhat.java-1.34.0-win32-x64\jre\17.0.12-win32-x86_64\bin\msvcp140.dll
0x00007ffb5e2b0000 - 0x00007ffb5ef1a000 	c:\Softwares\vscode\Extensions\redhat.java-1.34.0-win32-x64\jre\17.0.12-win32-x86_64\bin\server\jvm.dll
0x00007ffbce4d0000 - 0x00007ffbce580000 	C:\windows\System32\ADVAPI32.dll
0x00007ffbce640000 - 0x00007ffbce6e0000 	C:\windows\System32\sechost.dll
0x00007ffbcd8d0000 - 0x00007ffbcd9f3000 	C:\windows\System32\RPCRT4.dll
0x00007ffbcd000000 - 0x00007ffbcd027000 	C:\windows\System32\bcrypt.dll
0x00007ffbcef80000 - 0x00007ffbcefeb000 	C:\windows\System32\WS2_32.dll
0x00007ffbcc5a0000 - 0x00007ffbcc5eb000 	C:\windows\SYSTEM32\POWRPROF.dll
0x00007ffbc16c0000 - 0x00007ffbc16e7000 	C:\windows\SYSTEM32\WINMM.dll
0x00007ffbc0ce0000 - 0x00007ffbc0cea000 	C:\windows\SYSTEM32\VERSION.dll
0x00007ffbcc580000 - 0x00007ffbcc592000 	C:\windows\SYSTEM32\UMPDC.dll
0x00007ffbca3d0000 - 0x00007ffbca3e2000 	C:\windows\SYSTEM32\kernel.appcore.dll
0x00007ffbb56c0000 - 0x00007ffbb56ca000 	c:\Softwares\vscode\Extensions\redhat.java-1.34.0-win32-x64\jre\17.0.12-win32-x86_64\bin\jimage.dll
0x00007ffbb6e30000 - 0x00007ffbb7014000 	C:\windows\SYSTEM32\DBGHELP.DLL
0x00007ffbbb090000 - 0x00007ffbbb0c4000 	C:\windows\SYSTEM32\dbgcore.DLL
0x00007ffbcc9d0000 - 0x00007ffbcca52000 	C:\windows\System32\bcryptPrimitives.dll
0x00007ffbb2900000 - 0x00007ffbb290e000 	c:\Softwares\vscode\Extensions\redhat.java-1.34.0-win32-x64\jre\17.0.12-win32-x86_64\bin\instrument.dll
0x00007ffb9f980000 - 0x00007ffb9f9a5000 	c:\Softwares\vscode\Extensions\redhat.java-1.34.0-win32-x64\jre\17.0.12-win32-x86_64\bin\java.dll
0x00007ffbaa310000 - 0x00007ffbaa328000 	c:\Softwares\vscode\Extensions\redhat.java-1.34.0-win32-x64\jre\17.0.12-win32-x86_64\bin\zip.dll
0x00007ffbcdd60000 - 0x00007ffbce4cc000 	C:\windows\System32\SHELL32.dll
0x00007ffbca5d0000 - 0x00007ffbcad6e000 	C:\windows\SYSTEM32\windows.storage.dll
0x00007ffbcea90000 - 0x00007ffbcede3000 	C:\windows\System32\combase.dll
0x00007ffbcbfc0000 - 0x00007ffbcbfee000 	C:\windows\SYSTEM32\Wldp.dll
0x00007ffbce9c0000 - 0x00007ffbcea8d000 	C:\windows\System32\OLEAUT32.dll
0x00007ffbce910000 - 0x00007ffbce9bd000 	C:\windows\System32\SHCORE.dll
0x00007ffbcdb20000 - 0x00007ffbcdb75000 	C:\windows\System32\shlwapi.dll
0x00007ffbcc680000 - 0x00007ffbcc6a4000 	C:\windows\SYSTEM32\profapi.dll
0x00007ffba3940000 - 0x00007ffba3959000 	C:\Softwares\vscode\Extensions\redhat.java-1.34.0-win32-x64\jre\17.0.12-win32-x86_64\bin\net.dll
0x00007ffbc7240000 - 0x00007ffbc734a000 	C:\windows\SYSTEM32\WINHTTP.dll
0x00007ffbcbda0000 - 0x00007ffbcbe0a000 	C:\windows\system32\mswsock.dll
0x00007ffba0990000 - 0x00007ffba09a6000 	C:\Softwares\vscode\Extensions\redhat.java-1.34.0-win32-x64\jre\17.0.12-win32-x86_64\bin\nio.dll
0x00007ffbb2690000 - 0x00007ffbb26a0000 	c:\Softwares\vscode\Extensions\redhat.java-1.34.0-win32-x64\jre\17.0.12-win32-x86_64\bin\verify.dll
0x00007ffb98610000 - 0x00007ffb98655000 	C:\AppData\Roaming\Code\User\globalStorage\redhat.java\1.34.0\config_win\org.eclipse.equinox.launcher\org.eclipse.equinox.launcher.win32.win32.x86_64_1.2.1100.v20240722-2106\eclipse_11904.dll
0x00007ffbcdc30000 - 0x00007ffbcdd5b000 	C:\windows\System32\ole32.dll

dbghelp: loaded successfully - version: 4.0.5 - missing functions: none
symbol engine: initialized successfully - sym options: 0x614 - pdb path: .;c:\Softwares\vscode\Extensions\redhat.java-1.34.0-win32-x64\jre\17.0.12-win32-x86_64\bin;C:\windows\SYSTEM32;C:\windows\WinSxS\amd64_microsoft.windows.common-controls_6595b64144ccf1df_6.0.19041.4355_none_60b8b9eb71f62e16;c:\Softwares\vscode\Extensions\redhat.java-1.34.0-win32-x64\jre\17.0.12-win32-x86_64\bin\server;C:\AppData\Roaming\Code\User\globalStorage\redhat.java\1.34.0\config_win\org.eclipse.equinox.launcher\org.eclipse.equinox.launcher.win32.win32.x86_64_1.2.1100.v20240722-2106

VM Arguments:
jvm_args: --add-modules=ALL-SYSTEM --add-opens=java.base/java.util=ALL-UNNAMED --add-opens=java.base/java.lang=ALL-UNNAMED --add-opens=java.base/sun.nio.fs=ALL-UNNAMED -Declipse.application=org.eclipse.jdt.ls.core.id1 -Dosgi.bundles.defaultStartLevel=4 -Declipse.product=org.eclipse.jdt.ls.core.product -Djava.import.generatesMetadataFilesAtProjectRoot=false -DDetectVMInstallationsJob.disabled=true -Dfile.encoding=utf8 -XX:+UseParallelGC -XX:GCTimeRatio=4 -XX:AdaptiveSizePolicyWeight=90 -Dsun.zip.disableMemoryMapping=true -Xmx1G -Xms100m -Xlog:disable -javaagent:c:\Softwares\vscode\Extensions\redhat.java-1.34.0-win32-x64\lombok\lombok-1.18.33.jar -XX:+HeapDumpOnOutOfMemoryError -XX:HeapDumpPath=c:\AppData\Roaming\Code\User\workspaceStorage\41a76ab1ca7e31021153c9ba286888ef\redhat.java -Daether.dependencyCollector.impl=bf 
java_command: c:\Softwares\vscode\Extensions\redhat.java-1.34.0-win32-x64\server\plugins\org.eclipse.equinox.launcher_1.6.900.v20240613-2009.jar -configuration c:\AppData\Roaming\Code\User\globalStorage\redhat.java\1.34.0\config_win -data c:\AppData\Roaming\Code\User\workspaceStorage\41a76ab1ca7e31021153c9ba286888ef\redhat.java\jdt_ws --pipe=\\.\pipe\lsp-505a0f6e5f35717b880102d7e49fcb27-sock
java_class_path (initial): c:\Softwares\vscode\Extensions\redhat.java-1.34.0-win32-x64\server\plugins\org.eclipse.equinox.launcher_1.6.900.v20240613-2009.jar
Launcher Type: SUN_STANDARD

[Global flags]
    uintx AdaptiveSizePolicyWeight                 = 90                                        {product} {command line}
     intx CICompilerCount                          = 4                                         {product} {ergonomic}
    uintx GCTimeRatio                              = 4                                         {product} {command line}
     bool HeapDumpOnOutOfMemoryError               = true                                   {manageable} {command line}
    ccstr HeapDumpPath                             = c:\AppData\Roaming\Code\User\workspaceStorage\41a76ab1ca7e31021153c9ba286888ef\redhat.java         {manageable} {command line}
   size_t InitialHeapSize                          = 104857600                                 {product} {command line}
   size_t MaxHeapSize                              = 1073741824                                {product} {command line}
   size_t MaxNewSize                               = 357564416                                 {product} {ergonomic}
   size_t MinHeapDeltaBytes                        = 524288                                    {product} {ergonomic}
   size_t MinHeapSize                              = 104857600                                 {product} {command line}
   size_t NewSize                                  = 34603008                                  {product} {ergonomic}
    uintx NonNMethodCodeHeapSize                   = 5839372                                {pd product} {ergonomic}
    uintx NonProfiledCodeHeapSize                  = 122909434                              {pd product} {ergonomic}
   size_t OldSize                                  = 70254592                                  {product} {ergonomic}
    uintx ProfiledCodeHeapSize                     = 122909434                              {pd product} {ergonomic}
    uintx ReservedCodeCacheSize                    = 251658240                              {pd product} {ergonomic}
     bool SegmentedCodeCache                       = true                                      {product} {ergonomic}
   size_t SoftMaxHeapSize                          = 1073741824                             {manageable} {ergonomic}
     bool UseCompressedClassPointers               = true                           {product lp64_product} {ergonomic}
     bool UseCompressedOops                        = true                           {product lp64_product} {ergonomic}
     bool UseLargePagesIndividualAllocation        = false                                  {pd product} {ergonomic}
     bool UseParallelGC                            = true                                      {product} {command line}

Logging:
Log output configuration:
 #0: stdout all=off uptime,level,tags
 #1: stderr all=off uptime,level,tags

Environment Variables:
JAVA_HOME=C:\Program Files\Java\jdk-18.0.2.1
PATH=C:\Users\labsfiap\bin;C:\Program Files\Git\mingw64\bin;C:\Program Files\Git\usr\local\bin;C:\Program Files\Git\usr\bin;C:\Program Files\Git\usr\bin;C:\Program Files\Git\mingw64\bin;C:\Program Files\Git\usr\bin;C:\Users\labsfiap\bin;C:\Program Files (x86)\VMware\VMware Workstation\bin;C:\Program Files\Microsoft SDKs\Azure\CLI2\wbin;C:\Program Files\Microsoft MPI\Bin;C:\Program Files\Python312\Scripts;C:\Program Files\Python312;C:\Program Files (x86)\NVIDIA Corporation\PhysX\Common;C:\Program Files\Java\jdk-18.0.2.1\bin;C:\OpenSource\gradle-8.7\bin;C:\OpenSource\flutter_windows_3.19.4-stable\flutter\bin;C:\windows\system32;C:\windows;C:\windows\System32\Wbem;C:\windows\System32\WindowsPowerShell\v1.0;C:\windows\System32\OpenSSH;C:\ProgramData\chocolatey\bin;C:\Program Files\dotnet;C:\Program Files\Common Files\Autodesk Shared;C:\Program Files\Microsoft VS Code\bin;C:\Program Files\Amazon\AWSCLIV2;C:\Program Files\Microsoft SQL Server\150\Tools\Binn;C:\Program Files\Microsoft SQL Server\Client SDK\ODBC\170\Tools\Binn;C:\Program Files (x86)\Windows Kits\10\Windows Performance Toolkit;C:\Program Files (x86)\Microsoft SQL Server\160\DTS\Binn;C:\Program Files\GitHub CLI;C:\OpenSource\php-8.3.4-Win32-vs16-x64;C:\Program Files\PuTTY;C:\ProgramData\ComposerSetup\bin;C:\OpenSource\DataCleaner;C:\OpenSource\kafka_2.13-3.7.0\bin;C:\OpenSource\mockito-all-2.0.2-beta.jar;C:\OpenSource\neo4j-community-5.18.1\bin;C:\Program Files\Microchip\xc8\v2.46\bin;C:\Program Files\Microchip\xc-dsc\v3.00\bin;C:\Program Files\Microchip\xc16\v2.10\bin;C:\Program Files\Microchip\xc32\v4.35\bin;C:\Program Files\Rancher Desktop\resources\resources\win32\bin;C:\Program Files\Rancher Desktop\resources\resources\linux\bin;C:\AndroidSDK\tools;C:\AndroidSDK\platform-tools;C:\AndroidSDK\emulator;C:\AndroidSDK;C:\Program Files (x86)\Microsoft SQL Server\150\Tools\Binn;C:\Program Files\Microsoft SQL Server\150\DTS\Binn;C:\Program Files (x86)\Windows Kits\8.1\Windows Performance Toolkit;C:\Program Files\Va
USERNAME=labsfiap
SHELL=C:\Program Files\Git\usr\bin\bash.exe
DISPLAY=needs-to-be-defined
LC_CTYPE=en_US.UTF-8
TERM=xterm
TMPDIR=C:\AppData\Local\Temp
OS=Windows_NT
PROCESSOR_IDENTIFIER=Intel64 Family 6 Model 60 Stepping 3, GenuineIntel
TMP=C:\AppData\Local\Temp
TEMP=C:\AppData\Local\Temp



Periodic native trim disabled


---------------  S Y S T E M  ---------------

OS:
 Windows 10 , 64 bit Build 19041 (10.0.19041.4597)
OS uptime: 0 days 4:55 hours
Hyper-V role detected

CPU: total 8 (initial active 8) (4 cores per cpu, 2 threads per core) family 6 model 60 stepping 3 microcode 0x27, cx8, cmov, fxsr, ht, mmx, sse, sse2, sse3, ssse3, sse4.1, sse4.2, popcnt, lzcnt, tsc, tscinvbit, avx, avx2, aes, erms, clmul, bmi1, bmi2, fma, vzeroupper, clflush, hv
Processor Information for all 8 processors :
  Max Mhz: 3601, Current Mhz: 3601, Mhz Limit: 3601

Memory: 4k page, system-wide physical 16289M (5147M free)
TotalPageFile size 16289M (AvailPageFile size 5M)
current process WorkingSet (physical memory assigned to process): 91M, peak: 91M
current process commit charge ("private bytes"): 209M, peak: 210M

vm_info: OpenJDK 64-Bit Server VM (17.0.12+7) for windows-amd64 JRE (17.0.12+7), built on Jul 16 2024 22:08:24 by "admin" with MS VC++ 16.10 / 16.11 (VS2019)

END.
