#
# There is insufficient memory for the Java Runtime Environment to continue.
# Native memory allocation (malloc) failed to allocate 32744 bytes. Error detail: ChunkPool::allocate
# Possible reasons:
#   The system is out of physical RAM or swap space
#   This process is running with CompressedOops enabled, and the Java Heap may be blocking the growth of the native heap
# Possible solutions:
#   Reduce memory load on the system
#   Increase physical memory or swap space
#   Check if swap backing store is full
#   Decrease Java heap size (-Xmx/-Xms)
#   Decrease number of Java threads
#   Decrease Java thread stack sizes (-Xss)
#   Set larger code cache with -XX:ReservedCodeCacheSize=
#   JVM is running with Unscaled Compressed Oops mode in which the Java heap is
#     placed in the first 4GB address space. The Java Heap base address is the
#     maximum limit for the native heap growth. Please use -XX:HeapBaseMinAddress
#     to set the Java Heap base and to place the Java Heap above 4GB virtual address.
# This output file may be truncated or incomplete.
#
#  Out of Memory Error (arena.cpp:79), pid=14392, tid=14068
#
# JRE version: OpenJDK Runtime Environment Temurin-17.0.12+7 (17.0.12+7) (build 17.0.12+7)
# Java VM: OpenJDK 64-Bit Server VM Temurin-17.0.12+7 (17.0.12+7, mixed mode, tiered, compressed oops, compressed class ptrs, parallel gc, windows-amd64)
# No core dump will be written. Minidumps are not enabled by default on client versions of Windows
#

---------------  S U M M A R Y ------------

Command Line: --add-modules=ALL-SYSTEM --add-opens=java.base/java.util=ALL-UNNAMED --add-opens=java.base/java.lang=ALL-UNNAMED --add-opens=java.base/sun.nio.fs=ALL-UNNAMED -Declipse.application=org.eclipse.jdt.ls.core.id1 -Dosgi.bundles.defaultStartLevel=4 -Declipse.product=org.eclipse.jdt.ls.core.product -Djava.import.generatesMetadataFilesAtProjectRoot=false -DDetectVMInstallationsJob.disabled=true -Dfile.encoding=utf8 -XX:+UseParallelGC -XX:GCTimeRatio=4 -XX:AdaptiveSizePolicyWeight=90 -Dsun.zip.disableMemoryMapping=true -Xmx1G -Xms100m -Xlog:disable -javaagent:c:\Softwares\vscode\Extensions\redhat.java-1.34.0-win32-x64\lombok\lombok-1.18.33.jar -XX:+HeapDumpOnOutOfMemoryError -XX:HeapDumpPath=c:\AppData\Roaming\Code\User\workspaceStorage\41a76ab1ca7e31021153c9ba286888ef\redhat.java -Daether.dependencyCollector.impl=bf c:\Softwares\vscode\Extensions\redhat.java-1.34.0-win32-x64\server\plugins\org.eclipse.equinox.launcher_1.6.900.v20240613-2009.jar -configuration c:\AppData\Roaming\Code\User\globalStorage\redhat.java\1.34.0\config_win -data c:\AppData\Roaming\Code\User\workspaceStorage\41a76ab1ca7e31021153c9ba286888ef\redhat.java\jdt_ws --pipe=\\.\pipe\lsp-5c2b8b76c949a5785b79abe2f6fa7c2b-sock

Host: Intel(R) Core(TM) i7-4790 CPU @ 3.60GHz, 8 cores, 15G,  Windows 10 , 64 bit Build 19041 (10.0.19041.4597)
Time: Fri Sep 13 20:28:11 2024 Tocantins Standard Time elapsed time: 3.216025 seconds (0d 0h 0m 3s)

---------------  T H R E A D  ---------------

Current thread (0x000001967ac512b0):  JavaThread "C2 CompilerThread0" daemon [_thread_in_native, id=14068, stack(0x0000002de4800000,0x0000002de4900000)]


Current CompileTask:
C2:   3216 2183 %     4       org.eclipse.osgi.util.ManifestElement::readLine @ 0 (122 bytes)

Stack: [0x0000002de4800000,0x0000002de4900000]
Native frames: (J=compiled Java code, j=interpreted, Vv=VM code, C=native code)
V  [jvm.dll+0x67f929]
V  [jvm.dll+0x8371ba]
V  [jvm.dll+0x838c7e]
V  [jvm.dll+0x8392e3]
V  [jvm.dll+0x24834f]
V  [jvm.dll+0xacbd1]
V  [jvm.dll+0xad01c]
V  [jvm.dll+0x65cf5f]
V  [jvm.dll+0x65b934]
V  [jvm.dll+0x60adee]
V  [jvm.dll+0x60b1a4]
V  [jvm.dll+0x60ae0c]
V  [jvm.dll+0x61080b]
V  [jvm.dll+0x6115e2]
V  [jvm.dll+0x60fb1a]
V  [jvm.dll+0x21a728]
V  [jvm.dll+0x219cf1]
V  [jvm.dll+0x1a58bd]
V  [jvm.dll+0x229a2d]
V  [jvm.dll+0x227bdc]
V  [jvm.dll+0x7ec1f7]
V  [jvm.dll+0x7e65dc]
V  [jvm.dll+0x67e7f7]
C  [ucrtbase.dll+0x21bb2]
C  [KERNEL32.DLL+0x17374]
C  [ntdll.dll+0x4cc91]


---------------  P R O C E S S  ---------------

Threads class SMR info:
_java_thread_list=0x000001967c52eab0, length=25, elements={
0x0000019661c48d00, 0x0000019675acc750, 0x0000019675ace340, 0x000001967ac4ad80,
0x000001967ac4c010, 0x000001967ac4fb50, 0x000001967ac50510, 0x000001967ac512b0,
0x000001967acb9ed0, 0x000001967acbc4f0, 0x0000019661cad0e0, 0x000001967af31bc0,
0x000001967bde9000, 0x000001967c55bc10, 0x000001967c4f2520, 0x000001967c4f2a40,
0x000001967c4f2f20, 0x000001967c7e7390, 0x000001967c7e7870, 0x000001967c7e7d50,
0x000001967ca59670, 0x000001967ca57d20, 0x000001967ca58740, 0x000001967ca58c50,
0x000001967ca59160
}

Java Threads: ( => current thread )
  0x0000019661c48d00 JavaThread "main" [_thread_blocked, id=4064, stack(0x0000002de3f00000,0x0000002de4000000)]
  0x0000019675acc750 JavaThread "Reference Handler" daemon [_thread_blocked, id=13824, stack(0x0000002de4200000,0x0000002de4300000)]
  0x0000019675ace340 JavaThread "Finalizer" daemon [_thread_blocked, id=15828, stack(0x0000002de4300000,0x0000002de4400000)]
  0x000001967ac4ad80 JavaThread "Signal Dispatcher" daemon [_thread_blocked, id=10228, stack(0x0000002de4400000,0x0000002de4500000)]
  0x000001967ac4c010 JavaThread "Attach Listener" daemon [_thread_blocked, id=5772, stack(0x0000002de4500000,0x0000002de4600000)]
  0x000001967ac4fb50 JavaThread "Service Thread" daemon [_thread_blocked, id=16008, stack(0x0000002de4600000,0x0000002de4700000)]
  0x000001967ac50510 JavaThread "Monitor Deflation Thread" daemon [_thread_blocked, id=7824, stack(0x0000002de4700000,0x0000002de4800000)]
=>0x000001967ac512b0 JavaThread "C2 CompilerThread0" daemon [_thread_in_native, id=14068, stack(0x0000002de4800000,0x0000002de4900000)]
  0x000001967acb9ed0 JavaThread "C1 CompilerThread0" daemon [_thread_blocked, id=14320, stack(0x0000002de4900000,0x0000002de4a00000)]
  0x000001967acbc4f0 JavaThread "Sweeper thread" daemon [_thread_blocked, id=988, stack(0x0000002de4a00000,0x0000002de4b00000)]
  0x0000019661cad0e0 JavaThread "Common-Cleaner" daemon [_thread_blocked, id=14412, stack(0x0000002de4b00000,0x0000002de4c00000)]
  0x000001967af31bc0 JavaThread "Notification Thread" daemon [_thread_blocked, id=12528, stack(0x0000002de4c00000,0x0000002de4d00000)]
  0x000001967bde9000 JavaThread "C2 CompilerThread1" daemon [_thread_in_native, id=14840, stack(0x0000002de4e00000,0x0000002de4f00000)]
  0x000001967c55bc10 JavaThread "Active Thread: Equinox Container: 4d09ae25-9fb3-42ea-aa2d-01f126e87647" [_thread_blocked, id=5212, stack(0x0000002de5500000,0x0000002de5600000)]
  0x000001967c4f2520 JavaThread "C2 CompilerThread2" daemon [_thread_in_native, id=7768, stack(0x0000002de5600000,0x0000002de5700000)]
  0x000001967c4f2a40 JavaThread "Equinox resolver thread - Equinox Container: 4d09ae25-9fb3-42ea-aa2d-01f126e87647" daemon [_thread_blocked, id=12612, stack(0x0000002de5700000,0x0000002de5800000)]
  0x000001967c4f2f20 JavaThread "Equinox resolver thread - Equinox Container: 4d09ae25-9fb3-42ea-aa2d-01f126e87647" daemon [_thread_blocked, id=12720, stack(0x0000002de5800000,0x0000002de5900000)]
  0x000001967c7e7390 JavaThread "Equinox resolver thread - Equinox Container: 4d09ae25-9fb3-42ea-aa2d-01f126e87647" daemon [_thread_blocked, id=15388, stack(0x0000002de5900000,0x0000002de5a00000)]
  0x000001967c7e7870 JavaThread "Equinox resolver thread - Equinox Container: 4d09ae25-9fb3-42ea-aa2d-01f126e87647" daemon [_thread_blocked, id=14496, stack(0x0000002de5a00000,0x0000002de5b00000)]
  0x000001967c7e7d50 JavaThread "Equinox resolver thread - Equinox Container: 4d09ae25-9fb3-42ea-aa2d-01f126e87647" daemon [_thread_blocked, id=4456, stack(0x0000002de5b00000,0x0000002de5c00000)]
  0x000001967ca59670 JavaThread "Equinox resolver thread - Equinox Container: 4d09ae25-9fb3-42ea-aa2d-01f126e87647" daemon [_thread_blocked, id=11976, stack(0x0000002de5c00000,0x0000002de5d00000)]
  0x000001967ca57d20 JavaThread "Equinox resolver thread - Equinox Container: 4d09ae25-9fb3-42ea-aa2d-01f126e87647" daemon [_thread_blocked, id=15100, stack(0x0000002de5d00000,0x0000002de5e00000)]
  0x000001967ca58740 JavaThread "Equinox resolver thread - Equinox Container: 4d09ae25-9fb3-42ea-aa2d-01f126e87647" daemon [_thread_blocked, id=9120, stack(0x0000002de5e00000,0x0000002de5f00000)]
  0x000001967ca58c50 JavaThread "Framework Event Dispatcher: Equinox Container: 4d09ae25-9fb3-42ea-aa2d-01f126e87647" daemon [_thread_blocked, id=16268, stack(0x0000002de6000000,0x0000002de6100000)]
  0x000001967ca59160 JavaThread "Start Level: Equinox Container: 4d09ae25-9fb3-42ea-aa2d-01f126e87647" daemon [_thread_in_native, id=11468, stack(0x0000002de6100000,0x0000002de6200000)]

Other Threads:
  0x000001967ac12660 VMThread "VM Thread" [stack: 0x0000002de4100000,0x0000002de4200000] [id=15200]
  0x000001967afce8b0 WatcherThread [stack: 0x0000002de4d00000,0x0000002de4e00000] [id=6424]
  0x0000019661c5d520 GCTaskThread "GC Thread#0" [stack: 0x0000002de4000000,0x0000002de4100000] [id=7852]
  0x000001967be77230 GCTaskThread "GC Thread#1" [stack: 0x0000002de4f00000,0x0000002de5000000] [id=2188]
  0x000001967c595c00 GCTaskThread "GC Thread#2" [stack: 0x0000002de5000000,0x0000002de5100000] [id=9592]
  0x000001967c5da460 GCTaskThread "GC Thread#3" [stack: 0x0000002de5100000,0x0000002de5200000] [id=6592]
  0x000001967c5da720 GCTaskThread "GC Thread#4" [stack: 0x0000002de5200000,0x0000002de5300000] [id=4280]
  0x000001967c62d010 GCTaskThread "GC Thread#5" [stack: 0x0000002de5300000,0x0000002de5400000] [id=14328]
  0x000001967c62d6d0 GCTaskThread "GC Thread#6" [stack: 0x0000002de5400000,0x0000002de5500000] [id=12004]
  0x000001967be760a0 GCTaskThread "GC Thread#7" [stack: 0x0000002de5f00000,0x0000002de6000000] [id=7848]

Threads with active compile tasks:
C2 CompilerThread0     3240 2183 %     4       org.eclipse.osgi.util.ManifestElement::readLine @ 0 (122 bytes)
C1 CompilerThread0     3240 2205   !   3       org.eclipse.osgi.internal.loader.BundleLoader::getModuleClassLoader (196 bytes)
C2 CompilerThread1     3240 2174   !   4       java.lang.String::<init> (840 bytes)
C2 CompilerThread2     3240 1672       4       org.apache.felix.resolver.ResolverImpl::mergeCandidatePackages (436 bytes)

VM state: not at safepoint (normal execution)

VM Mutex/Monitor currently owned by a thread: None

Heap address: 0x00000000c0000000, size: 1024 MB, Compressed Oops mode: 32-bit

CDS archive(s) not mapped
Compressed class space mapped at: 0x0000000100000000-0x0000000140000000, reserved size: 1073741824
Narrow klass base: 0x0000000000000000, Narrow klass shift: 3, Narrow klass range: 0x140000000

GC Precious Log:
 CPUs: 8 total, 8 available
 Memory: 16289M
 Large Page Support: Disabled
 NUMA Support: Disabled
 Compressed Oops: Enabled (32-bit)
 Alignments: Space 512K, Generation 512K, Heap 2M
 Heap Min Capacity: 100M
 Heap Initial Capacity: 100M
 Heap Max Capacity: 1G
 Pre-touch: Disabled
 Parallel Workers: 8

Heap:
 PSYoungGen      total 29696K, used 18039K [0x00000000eab00000, 0x00000000ecc00000, 0x0000000100000000)
  eden space 25600K, 54% used [0x00000000eab00000,0x00000000eb8a4db8,0x00000000ec400000)
  from space 4096K, 99% used [0x00000000ec400000,0x00000000ec7f8f90,0x00000000ec800000)
  to   space 4096K, 0% used [0x00000000ec800000,0x00000000ec800000,0x00000000ecc00000)
 ParOldGen       total 68608K, used 3673K [0x00000000c0000000, 0x00000000c4300000, 0x00000000eab00000)
  object space 68608K, 5% used [0x00000000c0000000,0x00000000c0396730,0x00000000c4300000)
 Metaspace       used 16325K, committed 16576K, reserved 1114112K
  class space    used 1650K, committed 1728K, reserved 1048576K

Card table byte_map: [0x00000196615d0000,0x00000196617e0000] _byte_map_base: 0x0000019660fd0000

Marking Bits: (ParMarkBitMap*) 0x00007ffb5ee558b0
 Begin Bits: [0x00000196738d0000, 0x00000196748d0000)
 End Bits:   [0x00000196748d0000, 0x00000196758d0000)

Polling page: 0x000001965fb80000

Metaspace:

Usage:
  Non-class:     14.33 MB used.
      Class:      1.61 MB used.
       Both:     15.94 MB used.

Virtual space:
  Non-class space:       64.00 MB reserved,      14.50 MB ( 23%) committed,  1 nodes.
      Class space:        1.00 GB reserved,       1.69 MB ( <1%) committed,  1 nodes.
             Both:        1.06 GB reserved,      16.19 MB (  1%) committed. 

Chunk freelists:
   Non-Class:  928.00 KB
       Class:  14.31 MB
        Both:  15.22 MB

MaxMetaspaceSize: unlimited
CompressedClassSpaceSize: 1.00 GB
Initial GC threshold: 21.00 MB
Current GC threshold: 21.00 MB
CDS: off
MetaspaceReclaimPolicy: balanced
 - commit_granule_bytes: 65536.
 - commit_granule_words: 8192.
 - virtual_space_node_default_size: 8388608.
 - enlarge_chunks_in_place: 1.
 - new_chunks_are_fully_committed: 0.
 - uncommit_free_chunks: 1.
 - use_allocation_guard: 0.
 - handle_deallocations: 1.


Internal statistics:

num_allocs_failed_limit: 0.
num_arena_births: 102.
num_arena_deaths: 0.
num_vsnodes_births: 2.
num_vsnodes_deaths: 0.
num_space_committed: 259.
num_space_uncommitted: 0.
num_chunks_returned_to_freelist: 0.
num_chunks_taken_from_freelist: 337.
num_chunk_merges: 0.
num_chunk_splits: 217.
num_chunks_enlarged: 158.
num_inconsistent_stats: 0.

CodeHeap 'non-profiled nmethods': size=120000Kb used=982Kb max_used=982Kb free=119017Kb
 bounds [0x000001966c3a0000, 0x000001966c610000, 0x00000196738d0000]
CodeHeap 'profiled nmethods': size=120000Kb used=4153Kb max_used=4153Kb free=115846Kb
 bounds [0x00000196648d0000, 0x0000019664ce0000, 0x000001966be00000]
CodeHeap 'non-nmethods': size=5760Kb used=1169Kb max_used=1200Kb free=4590Kb
 bounds [0x000001966be00000, 0x000001966c070000, 0x000001966c3a0000]
 total_blobs=2662 nmethods=2200 adapters=376
 compilation: enabled
              stopped_count=0, restarted_count=0
 full_count=0

Compilation events (20 events):
Event: 3.187 Thread 0x000001967ac512b0 2175       4       java.util.jar.Manifest::getAttributes (14 bytes)
Event: 3.196 Thread 0x000001967ac512b0 nmethod 2175 0x000001966c493690 code [0x000001966c493840, 0x000001966c493de8]
Event: 3.196 Thread 0x000001967ac512b0 2177       4       java.util.HashMap$EntryIterator::next (5 bytes)
Event: 3.200 Thread 0x000001967acb9ed0 2178       3       java.util.zip.ZipEntry::setExtra0 (493 bytes)
Event: 3.202 Thread 0x000001967acb9ed0 nmethod 2178 0x0000019664ccda90 code [0x0000019664ccde20, 0x0000019664ccf918]
Event: 3.202 Thread 0x000001967acb9ed0 2179       3       java.lang.Byte::toUnsignedInt (6 bytes)
Event: 3.202 Thread 0x000001967acb9ed0 nmethod 2179 0x0000019664cd0290 code [0x0000019664cd0420, 0x0000019664cd0518]
Event: 3.202 Thread 0x000001967ac512b0 nmethod 2177 0x000001966c494210 code [0x000001966c4943a0, 0x000001966c4945f8]
Event: 3.202 Thread 0x000001967ac512b0 2176       4       java.util.jar.Attributes::size (10 bytes)
Event: 3.202 Thread 0x000001967acb9ed0 2181       3       org.eclipse.osgi.framework.util.CaseInsensitiveDictionaryMap$KeyIterator::next (27 bytes)
Event: 3.203 Thread 0x000001967acb9ed0 nmethod 2181 0x0000019664cd0590 code [0x0000019664cd0740, 0x0000019664cd0b28]
Event: 3.203 Thread 0x000001967acb9ed0 2182   !   3       org.eclipse.osgi.storage.BundleInfo$Generation::getRawHeaders (323 bytes)
Event: 3.203 Thread 0x000001967ac512b0 nmethod 2176 0x000001966c494790 code [0x000001966c494900, 0x000001966c4949b8]
Event: 3.203 Thread 0x000001967ac512b0 2180       4       java.util.zip.ZipUtils::get16 (21 bytes)
Event: 3.203 Thread 0x000001967ac512b0 nmethod 2180 0x000001966c494a90 code [0x000001966c494c00, 0x000001966c494cb8]
Event: 3.204 Thread 0x000001967ac512b0 2183 %     4       org.eclipse.osgi.util.ManifestElement::readLine @ 0 (122 bytes)
Event: 3.205 Thread 0x000001967acb9ed0 nmethod 2182 0x0000019664cd0c10 code [0x0000019664cd10a0, 0x0000019664cd38a8]
Event: 3.207 Thread 0x000001967acb9ed0 2185       3       org.eclipse.osgi.framework.util.CaseInsensitiveDictionaryMap$CaseInsentiveEntry::getValue (10 bytes)
Event: 3.207 Thread 0x000001967acb9ed0 nmethod 2185 0x0000019664cd4d10 code [0x0000019664cd4ec0, 0x0000019664cd5088]
Event: 3.211 Thread 0x000001967acb9ed0 2186       3       java.util.zip.ZipFile$Source::checkExtraFields (161 bytes)

GC Heap History (6 events):
Event: 2.088 GC heap before
{Heap before GC invocations=1 (full 0):
 PSYoungGen      total 29696K, used 25600K [0x00000000eab00000, 0x00000000ecc00000, 0x0000000100000000)
  eden space 25600K, 100% used [0x00000000eab00000,0x00000000ec400000,0x00000000ec400000)
  from space 4096K, 0% used [0x00000000ec800000,0x00000000ec800000,0x00000000ecc00000)
  to   space 4096K, 0% used [0x00000000ec400000,0x00000000ec400000,0x00000000ec800000)
 ParOldGen       total 68608K, used 0K [0x00000000c0000000, 0x00000000c4300000, 0x00000000eab00000)
  object space 68608K, 0% used [0x00000000c0000000,0x00000000c0000000,0x00000000c4300000)
 Metaspace       used 10982K, committed 11200K, reserved 1114112K
  class space    used 1091K, committed 1216K, reserved 1048576K
}
Event: 2.093 GC heap after
{Heap after GC invocations=1 (full 0):
 PSYoungGen      total 29696K, used 3156K [0x00000000eab00000, 0x00000000ecc00000, 0x0000000100000000)
  eden space 25600K, 0% used [0x00000000eab00000,0x00000000eab00000,0x00000000ec400000)
  from space 4096K, 77% used [0x00000000ec400000,0x00000000ec7152f0,0x00000000ec800000)
  to   space 4096K, 0% used [0x00000000ec800000,0x00000000ec800000,0x00000000ecc00000)
 ParOldGen       total 68608K, used 16K [0x00000000c0000000, 0x00000000c4300000, 0x00000000eab00000)
  object space 68608K, 0% used [0x00000000c0000000,0x00000000c0004000,0x00000000c4300000)
 Metaspace       used 10982K, committed 11200K, reserved 1114112K
  class space    used 1091K, committed 1216K, reserved 1048576K
}
Event: 2.625 GC heap before
{Heap before GC invocations=2 (full 0):
 PSYoungGen      total 29696K, used 28756K [0x00000000eab00000, 0x00000000ecc00000, 0x0000000100000000)
  eden space 25600K, 100% used [0x00000000eab00000,0x00000000ec400000,0x00000000ec400000)
  from space 4096K, 77% used [0x00000000ec400000,0x00000000ec7152f0,0x00000000ec800000)
  to   space 4096K, 0% used [0x00000000ec800000,0x00000000ec800000,0x00000000ecc00000)
 ParOldGen       total 68608K, used 16K [0x00000000c0000000, 0x00000000c4300000, 0x00000000eab00000)
  object space 68608K, 0% used [0x00000000c0000000,0x00000000c0004000,0x00000000c4300000)
 Metaspace       used 14152K, committed 14336K, reserved 1114112K
  class space    used 1412K, committed 1472K, reserved 1048576K
}
Event: 2.631 GC heap after
{Heap after GC invocations=2 (full 0):
 PSYoungGen      total 29696K, used 4067K [0x00000000eab00000, 0x00000000ecc00000, 0x0000000100000000)
  eden space 25600K, 0% used [0x00000000eab00000,0x00000000eab00000,0x00000000ec400000)
  from space 4096K, 99% used [0x00000000ec800000,0x00000000ecbf8f90,0x00000000ecc00000)
  to   space 4096K, 0% used [0x00000000ec400000,0x00000000ec400000,0x00000000ec800000)
 ParOldGen       total 68608K, used 1790K [0x00000000c0000000, 0x00000000c4300000, 0x00000000eab00000)
  object space 68608K, 2% used [0x00000000c0000000,0x00000000c01bfb98,0x00000000c4300000)
 Metaspace       used 14152K, committed 14336K, reserved 1114112K
  class space    used 1412K, committed 1472K, reserved 1048576K
}
Event: 3.010 GC heap before
{Heap before GC invocations=3 (full 0):
 PSYoungGen      total 29696K, used 29667K [0x00000000eab00000, 0x00000000ecc00000, 0x0000000100000000)
  eden space 25600K, 100% used [0x00000000eab00000,0x00000000ec400000,0x00000000ec400000)
  from space 4096K, 99% used [0x00000000ec800000,0x00000000ecbf8f90,0x00000000ecc00000)
  to   space 4096K, 0% used [0x00000000ec400000,0x00000000ec400000,0x00000000ec800000)
 ParOldGen       total 68608K, used 1790K [0x00000000c0000000, 0x00000000c4300000, 0x00000000eab00000)
  object space 68608K, 2% used [0x00000000c0000000,0x00000000c01bfb98,0x00000000c4300000)
 Metaspace       used 15140K, committed 15424K, reserved 1114112K
  class space    used 1516K, committed 1664K, reserved 1048576K
}
Event: 3.019 GC heap after
{Heap after GC invocations=3 (full 0):
 PSYoungGen      total 29696K, used 4067K [0x00000000eab00000, 0x00000000ecc00000, 0x0000000100000000)
  eden space 25600K, 0% used [0x00000000eab00000,0x00000000eab00000,0x00000000ec400000)
  from space 4096K, 99% used [0x00000000ec400000,0x00000000ec7f8f90,0x00000000ec800000)
  to   space 4096K, 0% used [0x00000000ec800000,0x00000000ec800000,0x00000000ecc00000)
 ParOldGen       total 68608K, used 3673K [0x00000000c0000000, 0x00000000c4300000, 0x00000000eab00000)
  object space 68608K, 5% used [0x00000000c0000000,0x00000000c0396730,0x00000000c4300000)
 Metaspace       used 15140K, committed 15424K, reserved 1114112K
  class space    used 1516K, committed 1664K, reserved 1048576K
}

Dll operation events (9 events):
Event: 0.006 Loaded shared library c:\Softwares\vscode\Extensions\redhat.java-1.34.0-win32-x64\jre\17.0.12-win32-x86_64\bin\java.dll
Event: 0.306 Loaded shared library c:\Softwares\vscode\Extensions\redhat.java-1.34.0-win32-x64\jre\17.0.12-win32-x86_64\bin\zip.dll
Event: 0.309 Loaded shared library C:\Softwares\vscode\Extensions\redhat.java-1.34.0-win32-x64\jre\17.0.12-win32-x86_64\bin\instrument.dll
Event: 0.393 Loaded shared library C:\Softwares\vscode\Extensions\redhat.java-1.34.0-win32-x64\jre\17.0.12-win32-x86_64\bin\net.dll
Event: 0.395 Loaded shared library C:\Softwares\vscode\Extensions\redhat.java-1.34.0-win32-x64\jre\17.0.12-win32-x86_64\bin\nio.dll
Event: 0.401 Loaded shared library C:\Softwares\vscode\Extensions\redhat.java-1.34.0-win32-x64\jre\17.0.12-win32-x86_64\bin\zip.dll
Event: 0.419 Loaded shared library C:\Softwares\vscode\Extensions\redhat.java-1.34.0-win32-x64\jre\17.0.12-win32-x86_64\bin\jimage.dll
Event: 0.514 Loaded shared library c:\Softwares\vscode\Extensions\redhat.java-1.34.0-win32-x64\jre\17.0.12-win32-x86_64\bin\verify.dll
Event: 2.940 Loaded shared library C:\AppData\Roaming\Code\User\globalStorage\redhat.java\1.34.0\config_win\org.eclipse.equinox.launcher\org.eclipse.equinox.launcher.win32.win32.x86_64_1.2.1100.v20240722-2106\eclipse_11904.dll

Deoptimization events (20 events):
Event: 3.106 Thread 0x000001967ca59160 Uncommon trap: trap_request=0xffffff45 fr.pc=0x000001966c3cd7c8 relative=0x0000000000000048
Event: 3.106 Thread 0x000001967ca59160 Uncommon trap: reason=unstable_if action=reinterpret pc=0x000001966c3cd7c8 method=java.lang.CharacterData.of(I)Ljava/lang/CharacterData; @ 4 c2
Event: 3.106 Thread 0x000001967ca59160 DEOPT PACKING pc=0x000001966c3cd7c8 sp=0x0000002de61fd1f0
Event: 3.106 Thread 0x000001967ca59160 DEOPT UNPACKING pc=0x000001966be566a3 sp=0x0000002de61fd188 mode 2
Event: 3.118 Thread 0x000001967ca59160 Uncommon trap: trap_request=0xffffffde fr.pc=0x000001966c44f228 relative=0x0000000000000088
Event: 3.118 Thread 0x000001967ca59160 Uncommon trap: reason=class_check action=maybe_recompile pc=0x000001966c44f228 method=org.eclipse.osgi.internal.container.InternalUtils$CopyOnFirstWriteList.size()I @ 4 c2
Event: 3.118 Thread 0x000001967ca59160 DEOPT PACKING pc=0x000001966c44f228 sp=0x0000002de61fe200
Event: 3.118 Thread 0x000001967ca59160 DEOPT UNPACKING pc=0x000001966be566a3 sp=0x0000002de61fe190 mode 2
Event: 3.119 Thread 0x000001967ca59160 Uncommon trap: trap_request=0xffffffde fr.pc=0x000001966c44f228 relative=0x0000000000000088
Event: 3.119 Thread 0x000001967ca59160 Uncommon trap: reason=class_check action=maybe_recompile pc=0x000001966c44f228 method=org.eclipse.osgi.internal.container.InternalUtils$CopyOnFirstWriteList.size()I @ 4 c2
Event: 3.119 Thread 0x000001967ca59160 DEOPT PACKING pc=0x000001966c44f228 sp=0x0000002de61fe200
Event: 3.119 Thread 0x000001967ca59160 DEOPT UNPACKING pc=0x000001966be566a3 sp=0x0000002de61fe190 mode 2
Event: 3.120 Thread 0x000001967ca59160 Uncommon trap: trap_request=0xffffffde fr.pc=0x000001966c44f228 relative=0x0000000000000088
Event: 3.120 Thread 0x000001967ca59160 Uncommon trap: reason=class_check action=maybe_recompile pc=0x000001966c44f228 method=org.eclipse.osgi.internal.container.InternalUtils$CopyOnFirstWriteList.size()I @ 4 c2
Event: 3.120 Thread 0x000001967ca59160 DEOPT PACKING pc=0x000001966c44f228 sp=0x0000002de61fe200
Event: 3.120 Thread 0x000001967ca59160 DEOPT UNPACKING pc=0x000001966be566a3 sp=0x0000002de61fe190 mode 2
Event: 3.124 Thread 0x000001967ca59160 Uncommon trap: trap_request=0xffffffde fr.pc=0x000001966c44f228 relative=0x0000000000000088
Event: 3.124 Thread 0x000001967ca59160 Uncommon trap: reason=class_check action=maybe_recompile pc=0x000001966c44f228 method=org.eclipse.osgi.internal.container.InternalUtils$CopyOnFirstWriteList.size()I @ 4 c2
Event: 3.124 Thread 0x000001967ca59160 DEOPT PACKING pc=0x000001966c44f228 sp=0x0000002de61fe2e0
Event: 3.124 Thread 0x000001967ca59160 DEOPT UNPACKING pc=0x000001966be566a3 sp=0x0000002de61fe270 mode 2

Classes loaded (20 events):
Event: 3.104 Loading class java/util/function/IntConsumer
Event: 3.104 Loading class java/util/function/IntConsumer done
Event: 3.104 Loading class java/util/stream/Sink$OfInt done
Event: 3.104 Loading class java/util/stream/FindOps$FindSink$OfInt done
Event: 3.104 Loading class java/util/OptionalInt
Event: 3.104 Loading class java/util/OptionalInt done
Event: 3.105 Loading class java/util/stream/IntPipeline$10$1
Event: 3.105 Loading class java/util/stream/Sink$ChainedInt
Event: 3.105 Loading class java/util/stream/Sink$ChainedInt done
Event: 3.105 Loading class java/util/stream/IntPipeline$10$1 done
Event: 3.105 Loading class java/lang/StringUTF16$CharsSpliterator
Event: 3.106 Loading class java/lang/StringUTF16$CharsSpliterator done
Event: 3.106 Loading class java/lang/CharacterData00
Event: 3.106 Loading class java/lang/CharacterData00 done
Event: 3.107 Loading class java/time/LocalTime$1
Event: 3.107 Loading class java/time/LocalTime$1 done
Event: 3.107 Loading class java/util/Formattable
Event: 3.107 Loading class java/util/Formattable done
Event: 3.108 Loading class java/io/InterruptedIOException
Event: 3.108 Loading class java/io/InterruptedIOException done

Classes unloaded (0 events):
No events

Classes redefined (0 events):
No events

Internal exceptions (20 events):
Event: 2.050 Thread 0x0000019661c48d00 Implicit null exception at 0x000001966c3e72db to 0x000001966c3e7ca0
Event: 2.050 Thread 0x0000019661c48d00 Implicit null exception at 0x000001966c3f50ec to 0x000001966c3f52cc
Event: 2.051 Thread 0x0000019661c48d00 Implicit null exception at 0x000001966c3ead6c to 0x000001966c3eaf4c
Event: 2.051 Thread 0x0000019661c48d00 Implicit null exception at 0x000001966c3eaa0f to 0x000001966c3eaa85
Event: 2.085 Thread 0x0000019661c48d00 Exception <a 'java/lang/NoSuchMethodError'{0x00000000ec3e7240}: 'int java.lang.invoke.DirectMethodHandle$Holder.invokeStaticInit(java.lang.Object, java.lang.Object, java.lang.Object, java.lang.Object)'> (0x00000000ec3e7240) 
thrown [s\src\hotspot\share\interpreter\linkResolver.cpp, line 759]
Event: 2.086 Thread 0x0000019661c48d00 Exception <a 'java/lang/NoSuchMethodError'{0x00000000ec3f18a0}: 'java.lang.Object java.lang.invoke.DirectMethodHandle$Holder.invokeInterface(java.lang.Object, java.lang.Object)'> (0x00000000ec3f18a0) 
thrown [s\src\hotspot\share\interpreter\linkResolver.cpp, line 759]
Event: 2.086 Thread 0x0000019661c48d00 Exception <a 'java/lang/IncompatibleClassChangeError'{0x00000000ec3f5098}: Found class java.lang.Object, but interface was expected> (0x00000000ec3f5098) 
thrown [s\src\hotspot\share\interpreter\linkResolver.cpp, line 826]
Event: 2.087 Thread 0x0000019661c48d00 Exception <a 'java/lang/NoSuchMethodError'{0x00000000ec3f9578}: 'void java.lang.invoke.DirectMethodHandle$Holder.invokeStatic(java.lang.Object, java.lang.Object)'> (0x00000000ec3f9578) 
thrown [s\src\hotspot\share\interpreter\linkResolver.cpp, line 759]
Event: 2.087 Thread 0x0000019661c48d00 Exception <a 'java/lang/NoSuchMethodError'{0x00000000ec3fcd78}: 'void java.lang.invoke.DirectMethodHandle$Holder.invokeStaticInit(java.lang.Object, java.lang.Object)'> (0x00000000ec3fcd78) 
thrown [s\src\hotspot\share\interpreter\linkResolver.cpp, line 759]
Event: 2.094 Thread 0x0000019661c48d00 Exception <a 'java/lang/NoSuchMethodError'{0x00000000eab04730}: 'int java.lang.invoke.DirectMethodHandle$Holder.invokeStaticInit(java.lang.Object, java.lang.Object)'> (0x00000000eab04730) 
thrown [s\src\hotspot\share\interpreter\linkResolver.cpp, line 759]
Event: 2.122 Thread 0x0000019661c48d00 Exception <a 'java/lang/NoSuchMethodError'{0x00000000eac4e8b0}: 'void java.lang.invoke.DirectMethodHandle$Holder.invokeSpecial(java.lang.Object, java.lang.Object, java.lang.Object)'> (0x00000000eac4e8b0) 
thrown [s\src\hotspot\share\interpreter\linkResolver.cpp, line 759]
Event: 2.410 Thread 0x0000019661c48d00 Exception <a 'java/lang/NoSuchMethodError'{0x00000000eba0f8c0}: 'java.lang.Object java.lang.invoke.DirectMethodHandle$Holder.newInvokeSpecial(java.lang.Object, int, java.lang.Object)'> (0x00000000eba0f8c0) 
thrown [s\src\hotspot\share\interpreter\linkResolver.cpp, line 759]
Event: 2.604 Thread 0x0000019661c48d00 Exception <a 'java/lang/NoSuchMethodError'{0x00000000ec0ce7c8}: 'int java.lang.invoke.DirectMethodHandle$Holder.invokeSpecial(java.lang.Object, java.lang.Object, java.lang.Object)'> (0x00000000ec0ce7c8) 
thrown [s\src\hotspot\share\interpreter\linkResolver.cpp, line 759]
Event: 2.937 Thread 0x0000019661c48d00 Exception <a 'java/lang/UnsatisfiedLinkError'{0x00000000ec0eb040}: 'void org.eclipse.equinox.launcher.JNIBridge._update_splash()'> (0x00000000ec0eb040) 
thrown [s\src\hotspot\share\prims\nativeLookup.cpp, line 543]
Event: 3.007 Thread 0x000001967ca59160 Exception <a 'java/lang/NoSuchMethodError'{0x00000000ec3f06a0}: 'java.lang.Object java.lang.invoke.DirectMethodHandle$Holder.invokeStaticInit(java.lang.Object)'> (0x00000000ec3f06a0) 
thrown [s\src\hotspot\share\interpreter\linkResolver.cpp, line 759]
Event: 3.038 Thread 0x000001967ca59160 Exception <a 'java/lang/NoSuchMethodError'{0x00000000eabb21c0}: 'java.lang.Object java.lang.invoke.DirectMethodHandle$Holder.newInvokeSpecial(java.lang.Object, java.lang.Object, int, java.lang.Object)'> (0x00000000eabb21c0) 
thrown [s\src\hotspot\share\interpreter\linkResolver.cpp, line 759]
Event: 3.038 Thread 0x000001967ca59160 Exception <a 'java/lang/NoSuchMethodError'{0x00000000eabb6710}: 'java.lang.Object java.lang.invoke.DirectMethodHandle$Holder.invokeSpecial(java.lang.Object, java.lang.Object, java.lang.Object, int, java.lang.Object)'> (0x00000000eabb6710) 
thrown [s\src\hotspot\share\interpreter\linkResolver.cpp, line 759]
Event: 3.081 Thread 0x000001967ca59160 Exception <a 'java/lang/ClassNotFoundException'{0x00000000eae803c8}: sun/util/logging/resources/spi/loggingProvider> (0x00000000eae803c8) 
thrown [s\src\hotspot\share\classfile\systemDictionary.cpp, line 256]
Event: 3.108 Thread 0x000001967ca59160 Exception <a 'java/io/IOException'{0x00000000eb064720}> (0x00000000eb064720) 
thrown [s\src\hotspot\share\prims\jni.cpp, line 516]
Event: 3.111 Thread 0x000001967ca59160 Exception <a 'java/io/IOException'{0x00000000eb0979d0}> (0x00000000eb0979d0) 
thrown [s\src\hotspot\share\prims\jni.cpp, line 516]

VM Operations (20 events):
Event: 2.405 Executing VM operation: HandshakeAllThreads
Event: 2.405 Executing VM operation: HandshakeAllThreads done
Event: 2.625 Executing VM operation: ParallelGCFailedAllocation
Event: 2.631 Executing VM operation: ParallelGCFailedAllocation done
Event: 2.664 Executing VM operation: HandshakeAllThreads
Event: 2.664 Executing VM operation: HandshakeAllThreads done
Event: 2.933 Executing VM operation: ICBufferFull
Event: 2.933 Executing VM operation: ICBufferFull done
Event: 2.992 Executing VM operation: HandshakeAllThreads
Event: 2.992 Executing VM operation: HandshakeAllThreads done
Event: 3.010 Executing VM operation: ParallelGCFailedAllocation
Event: 3.019 Executing VM operation: ParallelGCFailedAllocation done
Event: 3.066 Executing VM operation: HandshakeAllThreads
Event: 3.066 Executing VM operation: HandshakeAllThreads done
Event: 3.092 Executing VM operation: HandshakeAllThreads
Event: 3.093 Executing VM operation: HandshakeAllThreads done
Event: 3.106 Executing VM operation: HandshakeAllThreads
Event: 3.106 Executing VM operation: HandshakeAllThreads done
Event: 3.127 Executing VM operation: HandshakeAllThreads
Event: 3.127 Executing VM operation: HandshakeAllThreads done

Events (20 events):
Event: 0.727 Thread 0x000001967af31bc0 Thread added: 0x000001967af31bc0
Event: 1.059 Thread 0x000001967beab3d0 Thread added: 0x000001967beab3d0
Event: 1.068 Thread 0x000001967bde9000 Thread added: 0x000001967bde9000
Event: 1.353 Thread 0x000001967bde9000 Thread exited: 0x000001967bde9000
Event: 1.353 Thread 0x000001967beab3d0 Thread exited: 0x000001967beab3d0
Event: 1.364 Thread 0x000001967bde9000 Thread added: 0x000001967bde9000
Event: 1.681 Thread 0x000001967be76ff0 Thread added: 0x000001967be76ff0
Event: 2.076 Thread 0x000001967be76ff0 Thread exited: 0x000001967be76ff0
Event: 2.361 Thread 0x000001967c55bc10 Thread added: 0x000001967c55bc10
Event: 2.578 Thread 0x000001967c4f2520 Thread added: 0x000001967c4f2520
Event: 2.616 Thread 0x000001967c4f2a40 Thread added: 0x000001967c4f2a40
Event: 2.617 Thread 0x000001967c4f2f20 Thread added: 0x000001967c4f2f20
Event: 2.617 Thread 0x000001967c7e7390 Thread added: 0x000001967c7e7390
Event: 2.617 Thread 0x000001967c7e7870 Thread added: 0x000001967c7e7870
Event: 2.617 Thread 0x000001967c7e7d50 Thread added: 0x000001967c7e7d50
Event: 2.617 Thread 0x000001967ca59670 Thread added: 0x000001967ca59670
Event: 2.617 Thread 0x000001967ca57d20 Thread added: 0x000001967ca57d20
Event: 2.617 Thread 0x000001967ca58740 Thread added: 0x000001967ca58740
Event: 2.678 Thread 0x000001967ca58c50 Thread added: 0x000001967ca58c50
Event: 2.937 Thread 0x000001967ca59160 Thread added: 0x000001967ca59160


Dynamic libraries:
0x00007ff7eb7e0000 - 0x00007ff7eb7ee000 	c:\Softwares\vscode\Extensions\redhat.java-1.34.0-win32-x64\jre\17.0.12-win32-x86_64\bin\java.exe
0x00007ffbcf0d0000 - 0x00007ffbcf2c8000 	C:\windows\SYSTEM32\ntdll.dll
0x00007ffbcd0d0000 - 0x00007ffbcd191000 	C:\windows\System32\KERNEL32.DLL
0x00007ffbccc00000 - 0x00007ffbccef6000 	C:\windows\System32\KERNELBASE.dll
0x00007ffbc9490000 - 0x00007ffbc9524000 	C:\windows\SYSTEM32\apphelp.dll
0x00007ffbccf00000 - 0x00007ffbcd000000 	C:\windows\System32\ucrtbase.dll
0x00007ffba6930000 - 0x00007ffba694b000 	c:\Softwares\vscode\Extensions\redhat.java-1.34.0-win32-x64\jre\17.0.12-win32-x86_64\bin\VCRUNTIME140.dll
0x00007ffbb1ae0000 - 0x00007ffbb1af7000 	c:\Softwares\vscode\Extensions\redhat.java-1.34.0-win32-x64\jre\17.0.12-win32-x86_64\bin\jli.dll
0x00007ffbce6e0000 - 0x00007ffbce87f000 	C:\windows\System32\USER32.dll
0x00007ffbbb420000 - 0x00007ffbbb6ba000 	C:\windows\WinSxS\amd64_microsoft.windows.common-controls_6595b64144ccf1df_6.0.19041.4355_none_60b8b9eb71f62e16\COMCTL32.dll
0x00007ffbcd030000 - 0x00007ffbcd052000 	C:\windows\System32\win32u.dll
0x00007ffbcda00000 - 0x00007ffbcda9e000 	C:\windows\System32\msvcrt.dll
0x00007ffbce580000 - 0x00007ffbce5ab000 	C:\windows\System32\GDI32.dll
0x00007ffbcc750000 - 0x00007ffbcc867000 	C:\windows\System32\gdi32full.dll
0x00007ffbccb60000 - 0x00007ffbccbfd000 	C:\windows\System32\msvcp_win.dll
0x00007ffbce880000 - 0x00007ffbce8af000 	C:\windows\System32\IMM32.DLL
0x00007ffbb6ad0000 - 0x00007ffbb6adc000 	c:\Softwares\vscode\Extensions\redhat.java-1.34.0-win32-x64\jre\17.0.12-win32-x86_64\bin\vcruntime140_1.dll
0x00007ffb7c6a0000 - 0x00007ffb7c72d000 	c:\Softwares\vscode\Extensions\redhat.java-1.34.0-win32-x64\jre\17.0.12-win32-x86_64\bin\msvcp140.dll
0x00007ffb5e2b0000 - 0x00007ffb5ef1a000 	c:\Softwares\vscode\Extensions\redhat.java-1.34.0-win32-x64\jre\17.0.12-win32-x86_64\bin\server\jvm.dll
0x00007ffbce4d0000 - 0x00007ffbce580000 	C:\windows\System32\ADVAPI32.dll
0x00007ffbce640000 - 0x00007ffbce6e0000 	C:\windows\System32\sechost.dll
0x00007ffbcd8d0000 - 0x00007ffbcd9f3000 	C:\windows\System32\RPCRT4.dll
0x00007ffbcd000000 - 0x00007ffbcd027000 	C:\windows\System32\bcrypt.dll
0x00007ffbcef80000 - 0x00007ffbcefeb000 	C:\windows\System32\WS2_32.dll
0x00007ffbcc5a0000 - 0x00007ffbcc5eb000 	C:\windows\SYSTEM32\POWRPROF.dll
0x00007ffbc0ce0000 - 0x00007ffbc0cea000 	C:\windows\SYSTEM32\VERSION.dll
0x00007ffbc16c0000 - 0x00007ffbc16e7000 	C:\windows\SYSTEM32\WINMM.dll
0x00007ffbcc580000 - 0x00007ffbcc592000 	C:\windows\SYSTEM32\UMPDC.dll
0x00007ffbca3d0000 - 0x00007ffbca3e2000 	C:\windows\SYSTEM32\kernel.appcore.dll
0x00007ffbb1ad0000 - 0x00007ffbb1ada000 	c:\Softwares\vscode\Extensions\redhat.java-1.34.0-win32-x64\jre\17.0.12-win32-x86_64\bin\jimage.dll
0x00007ffbb6e30000 - 0x00007ffbb7014000 	C:\windows\SYSTEM32\DBGHELP.DLL
0x00007ffbbb090000 - 0x00007ffbbb0c4000 	C:\windows\SYSTEM32\dbgcore.DLL
0x00007ffbcc9d0000 - 0x00007ffbcca52000 	C:\windows\System32\bcryptPrimitives.dll
0x00007ffbac6f0000 - 0x00007ffbac6fe000 	c:\Softwares\vscode\Extensions\redhat.java-1.34.0-win32-x64\jre\17.0.12-win32-x86_64\bin\instrument.dll
0x00007ffba6900000 - 0x00007ffba6925000 	c:\Softwares\vscode\Extensions\redhat.java-1.34.0-win32-x64\jre\17.0.12-win32-x86_64\bin\java.dll
0x00007ffba6760000 - 0x00007ffba6778000 	c:\Softwares\vscode\Extensions\redhat.java-1.34.0-win32-x64\jre\17.0.12-win32-x86_64\bin\zip.dll
0x00007ffbcdd60000 - 0x00007ffbce4cc000 	C:\windows\System32\SHELL32.dll
0x00007ffbca5d0000 - 0x00007ffbcad6e000 	C:\windows\SYSTEM32\windows.storage.dll
0x00007ffbcea90000 - 0x00007ffbcede3000 	C:\windows\System32\combase.dll
0x00007ffbcbfc0000 - 0x00007ffbcbfee000 	C:\windows\SYSTEM32\Wldp.dll
0x00007ffbce9c0000 - 0x00007ffbcea8d000 	C:\windows\System32\OLEAUT32.dll
0x00007ffbce910000 - 0x00007ffbce9bd000 	C:\windows\System32\SHCORE.dll
0x00007ffbcdb20000 - 0x00007ffbcdb75000 	C:\windows\System32\shlwapi.dll
0x00007ffbcc680000 - 0x00007ffbcc6a4000 	C:\windows\SYSTEM32\profapi.dll
0x00007ffba0990000 - 0x00007ffba09a9000 	C:\Softwares\vscode\Extensions\redhat.java-1.34.0-win32-x64\jre\17.0.12-win32-x86_64\bin\net.dll
0x00007ffbc7240000 - 0x00007ffbc734a000 	C:\windows\SYSTEM32\WINHTTP.dll
0x00007ffbcbda0000 - 0x00007ffbcbe0a000 	C:\windows\system32\mswsock.dll
0x00007ffb986d0000 - 0x00007ffb986e6000 	C:\Softwares\vscode\Extensions\redhat.java-1.34.0-win32-x64\jre\17.0.12-win32-x86_64\bin\nio.dll
0x00007ffbac5a0000 - 0x00007ffbac5b0000 	c:\Softwares\vscode\Extensions\redhat.java-1.34.0-win32-x64\jre\17.0.12-win32-x86_64\bin\verify.dll
0x00007ffb7c8f0000 - 0x00007ffb7c935000 	C:\AppData\Roaming\Code\User\globalStorage\redhat.java\1.34.0\config_win\org.eclipse.equinox.launcher\org.eclipse.equinox.launcher.win32.win32.x86_64_1.2.1100.v20240722-2106\eclipse_11904.dll
0x00007ffbcdc30000 - 0x00007ffbcdd5b000 	C:\windows\System32\ole32.dll

dbghelp: loaded successfully - version: 4.0.5 - missing functions: none
symbol engine: initialized successfully - sym options: 0x614 - pdb path: .;c:\Softwares\vscode\Extensions\redhat.java-1.34.0-win32-x64\jre\17.0.12-win32-x86_64\bin;C:\windows\SYSTEM32;C:\windows\WinSxS\amd64_microsoft.windows.common-controls_6595b64144ccf1df_6.0.19041.4355_none_60b8b9eb71f62e16;c:\Softwares\vscode\Extensions\redhat.java-1.34.0-win32-x64\jre\17.0.12-win32-x86_64\bin\server;C:\AppData\Roaming\Code\User\globalStorage\redhat.java\1.34.0\config_win\org.eclipse.equinox.launcher\org.eclipse.equinox.launcher.win32.win32.x86_64_1.2.1100.v20240722-2106

VM Arguments:
jvm_args: --add-modules=ALL-SYSTEM --add-opens=java.base/java.util=ALL-UNNAMED --add-opens=java.base/java.lang=ALL-UNNAMED --add-opens=java.base/sun.nio.fs=ALL-UNNAMED -Declipse.application=org.eclipse.jdt.ls.core.id1 -Dosgi.bundles.defaultStartLevel=4 -Declipse.product=org.eclipse.jdt.ls.core.product -Djava.import.generatesMetadataFilesAtProjectRoot=false -DDetectVMInstallationsJob.disabled=true -Dfile.encoding=utf8 -XX:+UseParallelGC -XX:GCTimeRatio=4 -XX:AdaptiveSizePolicyWeight=90 -Dsun.zip.disableMemoryMapping=true -Xmx1G -Xms100m -Xlog:disable -javaagent:c:\Softwares\vscode\Extensions\redhat.java-1.34.0-win32-x64\lombok\lombok-1.18.33.jar -XX:+HeapDumpOnOutOfMemoryError -XX:HeapDumpPath=c:\AppData\Roaming\Code\User\workspaceStorage\41a76ab1ca7e31021153c9ba286888ef\redhat.java -Daether.dependencyCollector.impl=bf 
java_command: c:\Softwares\vscode\Extensions\redhat.java-1.34.0-win32-x64\server\plugins\org.eclipse.equinox.launcher_1.6.900.v20240613-2009.jar -configuration c:\AppData\Roaming\Code\User\globalStorage\redhat.java\1.34.0\config_win -data c:\AppData\Roaming\Code\User\workspaceStorage\41a76ab1ca7e31021153c9ba286888ef\redhat.java\jdt_ws --pipe=\\.\pipe\lsp-5c2b8b76c949a5785b79abe2f6fa7c2b-sock
java_class_path (initial): c:\Softwares\vscode\Extensions\redhat.java-1.34.0-win32-x64\server\plugins\org.eclipse.equinox.launcher_1.6.900.v20240613-2009.jar
Launcher Type: SUN_STANDARD

[Global flags]
    uintx AdaptiveSizePolicyWeight                 = 90                                        {product} {command line}
     intx CICompilerCount                          = 4                                         {product} {ergonomic}
    uintx GCTimeRatio                              = 4                                         {product} {command line}
     bool HeapDumpOnOutOfMemoryError               = true                                   {manageable} {command line}
    ccstr HeapDumpPath                             = c:\AppData\Roaming\Code\User\workspaceStorage\41a76ab1ca7e31021153c9ba286888ef\redhat.java         {manageable} {command line}
   size_t InitialHeapSize                          = 104857600                                 {product} {command line}
   size_t MaxHeapSize                              = 1073741824                                {product} {command line}
   size_t MaxNewSize                               = 357564416                                 {product} {ergonomic}
   size_t MinHeapDeltaBytes                        = 524288                                    {product} {ergonomic}
   size_t MinHeapSize                              = 104857600                                 {product} {command line}
   size_t NewSize                                  = 34603008                                  {product} {ergonomic}
    uintx NonNMethodCodeHeapSize                   = 5839372                                {pd product} {ergonomic}
    uintx NonProfiledCodeHeapSize                  = 122909434                              {pd product} {ergonomic}
   size_t OldSize                                  = 70254592                                  {product} {ergonomic}
    uintx ProfiledCodeHeapSize                     = 122909434                              {pd product} {ergonomic}
    uintx ReservedCodeCacheSize                    = 251658240                              {pd product} {ergonomic}
     bool SegmentedCodeCache                       = true                                      {product} {ergonomic}
   size_t SoftMaxHeapSize                          = 1073741824                             {manageable} {ergonomic}
     bool UseCompressedClassPointers               = true                           {product lp64_product} {ergonomic}
     bool UseCompressedOops                        = true                           {product lp64_product} {ergonomic}
     bool UseLargePagesIndividualAllocation        = false                                  {pd product} {ergonomic}
     bool UseParallelGC                            = true                                      {product} {command line}

Logging:
Log output configuration:
 #0: stdout all=off uptime,level,tags
 #1: stderr all=off uptime,level,tags

Environment Variables:
JAVA_HOME=C:\Program Files\Java\jdk-18.0.2.1
PATH=C:\Users\labsfiap\bin;C:\Program Files\Git\mingw64\bin;C:\Program Files\Git\usr\local\bin;C:\Program Files\Git\usr\bin;C:\Program Files\Git\usr\bin;C:\Program Files\Git\mingw64\bin;C:\Program Files\Git\usr\bin;C:\Users\labsfiap\bin;C:\Program Files (x86)\VMware\VMware Workstation\bin;C:\Program Files\Microsoft SDKs\Azure\CLI2\wbin;C:\Program Files\Microsoft MPI\Bin;C:\Program Files\Python312\Scripts;C:\Program Files\Python312;C:\Program Files (x86)\NVIDIA Corporation\PhysX\Common;C:\Program Files\Java\jdk-18.0.2.1\bin;C:\OpenSource\gradle-8.7\bin;C:\OpenSource\flutter_windows_3.19.4-stable\flutter\bin;C:\windows\system32;C:\windows;C:\windows\System32\Wbem;C:\windows\System32\WindowsPowerShell\v1.0;C:\windows\System32\OpenSSH;C:\ProgramData\chocolatey\bin;C:\Program Files\dotnet;C:\Program Files\Common Files\Autodesk Shared;C:\Program Files\Microsoft VS Code\bin;C:\Program Files\Amazon\AWSCLIV2;C:\Program Files\Microsoft SQL Server\150\Tools\Binn;C:\Program Files\Microsoft SQL Server\Client SDK\ODBC\170\Tools\Binn;C:\Program Files (x86)\Windows Kits\10\Windows Performance Toolkit;C:\Program Files (x86)\Microsoft SQL Server\160\DTS\Binn;C:\Program Files\GitHub CLI;C:\OpenSource\php-8.3.4-Win32-vs16-x64;C:\Program Files\PuTTY;C:\ProgramData\ComposerSetup\bin;C:\OpenSource\DataCleaner;C:\OpenSource\kafka_2.13-3.7.0\bin;C:\OpenSource\mockito-all-2.0.2-beta.jar;C:\OpenSource\neo4j-community-5.18.1\bin;C:\Program Files\Microchip\xc8\v2.46\bin;C:\Program Files\Microchip\xc-dsc\v3.00\bin;C:\Program Files\Microchip\xc16\v2.10\bin;C:\Program Files\Microchip\xc32\v4.35\bin;C:\Program Files\Rancher Desktop\resources\resources\win32\bin;C:\Program Files\Rancher Desktop\resources\resources\linux\bin;C:\AndroidSDK\tools;C:\AndroidSDK\platform-tools;C:\AndroidSDK\emulator;C:\AndroidSDK;C:\Program Files (x86)\Microsoft SQL Server\150\Tools\Binn;C:\Program Files\Microsoft SQL Server\150\DTS\Binn;C:\Program Files (x86)\Windows Kits\8.1\Windows Performance Toolkit;C:\Program Files\Va
USERNAME=labsfiap
SHELL=C:\Program Files\Git\usr\bin\bash.exe
DISPLAY=needs-to-be-defined
LC_CTYPE=en_US.UTF-8
TERM=xterm
TMPDIR=C:\AppData\Local\Temp
OS=Windows_NT
PROCESSOR_IDENTIFIER=Intel64 Family 6 Model 60 Stepping 3, GenuineIntel
TMP=C:\AppData\Local\Temp
TEMP=C:\AppData\Local\Temp



Periodic native trim disabled


---------------  S Y S T E M  ---------------

OS:
 Windows 10 , 64 bit Build 19041 (10.0.19041.4597)
OS uptime: 0 days 2:47 hours
Hyper-V role detected

CPU: total 8 (initial active 8) (4 cores per cpu, 2 threads per core) family 6 model 60 stepping 3 microcode 0x27, cx8, cmov, fxsr, ht, mmx, sse, sse2, sse3, ssse3, sse4.1, sse4.2, popcnt, lzcnt, tsc, tscinvbit, avx, avx2, aes, erms, clmul, bmi1, bmi2, fma, vzeroupper, clflush, hv
Processor Information for all 8 processors :
  Max Mhz: 3601, Current Mhz: 3601, Mhz Limit: 3601

Memory: 4k page, system-wide physical 16289M (782M free)
TotalPageFile size 16289M (AvailPageFile size 6M)
current process WorkingSet (physical memory assigned to process): 119M, peak: 123M
current process commit charge ("private bytes"): 233M, peak: 235M

vm_info: OpenJDK 64-Bit Server VM (17.0.12+7) for windows-amd64 JRE (17.0.12+7), built on Jul 16 2024 22:08:24 by "admin" with MS VC++ 16.10 / 16.11 (VS2019)

END.
